[0.143s] DEBUG:colcon:Command line arguments: ['/usr/bin/colcon', 'build']
[0.143s] DEBUG:colcon:Parsed command line arguments: Namespace(log_base=None, log_level=None, verb_name='build', build_base='build', install_base='install', merge_install=False, symlink_install=False, test_result_base=None, continue_on_error=False, executor='parallel', parallel_workers=2, event_handlers=None, ignore_user_meta=False, metas=['./colcon.meta'], base_paths=['.'], packages_ignore=None, packages_ignore_regex=None, paths=None, packages_up_to=None, packages_up_to_regex=None, packages_above=None, packages_above_and_dependencies=None, packages_above_depth=None, packages_select_by_dep=None, packages_skip_by_dep=None, packages_skip_up_to=None, packages_select_build_failed=False, packages_skip_build_finished=False, packages_select_test_failures=False, packages_skip_test_passed=False, packages_select=None, packages_skip=None, packages_select_regex=None, packages_skip_regex=None, packages_start=None, packages_end=None, allow_overriding=[], cmake_args=None, cmake_target=None, cmake_target_skip_unavailable=False, cmake_clean_cache=False, cmake_clean_first=False, cmake_force_configure=False, ament_cmake_args=None, catkin_cmake_args=None, catkin_skip_building_tests=False, verb_parser=<colcon_defaults.argument_parser.defaults.DefaultArgumentsDecorator object at 0x735055320730>, verb_extension=<colcon_core.verb.build.BuildVerb object at 0x735055320220>, main=<bound method BuildVerb.main of <colcon_core.verb.build.BuildVerb object at 0x735055320220>>)
[0.340s] Level 1:colcon.colcon_core.package_discovery:discover_packages(colcon_meta) check parameters
[0.340s] Level 1:colcon.colcon_core.package_discovery:discover_packages(recursive) check parameters
[0.340s] Level 1:colcon.colcon_core.package_discovery:discover_packages(ignore) check parameters
[0.340s] Level 1:colcon.colcon_core.package_discovery:discover_packages(path) check parameters
[0.341s] Level 1:colcon.colcon_core.package_discovery:discover_packages(colcon_meta) discover
[0.341s] Level 1:colcon.colcon_core.package_discovery:discover_packages(recursive) discover
[0.341s] INFO:colcon.colcon_core.package_discovery:Crawling recursively for packages in '/home/bcesar/Documents/Git/EECE5554/LAB1'
[0.341s] Level 1:colcon.colcon_core.package_identification:_identify(.) by extensions ['ignore', 'ignore_ament_install']
[0.341s] Level 1:colcon.colcon_core.package_identification:_identify(.) by extension 'ignore'
[0.341s] Level 1:colcon.colcon_core.package_identification:_identify(.) by extension 'ignore_ament_install'
[0.342s] Level 1:colcon.colcon_core.package_identification:_identify(.) by extensions ['colcon_pkg']
[0.342s] Level 1:colcon.colcon_core.package_identification:_identify(.) by extension 'colcon_pkg'
[0.342s] Level 1:colcon.colcon_core.package_identification:_identify(.) by extensions ['colcon_meta']
[0.342s] Level 1:colcon.colcon_core.package_identification:_identify(.) by extension 'colcon_meta'
[0.342s] Level 1:colcon.colcon_core.package_identification:_identify(.) by extensions ['ros']
[0.342s] Level 1:colcon.colcon_core.package_identification:_identify(.) by extension 'ros'
[0.359s] Level 1:colcon.colcon_core.package_identification:_identify(.) by extensions ['cmake', 'python']
[0.359s] Level 1:colcon.colcon_core.package_identification:_identify(.) by extension 'cmake'
[0.359s] Level 1:colcon.colcon_core.package_identification:_identify(.) by extension 'python'
[0.359s] Level 1:colcon.colcon_core.package_identification:_identify(.) by extensions ['python_setup_py']
[0.359s] Level 1:colcon.colcon_core.package_identification:_identify(.) by extension 'python_setup_py'
[0.359s] Level 1:colcon.colcon_core.package_identification:_identify(Structure_Checker) by extensions ['ignore', 'ignore_ament_install']
[0.359s] Level 1:colcon.colcon_core.package_identification:_identify(Structure_Checker) by extension 'ignore'
[0.359s] Level 1:colcon.colcon_core.package_identification:_identify(Structure_Checker) by extension 'ignore_ament_install'
[0.360s] Level 1:colcon.colcon_core.package_identification:_identify(Structure_Checker) by extensions ['colcon_pkg']
[0.360s] Level 1:colcon.colcon_core.package_identification:_identify(Structure_Checker) by extension 'colcon_pkg'
[0.360s] Level 1:colcon.colcon_core.package_identification:_identify(Structure_Checker) by extensions ['colcon_meta']
[0.360s] Level 1:colcon.colcon_core.package_identification:_identify(Structure_Checker) by extension 'colcon_meta'
[0.360s] Level 1:colcon.colcon_core.package_identification:_identify(Structure_Checker) by extensions ['ros']
[0.360s] Level 1:colcon.colcon_core.package_identification:_identify(Structure_Checker) by extension 'ros'
[0.360s] Level 1:colcon.colcon_core.package_identification:_identify(Structure_Checker) by extensions ['cmake', 'python']
[0.360s] Level 1:colcon.colcon_core.package_identification:_identify(Structure_Checker) by extension 'cmake'
[0.360s] Level 1:colcon.colcon_core.package_identification:_identify(Structure_Checker) by extension 'python'
[0.360s] Level 1:colcon.colcon_core.package_identification:_identify(Structure_Checker) by extensions ['python_setup_py']
[0.360s] Level 1:colcon.colcon_core.package_identification:_identify(Structure_Checker) by extension 'python_setup_py'
[0.360s] Level 1:colcon.colcon_core.package_identification:_identify(build) by extensions ['ignore', 'ignore_ament_install']
[0.360s] Level 1:colcon.colcon_core.package_identification:_identify(build) by extension 'ignore'
[0.360s] Level 1:colcon.colcon_core.package_identification:_identify(build) ignored
[0.360s] Level 1:colcon.colcon_core.package_identification:_identify(install) by extensions ['ignore', 'ignore_ament_install']
[0.360s] Level 1:colcon.colcon_core.package_identification:_identify(install) by extension 'ignore'
[0.360s] Level 1:colcon.colcon_core.package_identification:_identify(install) ignored
[0.360s] Level 1:colcon.colcon_core.package_identification:_identify(log) by extensions ['ignore', 'ignore_ament_install']
[0.361s] Level 1:colcon.colcon_core.package_identification:_identify(log) by extension 'ignore'
[0.361s] Level 1:colcon.colcon_core.package_identification:_identify(log) ignored
[0.361s] Level 1:colcon.colcon_core.package_identification:_identify(src) by extensions ['ignore', 'ignore_ament_install']
[0.361s] Level 1:colcon.colcon_core.package_identification:_identify(src) by extension 'ignore'
[0.361s] Level 1:colcon.colcon_core.package_identification:_identify(src) by extension 'ignore_ament_install'
[0.361s] Level 1:colcon.colcon_core.package_identification:_identify(src) by extensions ['colcon_pkg']
[0.361s] Level 1:colcon.colcon_core.package_identification:_identify(src) by extension 'colcon_pkg'
[0.361s] Level 1:colcon.colcon_core.package_identification:_identify(src) by extensions ['colcon_meta']
[0.361s] Level 1:colcon.colcon_core.package_identification:_identify(src) by extension 'colcon_meta'
[0.361s] Level 1:colcon.colcon_core.package_identification:_identify(src) by extensions ['ros']
[0.361s] Level 1:colcon.colcon_core.package_identification:_identify(src) by extension 'ros'
[0.361s] Level 1:colcon.colcon_core.package_identification:_identify(src) by extensions ['cmake', 'python']
[0.361s] Level 1:colcon.colcon_core.package_identification:_identify(src) by extension 'cmake'
[0.361s] Level 1:colcon.colcon_core.package_identification:_identify(src) by extension 'python'
[0.361s] Level 1:colcon.colcon_core.package_identification:_identify(src) by extensions ['python_setup_py']
[0.361s] Level 1:colcon.colcon_core.package_identification:_identify(src) by extension 'python_setup_py'
[0.361s] Level 1:colcon.colcon_core.package_identification:_identify(src/gps_driver) by extensions ['ignore', 'ignore_ament_install']
[0.361s] Level 1:colcon.colcon_core.package_identification:_identify(src/gps_driver) by extension 'ignore'
[0.362s] Level 1:colcon.colcon_core.package_identification:_identify(src/gps_driver) by extension 'ignore_ament_install'
[0.362s] Level 1:colcon.colcon_core.package_identification:_identify(src/gps_driver) by extensions ['colcon_pkg']
[0.362s] Level 1:colcon.colcon_core.package_identification:_identify(src/gps_driver) by extension 'colcon_pkg'
[0.362s] Level 1:colcon.colcon_core.package_identification:_identify(src/gps_driver) by extensions ['colcon_meta']
[0.362s] Level 1:colcon.colcon_core.package_identification:_identify(src/gps_driver) by extension 'colcon_meta'
[0.362s] Level 1:colcon.colcon_core.package_identification:_identify(src/gps_driver) by extensions ['ros']
[0.362s] Level 1:colcon.colcon_core.package_identification:_identify(src/gps_driver) by extension 'ros'
[0.365s] DEBUG:colcon.colcon_core.package_identification:Package 'src/gps_driver' with type 'ros.ament_python' and name 'gps_driver'
[0.365s] Level 1:colcon.colcon_core.package_identification:_identify(src/gps_msg) by extensions ['ignore', 'ignore_ament_install']
[0.365s] Level 1:colcon.colcon_core.package_identification:_identify(src/gps_msg) by extension 'ignore'
[0.365s] Level 1:colcon.colcon_core.package_identification:_identify(src/gps_msg) by extension 'ignore_ament_install'
[0.365s] Level 1:colcon.colcon_core.package_identification:_identify(src/gps_msg) by extensions ['colcon_pkg']
[0.365s] Level 1:colcon.colcon_core.package_identification:_identify(src/gps_msg) by extension 'colcon_pkg'
[0.365s] Level 1:colcon.colcon_core.package_identification:_identify(src/gps_msg) by extensions ['colcon_meta']
[0.365s] Level 1:colcon.colcon_core.package_identification:_identify(src/gps_msg) by extension 'colcon_meta'
[0.365s] Level 1:colcon.colcon_core.package_identification:_identify(src/gps_msg) by extensions ['ros']
[0.365s] Level 1:colcon.colcon_core.package_identification:_identify(src/gps_msg) by extension 'ros'
[0.366s] DEBUG:colcon.colcon_core.package_identification:Package 'src/gps_msg' with type 'ros.ament_cmake' and name 'gps_msg'
[0.366s] Level 1:colcon.colcon_core.package_discovery:discover_packages(recursive) using defaults
[0.366s] Level 1:colcon.colcon_core.package_discovery:discover_packages(ignore) discover
[0.366s] Level 1:colcon.colcon_core.package_discovery:discover_packages(ignore) using defaults
[0.366s] Level 1:colcon.colcon_core.package_discovery:discover_packages(path) discover
[0.366s] Level 1:colcon.colcon_core.package_discovery:discover_packages(path) using defaults
[0.405s] Level 1:colcon.colcon_core.package_discovery:discover_packages(prefix_path) check parameters
[0.405s] Level 1:colcon.colcon_core.package_discovery:discover_packages(prefix_path) discover
[0.408s] DEBUG:colcon.colcon_installed_package_information.package_discovery:Found 2 installed packages in /home/bcesar/Documents/Git/EECE5554/LAB1/install
[0.411s] DEBUG:colcon.colcon_installed_package_information.package_discovery:Found 323 installed packages in /opt/ros/humble
[0.414s] Level 1:colcon.colcon_core.package_discovery:discover_packages(prefix_path) using defaults
[0.471s] Level 5:colcon.colcon_core.verb:set package 'gps_msg' build argument 'cmake_args' from command line to 'None'
[0.471s] Level 5:colcon.colcon_core.verb:set package 'gps_msg' build argument 'cmake_target' from command line to 'None'
[0.471s] Level 5:colcon.colcon_core.verb:set package 'gps_msg' build argument 'cmake_target_skip_unavailable' from command line to 'False'
[0.471s] Level 5:colcon.colcon_core.verb:set package 'gps_msg' build argument 'cmake_clean_cache' from command line to 'False'
[0.472s] Level 5:colcon.colcon_core.verb:set package 'gps_msg' build argument 'cmake_clean_first' from command line to 'False'
[0.472s] Level 5:colcon.colcon_core.verb:set package 'gps_msg' build argument 'cmake_force_configure' from command line to 'False'
[0.472s] Level 5:colcon.colcon_core.verb:set package 'gps_msg' build argument 'ament_cmake_args' from command line to 'None'
[0.472s] Level 5:colcon.colcon_core.verb:set package 'gps_msg' build argument 'catkin_cmake_args' from command line to 'None'
[0.472s] Level 5:colcon.colcon_core.verb:set package 'gps_msg' build argument 'catkin_skip_building_tests' from command line to 'False'
[0.472s] DEBUG:colcon.colcon_core.verb:Building package 'gps_msg' with the following arguments: {'ament_cmake_args': None, 'build_base': '/home/bcesar/Documents/Git/EECE5554/LAB1/build/gps_msg', 'catkin_cmake_args': None, 'catkin_skip_building_tests': False, 'cmake_args': None, 'cmake_clean_cache': False, 'cmake_clean_first': False, 'cmake_force_configure': False, 'cmake_target': None, 'cmake_target_skip_unavailable': False, 'install_base': '/home/bcesar/Documents/Git/EECE5554/LAB1/install/gps_msg', 'merge_install': False, 'path': '/home/bcesar/Documents/Git/EECE5554/LAB1/src/gps_msg', 'symlink_install': False, 'test_result_base': None}
[0.472s] Level 5:colcon.colcon_core.verb:set package 'gps_driver' build argument 'cmake_args' from command line to 'None'
[0.472s] Level 5:colcon.colcon_core.verb:set package 'gps_driver' build argument 'cmake_target' from command line to 'None'
[0.472s] Level 5:colcon.colcon_core.verb:set package 'gps_driver' build argument 'cmake_target_skip_unavailable' from command line to 'False'
[0.472s] Level 5:colcon.colcon_core.verb:set package 'gps_driver' build argument 'cmake_clean_cache' from command line to 'False'
[0.472s] Level 5:colcon.colcon_core.verb:set package 'gps_driver' build argument 'cmake_clean_first' from command line to 'False'
[0.472s] Level 5:colcon.colcon_core.verb:set package 'gps_driver' build argument 'cmake_force_configure' from command line to 'False'
[0.472s] Level 5:colcon.colcon_core.verb:set package 'gps_driver' build argument 'ament_cmake_args' from command line to 'None'
[0.473s] Level 5:colcon.colcon_core.verb:set package 'gps_driver' build argument 'catkin_cmake_args' from command line to 'None'
[0.473s] Level 5:colcon.colcon_core.verb:set package 'gps_driver' build argument 'catkin_skip_building_tests' from command line to 'False'
[0.473s] DEBUG:colcon.colcon_core.verb:Building package 'gps_driver' with the following arguments: {'ament_cmake_args': None, 'build_base': '/home/bcesar/Documents/Git/EECE5554/LAB1/build/gps_driver', 'catkin_cmake_args': None, 'catkin_skip_building_tests': False, 'cmake_args': None, 'cmake_clean_cache': False, 'cmake_clean_first': False, 'cmake_force_configure': False, 'cmake_target': None, 'cmake_target_skip_unavailable': False, 'install_base': '/home/bcesar/Documents/Git/EECE5554/LAB1/install/gps_driver', 'merge_install': False, 'path': '/home/bcesar/Documents/Git/EECE5554/LAB1/src/gps_driver', 'symlink_install': False, 'test_result_base': None}
[0.473s] INFO:colcon.colcon_core.executor:Executing jobs using 'parallel' executor
[0.475s] DEBUG:colcon.colcon_parallel_executor.executor.parallel:run_until_complete
[0.475s] INFO:colcon.colcon_ros.task.ament_cmake.build:Building ROS package in '/home/bcesar/Documents/Git/EECE5554/LAB1/src/gps_msg' with build type 'ament_cmake'
[0.476s] INFO:colcon.colcon_cmake.task.cmake.build:Building CMake package in '/home/bcesar/Documents/Git/EECE5554/LAB1/src/gps_msg'
[0.479s] INFO:colcon.colcon_core.plugin_system:Skipping extension 'colcon_core.shell.bat': Not used on non-Windows systems
[0.479s] INFO:colcon.colcon_core.shell:Skip shell extension 'powershell' for command environment: Not usable outside of PowerShell
[0.479s] DEBUG:colcon.colcon_core.shell:Skip shell extension 'dsv' for command environment
[0.496s] DEBUG:colcon.colcon_core.event_handler.log_command:Invoking command in '/home/bcesar/Documents/Git/EECE5554/LAB1/build/gps_msg': CMAKE_PREFIX_PATH=${CMAKE_PREFIX_PATH}:/home/bcesar/Documents/Git/EECE5554/LAB1/install/gps_driver:/opt/ros/humble /usr/bin/cmake --build /home/bcesar/Documents/Git/EECE5554/LAB1/build/gps_msg -- -j2 -l2
[1.037s] DEBUG:colcon.colcon_core.event_handler.log_command:Invoked command in '/home/bcesar/Documents/Git/EECE5554/LAB1/build/gps_msg' returned '0': CMAKE_PREFIX_PATH=${CMAKE_PREFIX_PATH}:/home/bcesar/Documents/Git/EECE5554/LAB1/install/gps_driver:/opt/ros/humble /usr/bin/cmake --build /home/bcesar/Documents/Git/EECE5554/LAB1/build/gps_msg -- -j2 -l2
[1.054s] DEBUG:colcon.colcon_core.event_handler.log_command:Invoking command in '/home/bcesar/Documents/Git/EECE5554/LAB1/build/gps_msg': CMAKE_PREFIX_PATH=${CMAKE_PREFIX_PATH}:/home/bcesar/Documents/Git/EECE5554/LAB1/install/gps_driver:/opt/ros/humble /usr/bin/cmake --install /home/bcesar/Documents/Git/EECE5554/LAB1/build/gps_msg
[1.150s] Level 1:colcon.colcon_core.environment:create_environment_scripts_only(gps_msg)
[1.152s] DEBUG:colcon.colcon_core.event_handler.log_command:Invoked command in '/home/bcesar/Documents/Git/EECE5554/LAB1/build/gps_msg' returned '0': CMAKE_PREFIX_PATH=${CMAKE_PREFIX_PATH}:/home/bcesar/Documents/Git/EECE5554/LAB1/install/gps_driver:/opt/ros/humble /usr/bin/cmake --install /home/bcesar/Documents/Git/EECE5554/LAB1/build/gps_msg
[1.155s] Level 1:colcon.colcon_core.environment:checking '/home/bcesar/Documents/Git/EECE5554/LAB1/install/gps_msg' for CMake module files
[1.156s] Level 1:colcon.colcon_core.environment:checking '/home/bcesar/Documents/Git/EECE5554/LAB1/install/gps_msg' for CMake config files
[1.156s] Level 1:colcon.colcon_core.shell:create_environment_hook('gps_msg', 'cmake_prefix_path')
[1.157s] INFO:colcon.colcon_core.shell:Creating environment hook '/home/bcesar/Documents/Git/EECE5554/LAB1/install/gps_msg/share/gps_msg/hook/cmake_prefix_path.ps1'
[1.158s] INFO:colcon.colcon_core.shell:Creating environment descriptor '/home/bcesar/Documents/Git/EECE5554/LAB1/install/gps_msg/share/gps_msg/hook/cmake_prefix_path.dsv'
[1.159s] INFO:colcon.colcon_core.shell:Creating environment hook '/home/bcesar/Documents/Git/EECE5554/LAB1/install/gps_msg/share/gps_msg/hook/cmake_prefix_path.sh'
[1.161s] Level 1:colcon.colcon_core.environment:checking '/home/bcesar/Documents/Git/EECE5554/LAB1/install/gps_msg/lib'
[1.161s] Level 1:colcon.colcon_core.shell:create_environment_hook('gps_msg', 'ld_library_path_lib')
[1.162s] INFO:colcon.colcon_core.shell:Creating environment hook '/home/bcesar/Documents/Git/EECE5554/LAB1/install/gps_msg/share/gps_msg/hook/ld_library_path_lib.ps1'
[1.163s] INFO:colcon.colcon_core.shell:Creating environment descriptor '/home/bcesar/Documents/Git/EECE5554/LAB1/install/gps_msg/share/gps_msg/hook/ld_library_path_lib.dsv'
[1.163s] INFO:colcon.colcon_core.shell:Creating environment hook '/home/bcesar/Documents/Git/EECE5554/LAB1/install/gps_msg/share/gps_msg/hook/ld_library_path_lib.sh'
[1.164s] Level 1:colcon.colcon_core.environment:checking '/home/bcesar/Documents/Git/EECE5554/LAB1/install/gps_msg/bin'
[1.164s] Level 1:colcon.colcon_core.environment:checking '/home/bcesar/Documents/Git/EECE5554/LAB1/install/gps_msg/lib/pkgconfig/gps_msg.pc'
[1.165s] Level 1:colcon.colcon_core.environment:checking '/home/bcesar/Documents/Git/EECE5554/LAB1/install/gps_msg/lib/python3.10/site-packages'
[1.165s] Level 1:colcon.colcon_core.environment:checking '/home/bcesar/Documents/Git/EECE5554/LAB1/install/gps_msg/bin'
[1.166s] INFO:colcon.colcon_core.shell:Creating package script '/home/bcesar/Documents/Git/EECE5554/LAB1/install/gps_msg/share/gps_msg/package.ps1'
[1.167s] INFO:colcon.colcon_core.shell:Creating package descriptor '/home/bcesar/Documents/Git/EECE5554/LAB1/install/gps_msg/share/gps_msg/package.dsv'
[1.168s] INFO:colcon.colcon_core.shell:Creating package script '/home/bcesar/Documents/Git/EECE5554/LAB1/install/gps_msg/share/gps_msg/package.sh'
[1.170s] INFO:colcon.colcon_core.shell:Creating package script '/home/bcesar/Documents/Git/EECE5554/LAB1/install/gps_msg/share/gps_msg/package.bash'
[1.171s] INFO:colcon.colcon_core.shell:Creating package script '/home/bcesar/Documents/Git/EECE5554/LAB1/install/gps_msg/share/gps_msg/package.zsh'
[1.173s] Level 1:colcon.colcon_core.environment:create_file_with_runtime_dependencies(/home/bcesar/Documents/Git/EECE5554/LAB1/install/gps_msg/share/colcon-core/packages/gps_msg)
[1.174s] Level 1:colcon.colcon_core.environment:create_environment_scripts_only(gps_msg)
[1.174s] Level 1:colcon.colcon_core.environment:checking '/home/bcesar/Documents/Git/EECE5554/LAB1/install/gps_msg' for CMake module files
[1.176s] Level 1:colcon.colcon_core.environment:checking '/home/bcesar/Documents/Git/EECE5554/LAB1/install/gps_msg' for CMake config files
[1.176s] Level 1:colcon.colcon_core.shell:create_environment_hook('gps_msg', 'cmake_prefix_path')
[1.176s] INFO:colcon.colcon_core.shell:Creating environment hook '/home/bcesar/Documents/Git/EECE5554/LAB1/install/gps_msg/share/gps_msg/hook/cmake_prefix_path.ps1'
[1.177s] INFO:colcon.colcon_core.shell:Creating environment descriptor '/home/bcesar/Documents/Git/EECE5554/LAB1/install/gps_msg/share/gps_msg/hook/cmake_prefix_path.dsv'
[1.178s] INFO:colcon.colcon_core.shell:Creating environment hook '/home/bcesar/Documents/Git/EECE5554/LAB1/install/gps_msg/share/gps_msg/hook/cmake_prefix_path.sh'
[1.179s] Level 1:colcon.colcon_core.environment:checking '/home/bcesar/Documents/Git/EECE5554/LAB1/install/gps_msg/lib'
[1.180s] Level 1:colcon.colcon_core.shell:create_environment_hook('gps_msg', 'ld_library_path_lib')
[1.180s] INFO:colcon.colcon_core.shell:Creating environment hook '/home/bcesar/Documents/Git/EECE5554/LAB1/install/gps_msg/share/gps_msg/hook/ld_library_path_lib.ps1'
[1.181s] INFO:colcon.colcon_core.shell:Creating environment descriptor '/home/bcesar/Documents/Git/EECE5554/LAB1/install/gps_msg/share/gps_msg/hook/ld_library_path_lib.dsv'
[1.182s] INFO:colcon.colcon_core.shell:Creating environment hook '/home/bcesar/Documents/Git/EECE5554/LAB1/install/gps_msg/share/gps_msg/hook/ld_library_path_lib.sh'
[1.183s] Level 1:colcon.colcon_core.environment:checking '/home/bcesar/Documents/Git/EECE5554/LAB1/install/gps_msg/bin'
[1.183s] Level 1:colcon.colcon_core.environment:checking '/home/bcesar/Documents/Git/EECE5554/LAB1/install/gps_msg/lib/pkgconfig/gps_msg.pc'
[1.184s] Level 1:colcon.colcon_core.environment:checking '/home/bcesar/Documents/Git/EECE5554/LAB1/install/gps_msg/lib/python3.10/site-packages'
[1.184s] Level 1:colcon.colcon_core.environment:checking '/home/bcesar/Documents/Git/EECE5554/LAB1/install/gps_msg/bin'
[1.185s] INFO:colcon.colcon_core.shell:Creating package script '/home/bcesar/Documents/Git/EECE5554/LAB1/install/gps_msg/share/gps_msg/package.ps1'
[1.186s] INFO:colcon.colcon_core.shell:Creating package descriptor '/home/bcesar/Documents/Git/EECE5554/LAB1/install/gps_msg/share/gps_msg/package.dsv'
[1.187s] INFO:colcon.colcon_core.shell:Creating package script '/home/bcesar/Documents/Git/EECE5554/LAB1/install/gps_msg/share/gps_msg/package.sh'
[1.189s] INFO:colcon.colcon_core.shell:Creating package script '/home/bcesar/Documents/Git/EECE5554/LAB1/install/gps_msg/share/gps_msg/package.bash'
[1.189s] INFO:colcon.colcon_core.shell:Creating package script '/home/bcesar/Documents/Git/EECE5554/LAB1/install/gps_msg/share/gps_msg/package.zsh'
[1.190s] Level 1:colcon.colcon_core.environment:create_file_with_runtime_dependencies(/home/bcesar/Documents/Git/EECE5554/LAB1/install/gps_msg/share/colcon-core/packages/gps_msg)
[1.192s] INFO:colcon.colcon_ros.task.ament_python.build:Building ROS package in '/home/bcesar/Documents/Git/EECE5554/LAB1/src/gps_driver' with build type 'ament_python'
[1.192s] Level 1:colcon.colcon_core.shell:create_environment_hook('gps_driver', 'ament_prefix_path')
[1.192s] INFO:colcon.colcon_core.shell:Creating environment hook '/home/bcesar/Documents/Git/EECE5554/LAB1/install/gps_driver/share/gps_driver/hook/ament_prefix_path.ps1'
[1.194s] INFO:colcon.colcon_core.shell:Creating environment descriptor '/home/bcesar/Documents/Git/EECE5554/LAB1/install/gps_driver/share/gps_driver/hook/ament_prefix_path.dsv'
[1.196s] INFO:colcon.colcon_core.shell:Creating environment hook '/home/bcesar/Documents/Git/EECE5554/LAB1/install/gps_driver/share/gps_driver/hook/ament_prefix_path.sh'
[1.197s] INFO:colcon.colcon_core.shell:Skip shell extension 'powershell' for command environment: Not usable outside of PowerShell
[1.197s] DEBUG:colcon.colcon_core.shell:Skip shell extension 'dsv' for command environment
[1.530s] INFO:colcon.colcon_core.task.python.build:Building Python package in '/home/bcesar/Documents/Git/EECE5554/LAB1/src/gps_driver'
[1.530s] INFO:colcon.colcon_core.shell:Skip shell extension 'powershell' for command environment: Not usable outside of PowerShell
[1.530s] DEBUG:colcon.colcon_core.shell:Skip shell extension 'dsv' for command environment
[2.048s] DEBUG:colcon.colcon_core.event_handler.log_command:Invoking command in '/home/bcesar/Documents/Git/EECE5554/LAB1/src/gps_driver': PYTHONPATH=/home/bcesar/Documents/Git/EECE5554/LAB1/build/gps_driver/prefix_override:/usr/lib/python3/dist-packages/colcon_core/task/python/colcon_distutils_commands:/home/bcesar/Documents/Git/EECE5554/LAB1/install/gps_driver/lib/python3.10/site-packages:${PYTHONPATH} /usr/bin/python3 -W ignore:setup.py install is deprecated -W ignore:easy_install command is deprecated setup.py egg_info --egg-base ../../build/gps_driver build --build-base /home/bcesar/Documents/Git/EECE5554/LAB1/build/gps_driver/build install --record /home/bcesar/Documents/Git/EECE5554/LAB1/build/gps_driver/install.log --single-version-externally-managed install_data
[2.417s] Level 1:colcon.colcon_core.environment:checking '/home/bcesar/Documents/Git/EECE5554/LAB1/install/gps_driver' for CMake module files
[2.418s] DEBUG:colcon.colcon_core.event_handler.log_command:Invoked command in '/home/bcesar/Documents/Git/EECE5554/LAB1/src/gps_driver' returned '0': PYTHONPATH=/home/bcesar/Documents/Git/EECE5554/LAB1/build/gps_driver/prefix_override:/usr/lib/python3/dist-packages/colcon_core/task/python/colcon_distutils_commands:/home/bcesar/Documents/Git/EECE5554/LAB1/install/gps_driver/lib/python3.10/site-packages:${PYTHONPATH} /usr/bin/python3 -W ignore:setup.py install is deprecated -W ignore:easy_install command is deprecated setup.py egg_info --egg-base ../../build/gps_driver build --build-base /home/bcesar/Documents/Git/EECE5554/LAB1/build/gps_driver/build install --record /home/bcesar/Documents/Git/EECE5554/LAB1/build/gps_driver/install.log --single-version-externally-managed install_data
[2.419s] Level 1:colcon.colcon_core.environment:checking '/home/bcesar/Documents/Git/EECE5554/LAB1/install/gps_driver' for CMake config files
[2.419s] Level 1:colcon.colcon_core.environment:checking '/home/bcesar/Documents/Git/EECE5554/LAB1/install/gps_driver/lib'
[2.419s] Level 1:colcon.colcon_core.environment:checking '/home/bcesar/Documents/Git/EECE5554/LAB1/install/gps_driver/bin'
[2.420s] Level 1:colcon.colcon_core.environment:checking '/home/bcesar/Documents/Git/EECE5554/LAB1/install/gps_driver/lib/pkgconfig/gps_driver.pc'
[2.420s] Level 1:colcon.colcon_core.environment:checking '/home/bcesar/Documents/Git/EECE5554/LAB1/install/gps_driver/lib/python3.10/site-packages'
[2.420s] Level 1:colcon.colcon_core.shell:create_environment_hook('gps_driver', 'pythonpath')
[2.420s] INFO:colcon.colcon_core.shell:Creating environment hook '/home/bcesar/Documents/Git/EECE5554/LAB1/install/gps_driver/share/gps_driver/hook/pythonpath.ps1'
[2.421s] INFO:colcon.colcon_core.shell:Creating environment descriptor '/home/bcesar/Documents/Git/EECE5554/LAB1/install/gps_driver/share/gps_driver/hook/pythonpath.dsv'
[2.422s] INFO:colcon.colcon_core.shell:Creating environment hook '/home/bcesar/Documents/Git/EECE5554/LAB1/install/gps_driver/share/gps_driver/hook/pythonpath.sh'
[2.423s] Level 1:colcon.colcon_core.environment:checking '/home/bcesar/Documents/Git/EECE5554/LAB1/install/gps_driver/bin'
[2.423s] Level 1:colcon.colcon_core.environment:create_environment_scripts_only(gps_driver)
[2.423s] INFO:colcon.colcon_core.shell:Creating package script '/home/bcesar/Documents/Git/EECE5554/LAB1/install/gps_driver/share/gps_driver/package.ps1'
[2.424s] INFO:colcon.colcon_core.shell:Creating package descriptor '/home/bcesar/Documents/Git/EECE5554/LAB1/install/gps_driver/share/gps_driver/package.dsv'
[2.425s] INFO:colcon.colcon_core.shell:Creating package script '/home/bcesar/Documents/Git/EECE5554/LAB1/install/gps_driver/share/gps_driver/package.sh'
[2.425s] INFO:colcon.colcon_core.shell:Creating package script '/home/bcesar/Documents/Git/EECE5554/LAB1/install/gps_driver/share/gps_driver/package.bash'
[2.426s] INFO:colcon.colcon_core.shell:Creating package script '/home/bcesar/Documents/Git/EECE5554/LAB1/install/gps_driver/share/gps_driver/package.zsh'
[2.427s] Level 1:colcon.colcon_core.environment:create_file_with_runtime_dependencies(/home/bcesar/Documents/Git/EECE5554/LAB1/install/gps_driver/share/colcon-core/packages/gps_driver)
[2.427s] DEBUG:colcon.colcon_parallel_executor.executor.parallel:closing loop
[2.428s] DEBUG:colcon.colcon_parallel_executor.executor.parallel:loop closed
[2.428s] DEBUG:colcon.colcon_parallel_executor.executor.parallel:run_until_complete finished with '0'
[2.428s] DEBUG:colcon.colcon_core.event_reactor:joining thread
[2.435s] INFO:colcon.colcon_core.plugin_system:Skipping extension 'colcon_notification.desktop_notification.terminal_notifier': Not used on non-Darwin systems
[2.435s] INFO:colcon.colcon_core.plugin_system:Skipping extension 'colcon_notification.desktop_notification.win32': Not used on non-Windows systems
[2.435s] INFO:colcon.colcon_notification.desktop_notification:Sending desktop notification using 'notify2'
[2.455s] DEBUG:colcon.colcon_core.event_reactor:joined thread
[2.455s] INFO:colcon.colcon_core.shell:Creating prefix script '/home/bcesar/Documents/Git/EECE5554/LAB1/install/local_setup.ps1'
[2.457s] INFO:colcon.colcon_core.shell:Creating prefix util module '/home/bcesar/Documents/Git/EECE5554/LAB1/install/_local_setup_util_ps1.py'
[2.459s] INFO:colcon.colcon_core.shell:Creating prefix chain script '/home/bcesar/Documents/Git/EECE5554/LAB1/install/setup.ps1'
[2.461s] INFO:colcon.colcon_core.shell:Creating prefix script '/home/bcesar/Documents/Git/EECE5554/LAB1/install/local_setup.sh'
[2.462s] INFO:colcon.colcon_core.shell:Creating prefix util module '/home/bcesar/Documents/Git/EECE5554/LAB1/install/_local_setup_util_sh.py'
[2.463s] INFO:colcon.colcon_core.shell:Creating prefix chain script '/home/bcesar/Documents/Git/EECE5554/LAB1/install/setup.sh'
[2.464s] INFO:colcon.colcon_core.shell:Creating prefix script '/home/bcesar/Documents/Git/EECE5554/LAB1/install/local_setup.bash'
[2.465s] INFO:colcon.colcon_core.shell:Creating prefix chain script '/home/bcesar/Documents/Git/EECE5554/LAB1/install/setup.bash'
[2.466s] INFO:colcon.colcon_core.shell:Creating prefix script '/home/bcesar/Documents/Git/EECE5554/LAB1/install/local_setup.zsh'
[2.467s] INFO:colcon.colcon_core.shell:Creating prefix chain script '/home/bcesar/Documents/Git/EECE5554/LAB1/install/setup.zsh'
