[1.244s] Invoking command in '/home/bcesar/ros2_ws/src/py_pubsub': PYTHONPATH=/home/bcesar/ros2_ws/build/py_pubsub/prefix_override:/usr/lib/python3/dist-packages/colcon_core/task/python/colcon_distutils_commands:/home/bcesar/ros2_ws/install/py_pubsub/lib/python3.10/site-packages:${PYTHONPATH} /usr/bin/python3 -W ignore:setup.py install is deprecated -W ignore:easy_install command is deprecated setup.py egg_info --egg-base ../../build/py_pubsub build --build-base /home/bcesar/ros2_ws/build/py_pubsub/build install --record /home/bcesar/ros2_ws/build/py_pubsub/install.log --single-version-externally-managed install_data
[1.726s] running egg_info
[1.727s] writing ../../build/py_pubsub/py_pubsub.egg-info/PKG-INFO
[1.728s] writing dependency_links to ../../build/py_pubsub/py_pubsub.egg-info/dependency_links.txt
[1.728s] writing entry points to ../../build/py_pubsub/py_pubsub.egg-info/entry_points.txt
[1.728s] writing requirements to ../../build/py_pubsub/py_pubsub.egg-info/requires.txt
[1.731s] writing top-level names to ../../build/py_pubsub/py_pubsub.egg-info/top_level.txt
[1.732s] reading manifest file '../../build/py_pubsub/py_pubsub.egg-info/SOURCES.txt'
[1.732s] adding license file 'LICENSE'
[1.734s] writing manifest file '../../build/py_pubsub/py_pubsub.egg-info/SOURCES.txt'
[1.734s] running build
[1.734s] running build_py
[1.734s] running install
[1.735s] running install_lib
[1.737s] running install_data
[1.737s] running install_egg_info
[1.743s] removing '/home/bcesar/ros2_ws/install/py_pubsub/lib/python3.10/site-packages/py_pubsub-0.0.0-py3.10.egg-info' (and everything under it)
[1.743s] Copying ../../build/py_pubsub/py_pubsub.egg-info to /home/bcesar/ros2_ws/install/py_pubsub/lib/python3.10/site-packages/py_pubsub-0.0.0-py3.10.egg-info
[1.745s] running install_scripts
[1.788s] Installing listener script to /home/bcesar/ros2_ws/install/py_pubsub/lib/py_pubsub
[1.788s] Installing talker script to /home/bcesar/ros2_ws/install/py_pubsub/lib/py_pubsub
[1.789s] writing list of installed files to '/home/bcesar/ros2_ws/build/py_pubsub/install.log'
[1.823s] Invoked command in '/home/bcesar/ros2_ws/src/py_pubsub' returned '0': PYTHONPATH=/home/bcesar/ros2_ws/build/py_pubsub/prefix_override:/usr/lib/python3/dist-packages/colcon_core/task/python/colcon_distutils_commands:/home/bcesar/ros2_ws/install/py_pubsub/lib/python3.10/site-packages:${PYTHONPATH} /usr/bin/python3 -W ignore:setup.py install is deprecated -W ignore:easy_install command is deprecated setup.py egg_info --egg-base ../../build/py_pubsub build --build-base /home/bcesar/ros2_ws/build/py_pubsub/build install --record /home/bcesar/ros2_ws/build/py_pubsub/install.log --single-version-externally-managed install_data
