[0.022s] Invoking command in '/home/bcesar/Documents/Git/EECE5554/LAB1/build/gps_msg': CMAKE_PREFIX_PATH=${CMAKE_PREFIX_PATH}:/home/bcesar/Documents/Git/EECE5554/LAB1/install/gps_driver:/opt/ros/humble /usr/bin/cmake --build /home/bcesar/Documents/Git/EECE5554/LAB1/build/gps_msg -- -j2 -l2
[0.071s] -- Found ament_cmake: 1.3.12 (/opt/ros/humble/share/ament_cmake/cmake)
[0.249s] -- Found std_msgs: 4.9.0 (/opt/ros/humble/share/std_msgs/cmake)
[0.287s] -- Found rosidl_generator_c: 3.1.8 (/opt/ros/humble/share/rosidl_generator_c/cmake)
[0.287s] -- Found rosidl_adapter: 3.1.8 (/opt/ros/humble/share/rosidl_adapter/cmake)
[0.294s] -- Found rosidl_generator_cpp: 3.1.8 (/opt/ros/humble/share/rosidl_generator_cpp/cmake)
[0.306s] -- Using all available rosidl_typesupport_c: rosidl_typesupport_fastrtps_c;rosidl_typesupport_introspection_c
[0.322s] -- Using all available rosidl_typesupport_cpp: rosidl_typesupport_fastrtps_cpp;rosidl_typesupport_introspection_cpp
[0.353s] -- Found rosidl_default_generators: 1.2.0 (/opt/ros/humble/share/rosidl_default_generators/cmake)
[0.359s] -- Found ament_lint_auto: 0.12.14 (/opt/ros/humble/share/ament_lint_auto/cmake)
[0.729s] -- Found ament_cmake_ros: 0.10.0 (/opt/ros/humble/share/ament_cmake_ros/cmake)
[1.258s] -- Using all available rosidl_typesupport_c: rosidl_typesupport_fastrtps_c;rosidl_typesupport_introspection_c
[1.453s] -- Using all available rosidl_typesupport_cpp: rosidl_typesupport_fastrtps_cpp;rosidl_typesupport_introspection_cpp
[1.483s] -- Found python_cmake_module: 0.10.0 (/opt/ros/humble/share/python_cmake_module/cmake)
[1.514s] -- Using PYTHON_EXECUTABLE: /usr/bin/python3
[1.514s] -- Using PYTHON_INCLUDE_DIRS: /usr/include/python3.10
[1.514s] -- Using PYTHON_LIBRARIES: /usr/lib/x86_64-linux-gnu/libpython3.10.so
[1.559s] -- Added test 'lint_cmake' to check CMake code style
[1.561s] -- Added test 'xmllint' to check XML markup files
[1.566s] -- Configuring done
[1.642s] -- Generating done
[1.668s] -- Build files have been written to: /home/bcesar/Documents/Git/EECE5554/LAB1/build/gps_msg
[1.718s] [  3%] [34m[1mGenerating C code for ROS interfaces[0m
[1.740s] [  6%] [34m[1mGenerating C++ code for ROS interfaces[0m
[2.034s] [  9%] [32mBuilding C object CMakeFiles/gps_msg__rosidl_generator_c.dir/rosidl_generator_c/gps_msg/msg/detail/gps_msg__functions.c.o[0m
[2.050s] [  9%] Built target gps_msg__cpp
[2.090s] [  9%] Built target ament_cmake_python_copy_gps_msg
[2.096s] [ 12%] [32m[1mLinking C shared library libgps_msg__rosidl_generator_c.so[0m
[2.105s] [ 16%] [34m[1mGenerating C++ type support dispatch for ROS interfaces[0m
[2.145s] [ 16%] Built target gps_msg__rosidl_generator_c
[2.161s] [ 19%] [34m[1mGenerating C++ type support for eProsima Fast-RTPS[0m
[2.364s] [ 22%] [32mBuilding CXX object CMakeFiles/gps_msg__rosidl_typesupport_cpp.dir/rosidl_typesupport_cpp/gps_msg/msg/gps_msg__type_support.cpp.o[0m
[2.451s] [ 25%] [32mBuilding CXX object CMakeFiles/gps_msg__rosidl_typesupport_fastrtps_cpp.dir/rosidl_typesupport_fastrtps_cpp/gps_msg/msg/detail/dds_fastrtps/gps_msg__type_support.cpp.o[0m
[2.657s] [ 29%] [32m[1mLinking CXX shared library libgps_msg__rosidl_typesupport_cpp.so[0m
[2.715s] [ 29%] Built target gps_msg__rosidl_typesupport_cpp
[2.731s] [ 32%] [34m[1mGenerating C introspection for ROS interfaces[0m
[2.864s] [ 35%] [32m[1mLinking CXX shared library libgps_msg__rosidl_typesupport_fastrtps_cpp.so[0m
[2.963s] [ 35%] Built target gps_msg__rosidl_typesupport_fastrtps_cpp
[2.981s] [ 38%] [34m[1mGenerating C type support dispatch for ROS interfaces[0m
[3.017s] [ 41%] [32mBuilding C object CMakeFiles/gps_msg__rosidl_typesupport_introspection_c.dir/rosidl_typesupport_introspection_c/gps_msg/msg/detail/gps_msg__type_support.c.o[0m
[3.064s] [ 45%] [32m[1mLinking C shared library libgps_msg__rosidl_typesupport_introspection_c.so[0m
[3.107s] [ 45%] Built target gps_msg__rosidl_typesupport_introspection_c
[3.122s] [ 48%] [34m[1mGenerating C++ introspection for ROS interfaces[0m
[3.232s] [ 51%] [32mBuilding CXX object CMakeFiles/gps_msg__rosidl_typesupport_c.dir/rosidl_typesupport_c/gps_msg/msg/gps_msg__type_support.cpp.o[0m
[3.276s] [ 54%] [32m[1mLinking CXX shared library libgps_msg__rosidl_typesupport_c.so[0m
[3.326s] [ 54%] Built target gps_msg__rosidl_typesupport_c
[3.408s] [ 58%] [32mBuilding CXX object CMakeFiles/gps_msg__rosidl_typesupport_introspection_cpp.dir/rosidl_typesupport_introspection_cpp/gps_msg/msg/detail/gps_msg__type_support.cpp.o[0m
[3.611s] running egg_info
[3.611s] writing gps_msg.egg-info/PKG-INFO
[3.611s] writing dependency_links to gps_msg.egg-info/dependency_links.txt
[3.611s] writing top-level names to gps_msg.egg-info/top_level.txt
[3.614s] reading manifest file 'gps_msg.egg-info/SOURCES.txt'
[3.615s] writing manifest file 'gps_msg.egg-info/SOURCES.txt'
[3.645s] [ 58%] Built target ament_cmake_python_build_gps_msg_egg
[3.663s] [ 61%] [34m[1mGenerating C type support for eProsima Fast-RTPS[0m
[3.834s] [ 64%] [32m[1mLinking CXX shared library libgps_msg__rosidl_typesupport_introspection_cpp.so[0m
[3.911s] [ 64%] Built target gps_msg__rosidl_typesupport_introspection_cpp
[3.930s] [ 67%] [32mBuilding CXX object CMakeFiles/gps_msg__rosidl_typesupport_fastrtps_c.dir/rosidl_typesupport_fastrtps_c/gps_msg/msg/detail/gps_msg__type_support_c.cpp.o[0m
[4.313s] [ 70%] [32m[1mLinking CXX shared library libgps_msg__rosidl_typesupport_fastrtps_c.so[0m
[4.415s] [ 70%] Built target gps_msg__rosidl_typesupport_fastrtps_c
[4.454s] [ 70%] Built target gps_msg
[4.487s] [ 74%] [34m[1mGenerating Python code for ROS interfaces[0m
[4.860s] [ 74%] Built target gps_msg__py
[4.889s] [ 77%] [32mBuilding C object CMakeFiles/gps_msg__rosidl_generator_py.dir/rosidl_generator_py/gps_msg/msg/_gps_msg_s.c.o[0m
[5.040s] [ 80%] [32m[1mLinking C shared library rosidl_generator_py/gps_msg/libgps_msg__rosidl_generator_py.so[0m
[5.109s] [ 80%] Built target gps_msg__rosidl_generator_py
[5.124s] [35m[1mConsolidate compiler generated dependencies of target gps_msg__rosidl_typesupport_fastrtps_c__pyext[0m
[5.125s] [35m[1mConsolidate compiler generated dependencies of target gps_msg__rosidl_typesupport_introspection_c__pyext[0m
[5.142s] [ 83%] [32mBuilding C object CMakeFiles/gps_msg__rosidl_typesupport_introspection_c__pyext.dir/rosidl_generator_py/gps_msg/_gps_msg_s.ep.rosidl_typesupport_introspection_c.c.o[0m
[5.142s] [ 87%] [32mBuilding C object CMakeFiles/gps_msg__rosidl_typesupport_fastrtps_c__pyext.dir/rosidl_generator_py/gps_msg/_gps_msg_s.ep.rosidl_typesupport_fastrtps_c.c.o[0m
[5.263s] [ 90%] [32m[1mLinking C shared library rosidl_generator_py/gps_msg/gps_msg_s__rosidl_typesupport_fastrtps_c.cpython-310-x86_64-linux-gnu.so[0m
[5.263s] [ 93%] [32m[1mLinking C shared library rosidl_generator_py/gps_msg/gps_msg_s__rosidl_typesupport_introspection_c.cpython-310-x86_64-linux-gnu.so[0m
[5.318s] [ 93%] Built target gps_msg__rosidl_typesupport_introspection_c__pyext
[5.321s] [ 93%] Built target gps_msg__rosidl_typesupport_fastrtps_c__pyext
[5.333s] [35m[1mConsolidate compiler generated dependencies of target gps_msg__rosidl_typesupport_c__pyext[0m
[5.351s] [ 96%] [32mBuilding C object CMakeFiles/gps_msg__rosidl_typesupport_c__pyext.dir/rosidl_generator_py/gps_msg/_gps_msg_s.ep.rosidl_typesupport_c.c.o[0m
[5.481s] [100%] [32m[1mLinking C shared library rosidl_generator_py/gps_msg/gps_msg_s__rosidl_typesupport_c.cpython-310-x86_64-linux-gnu.so[0m
[5.539s] [100%] Built target gps_msg__rosidl_typesupport_c__pyext
[5.558s] Invoked command in '/home/bcesar/Documents/Git/EECE5554/LAB1/build/gps_msg' returned '0': CMAKE_PREFIX_PATH=${CMAKE_PREFIX_PATH}:/home/bcesar/Documents/Git/EECE5554/LAB1/install/gps_driver:/opt/ros/humble /usr/bin/cmake --build /home/bcesar/Documents/Git/EECE5554/LAB1/build/gps_msg -- -j2 -l2
[5.570s] Invoking command in '/home/bcesar/Documents/Git/EECE5554/LAB1/build/gps_msg': CMAKE_PREFIX_PATH=${CMAKE_PREFIX_PATH}:/home/bcesar/Documents/Git/EECE5554/LAB1/install/gps_driver:/opt/ros/humble /usr/bin/cmake --install /home/bcesar/Documents/Git/EECE5554/LAB1/build/gps_msg
[5.584s] -- Install configuration: ""
[5.584s] -- Installing: /home/bcesar/Documents/Git/EECE5554/LAB1/install/gps_msg/share/ament_index/resource_index/rosidl_interfaces/gps_msg
[5.585s] -- Up-to-date: /home/bcesar/Documents/Git/EECE5554/LAB1/install/gps_msg/include/gps_msg/gps_msg
[5.585s] -- Up-to-date: /home/bcesar/Documents/Git/EECE5554/LAB1/install/gps_msg/include/gps_msg/gps_msg/msg
[5.585s] -- Installing: /home/bcesar/Documents/Git/EECE5554/LAB1/install/gps_msg/include/gps_msg/gps_msg/msg/gps_msg.h
[5.585s] -- Up-to-date: /home/bcesar/Documents/Git/EECE5554/LAB1/install/gps_msg/include/gps_msg/gps_msg/msg/gp_smsg.h
[5.585s] -- Up-to-date: /home/bcesar/Documents/Git/EECE5554/LAB1/install/gps_msg/include/gps_msg/gps_msg/msg/detail
[5.585s] -- Up-to-date: /home/bcesar/Documents/Git/EECE5554/LAB1/install/gps_msg/include/gps_msg/gps_msg/msg/detail/gp_smsg__type_support.h
[5.585s] -- Up-to-date: /home/bcesar/Documents/Git/EECE5554/LAB1/install/gps_msg/include/gps_msg/gps_msg/msg/detail/gp_smsg__struct.h
[5.585s] -- Up-to-date: /home/bcesar/Documents/Git/EECE5554/LAB1/install/gps_msg/include/gps_msg/gps_msg/msg/detail/gp_smsg__functions.c
[5.586s] -- Up-to-date: /home/bcesar/Documents/Git/EECE5554/LAB1/install/gps_msg/include/gps_msg/gps_msg/msg/detail/gp_smsg__functions.h
[5.586s] -- Installing: /home/bcesar/Documents/Git/EECE5554/LAB1/install/gps_msg/include/gps_msg/gps_msg/msg/detail/gps_msg__type_support.h
[5.586s] -- Installing: /home/bcesar/Documents/Git/EECE5554/LAB1/install/gps_msg/include/gps_msg/gps_msg/msg/detail/gps_msg__functions.c
[5.586s] -- Installing: /home/bcesar/Documents/Git/EECE5554/LAB1/install/gps_msg/include/gps_msg/gps_msg/msg/detail/gps_msg__functions.h
[5.586s] -- Installing: /home/bcesar/Documents/Git/EECE5554/LAB1/install/gps_msg/include/gps_msg/gps_msg/msg/detail/gps_msg__struct.h
[5.586s] -- Up-to-date: /home/bcesar/Documents/Git/EECE5554/LAB1/install/gps_msg/include/gps_msg/gps_msg/msg/rosidl_generator_c__visibility_control.h
[5.586s] -- Up-to-date: /home/bcesar/Documents/Git/EECE5554/LAB1/install/gps_msg/share/gps_msg/environment/library_path.sh
[5.586s] -- Installing: /home/bcesar/Documents/Git/EECE5554/LAB1/install/gps_msg/share/gps_msg/environment/library_path.dsv
[5.586s] -- Installing: /home/bcesar/Documents/Git/EECE5554/LAB1/install/gps_msg/lib/libgps_msg__rosidl_generator_c.so
[5.587s] -- Set runtime path of "/home/bcesar/Documents/Git/EECE5554/LAB1/install/gps_msg/lib/libgps_msg__rosidl_generator_c.so" to ""
[5.587s] -- Up-to-date: /home/bcesar/Documents/Git/EECE5554/LAB1/install/gps_msg/include/gps_msg/gps_msg
[5.588s] -- Up-to-date: /home/bcesar/Documents/Git/EECE5554/LAB1/install/gps_msg/include/gps_msg/gps_msg/msg
[5.588s] -- Up-to-date: /home/bcesar/Documents/Git/EECE5554/LAB1/install/gps_msg/include/gps_msg/gps_msg/msg/rosidl_typesupport_fastrtps_c__visibility_control.h
[5.588s] -- Up-to-date: /home/bcesar/Documents/Git/EECE5554/LAB1/install/gps_msg/include/gps_msg/gps_msg/msg/detail
[5.588s] -- Up-to-date: /home/bcesar/Documents/Git/EECE5554/LAB1/install/gps_msg/include/gps_msg/gps_msg/msg/detail/gp_smsg__rosidl_typesupport_fastrtps_c.h
[5.588s] -- Installing: /home/bcesar/Documents/Git/EECE5554/LAB1/install/gps_msg/include/gps_msg/gps_msg/msg/detail/gps_msg__rosidl_typesupport_fastrtps_c.h
[5.588s] -- Installing: /home/bcesar/Documents/Git/EECE5554/LAB1/install/gps_msg/lib/libgps_msg__rosidl_typesupport_fastrtps_c.so
[5.589s] -- Set runtime path of "/home/bcesar/Documents/Git/EECE5554/LAB1/install/gps_msg/lib/libgps_msg__rosidl_typesupport_fastrtps_c.so" to ""
[5.589s] -- Up-to-date: /home/bcesar/Documents/Git/EECE5554/LAB1/install/gps_msg/include/gps_msg/gps_msg
[5.589s] -- Up-to-date: /home/bcesar/Documents/Git/EECE5554/LAB1/install/gps_msg/include/gps_msg/gps_msg/msg
[5.590s] -- Up-to-date: /home/bcesar/Documents/Git/EECE5554/LAB1/install/gps_msg/include/gps_msg/gps_msg/msg/gp_smsg.hpp
[5.590s] -- Up-to-date: /home/bcesar/Documents/Git/EECE5554/LAB1/install/gps_msg/include/gps_msg/gps_msg/msg/rosidl_generator_cpp__visibility_control.hpp
[5.590s] -- Installing: /home/bcesar/Documents/Git/EECE5554/LAB1/install/gps_msg/include/gps_msg/gps_msg/msg/gps_msg.hpp
[5.590s] -- Up-to-date: /home/bcesar/Documents/Git/EECE5554/LAB1/install/gps_msg/include/gps_msg/gps_msg/msg/detail
[5.590s] -- Up-to-date: /home/bcesar/Documents/Git/EECE5554/LAB1/install/gps_msg/include/gps_msg/gps_msg/msg/detail/gp_smsg__builder.hpp
[5.590s] -- Installing: /home/bcesar/Documents/Git/EECE5554/LAB1/install/gps_msg/include/gps_msg/gps_msg/msg/detail/gps_msg__struct.hpp
[5.590s] -- Installing: /home/bcesar/Documents/Git/EECE5554/LAB1/install/gps_msg/include/gps_msg/gps_msg/msg/detail/gps_msg__builder.hpp
[5.590s] -- Installing: /home/bcesar/Documents/Git/EECE5554/LAB1/install/gps_msg/include/gps_msg/gps_msg/msg/detail/gps_msg__traits.hpp
[5.591s] -- Installing: /home/bcesar/Documents/Git/EECE5554/LAB1/install/gps_msg/include/gps_msg/gps_msg/msg/detail/gps_msg__type_support.hpp
[5.591s] -- Up-to-date: /home/bcesar/Documents/Git/EECE5554/LAB1/install/gps_msg/include/gps_msg/gps_msg/msg/detail/gp_smsg__traits.hpp
[5.591s] -- Up-to-date: /home/bcesar/Documents/Git/EECE5554/LAB1/install/gps_msg/include/gps_msg/gps_msg/msg/detail/gp_smsg__struct.hpp
[5.591s] -- Up-to-date: /home/bcesar/Documents/Git/EECE5554/LAB1/install/gps_msg/include/gps_msg/gps_msg/msg/detail/gp_smsg__type_support.hpp
[5.591s] -- Up-to-date: /home/bcesar/Documents/Git/EECE5554/LAB1/install/gps_msg/include/gps_msg/gps_msg
[5.591s] -- Up-to-date: /home/bcesar/Documents/Git/EECE5554/LAB1/install/gps_msg/include/gps_msg/gps_msg/msg
[5.591s] -- Up-to-date: /home/bcesar/Documents/Git/EECE5554/LAB1/install/gps_msg/include/gps_msg/gps_msg/msg/rosidl_typesupport_fastrtps_cpp__visibility_control.h
[5.591s] -- Up-to-date: /home/bcesar/Documents/Git/EECE5554/LAB1/install/gps_msg/include/gps_msg/gps_msg/msg/detail
[5.592s] -- Up-to-date: /home/bcesar/Documents/Git/EECE5554/LAB1/install/gps_msg/include/gps_msg/gps_msg/msg/detail/dds_fastrtps
[5.592s] -- Up-to-date: /home/bcesar/Documents/Git/EECE5554/LAB1/install/gps_msg/include/gps_msg/gps_msg/msg/detail/gp_smsg__rosidl_typesupport_fastrtps_cpp.hpp
[5.592s] -- Installing: /home/bcesar/Documents/Git/EECE5554/LAB1/install/gps_msg/include/gps_msg/gps_msg/msg/detail/gps_msg__rosidl_typesupport_fastrtps_cpp.hpp
[5.592s] -- Installing: /home/bcesar/Documents/Git/EECE5554/LAB1/install/gps_msg/lib/libgps_msg__rosidl_typesupport_fastrtps_cpp.so
[5.592s] -- Set runtime path of "/home/bcesar/Documents/Git/EECE5554/LAB1/install/gps_msg/lib/libgps_msg__rosidl_typesupport_fastrtps_cpp.so" to ""
[5.593s] -- Up-to-date: /home/bcesar/Documents/Git/EECE5554/LAB1/install/gps_msg/include/gps_msg/gps_msg
[5.593s] -- Up-to-date: /home/bcesar/Documents/Git/EECE5554/LAB1/install/gps_msg/include/gps_msg/gps_msg/msg
[5.593s] -- Up-to-date: /home/bcesar/Documents/Git/EECE5554/LAB1/install/gps_msg/include/gps_msg/gps_msg/msg/rosidl_typesupport_introspection_c__visibility_control.h
[5.593s] -- Up-to-date: /home/bcesar/Documents/Git/EECE5554/LAB1/install/gps_msg/include/gps_msg/gps_msg/msg/detail
[5.593s] -- Up-to-date: /home/bcesar/Documents/Git/EECE5554/LAB1/install/gps_msg/include/gps_msg/gps_msg/msg/detail/gp_smsg__rosidl_typesupport_introspection_c.h
[5.593s] -- Up-to-date: /home/bcesar/Documents/Git/EECE5554/LAB1/install/gps_msg/include/gps_msg/gps_msg/msg/detail/gp_smsg__type_support.c
[5.593s] -- Installing: /home/bcesar/Documents/Git/EECE5554/LAB1/install/gps_msg/include/gps_msg/gps_msg/msg/detail/gps_msg__rosidl_typesupport_introspection_c.h
[5.593s] -- Installing: /home/bcesar/Documents/Git/EECE5554/LAB1/install/gps_msg/include/gps_msg/gps_msg/msg/detail/gps_msg__type_support.c
[5.593s] -- Installing: /home/bcesar/Documents/Git/EECE5554/LAB1/install/gps_msg/lib/libgps_msg__rosidl_typesupport_introspection_c.so
[5.595s] -- Set runtime path of "/home/bcesar/Documents/Git/EECE5554/LAB1/install/gps_msg/lib/libgps_msg__rosidl_typesupport_introspection_c.so" to ""
[5.595s] -- Installing: /home/bcesar/Documents/Git/EECE5554/LAB1/install/gps_msg/lib/libgps_msg__rosidl_typesupport_c.so
[5.596s] -- Set runtime path of "/home/bcesar/Documents/Git/EECE5554/LAB1/install/gps_msg/lib/libgps_msg__rosidl_typesupport_c.so" to ""
[5.596s] -- Up-to-date: /home/bcesar/Documents/Git/EECE5554/LAB1/install/gps_msg/include/gps_msg/gps_msg
[5.596s] -- Up-to-date: /home/bcesar/Documents/Git/EECE5554/LAB1/install/gps_msg/include/gps_msg/gps_msg/msg
[5.596s] -- Up-to-date: /home/bcesar/Documents/Git/EECE5554/LAB1/install/gps_msg/include/gps_msg/gps_msg/msg/detail
[5.596s] -- Installing: /home/bcesar/Documents/Git/EECE5554/LAB1/install/gps_msg/include/gps_msg/gps_msg/msg/detail/gps_msg__type_support.cpp
[5.596s] -- Up-to-date: /home/bcesar/Documents/Git/EECE5554/LAB1/install/gps_msg/include/gps_msg/gps_msg/msg/detail/gp_smsg__type_support.cpp
[5.596s] -- Installing: /home/bcesar/Documents/Git/EECE5554/LAB1/install/gps_msg/include/gps_msg/gps_msg/msg/detail/gps_msg__rosidl_typesupport_introspection_cpp.hpp
[5.597s] -- Up-to-date: /home/bcesar/Documents/Git/EECE5554/LAB1/install/gps_msg/include/gps_msg/gps_msg/msg/detail/gp_smsg__rosidl_typesupport_introspection_cpp.hpp
[5.597s] -- Installing: /home/bcesar/Documents/Git/EECE5554/LAB1/install/gps_msg/lib/libgps_msg__rosidl_typesupport_introspection_cpp.so
[5.598s] -- Set runtime path of "/home/bcesar/Documents/Git/EECE5554/LAB1/install/gps_msg/lib/libgps_msg__rosidl_typesupport_introspection_cpp.so" to ""
[5.598s] -- Installing: /home/bcesar/Documents/Git/EECE5554/LAB1/install/gps_msg/lib/libgps_msg__rosidl_typesupport_cpp.so
[5.599s] -- Set runtime path of "/home/bcesar/Documents/Git/EECE5554/LAB1/install/gps_msg/lib/libgps_msg__rosidl_typesupport_cpp.so" to ""
[5.599s] -- Up-to-date: /home/bcesar/Documents/Git/EECE5554/LAB1/install/gps_msg/share/gps_msg/environment/pythonpath.sh
[5.599s] -- Installing: /home/bcesar/Documents/Git/EECE5554/LAB1/install/gps_msg/share/gps_msg/environment/pythonpath.dsv
[5.599s] -- Up-to-date: /home/bcesar/Documents/Git/EECE5554/LAB1/install/gps_msg/local/lib/python3.10/dist-packages/gps_msg-0.0.0-py3.10.egg-info
[5.600s] -- Installing: /home/bcesar/Documents/Git/EECE5554/LAB1/install/gps_msg/local/lib/python3.10/dist-packages/gps_msg-0.0.0-py3.10.egg-info/top_level.txt
[5.600s] -- Installing: /home/bcesar/Documents/Git/EECE5554/LAB1/install/gps_msg/local/lib/python3.10/dist-packages/gps_msg-0.0.0-py3.10.egg-info/SOURCES.txt
[5.600s] -- Installing: /home/bcesar/Documents/Git/EECE5554/LAB1/install/gps_msg/local/lib/python3.10/dist-packages/gps_msg-0.0.0-py3.10.egg-info/PKG-INFO
[5.600s] -- Installing: /home/bcesar/Documents/Git/EECE5554/LAB1/install/gps_msg/local/lib/python3.10/dist-packages/gps_msg-0.0.0-py3.10.egg-info/dependency_links.txt
[5.600s] -- Up-to-date: /home/bcesar/Documents/Git/EECE5554/LAB1/install/gps_msg/local/lib/python3.10/dist-packages/gps_msg
[5.600s] -- Installing: /home/bcesar/Documents/Git/EECE5554/LAB1/install/gps_msg/local/lib/python3.10/dist-packages/gps_msg/gps_msg_s__rosidl_typesupport_introspection_c.cpython-310-x86_64-linux-gnu.so
[5.600s] -- Up-to-date: /home/bcesar/Documents/Git/EECE5554/LAB1/install/gps_msg/local/lib/python3.10/dist-packages/gps_msg/msg
[5.600s] -- Up-to-date: /home/bcesar/Documents/Git/EECE5554/LAB1/install/gps_msg/local/lib/python3.10/dist-packages/gps_msg/msg/_gp_smsg.py
[5.600s] -- Installing: /home/bcesar/Documents/Git/EECE5554/LAB1/install/gps_msg/local/lib/python3.10/dist-packages/gps_msg/msg/_gps_msg.py
[5.601s] -- Installing: /home/bcesar/Documents/Git/EECE5554/LAB1/install/gps_msg/local/lib/python3.10/dist-packages/gps_msg/msg/__init__.py
[5.601s] -- Installing: /home/bcesar/Documents/Git/EECE5554/LAB1/install/gps_msg/local/lib/python3.10/dist-packages/gps_msg/msg/_gps_msg_s.c
[5.601s] -- Up-to-date: /home/bcesar/Documents/Git/EECE5554/LAB1/install/gps_msg/local/lib/python3.10/dist-packages/gps_msg/msg/_gp_smsg_s.c
[5.601s] -- Installing: /home/bcesar/Documents/Git/EECE5554/LAB1/install/gps_msg/local/lib/python3.10/dist-packages/gps_msg/gps_msg_s__rosidl_typesupport_c.cpython-310-x86_64-linux-gnu.so
[5.601s] -- Installing: /home/bcesar/Documents/Git/EECE5554/LAB1/install/gps_msg/local/lib/python3.10/dist-packages/gps_msg/_gps_msg_s.ep.rosidl_typesupport_fastrtps_c.c
[5.601s] -- Installing: /home/bcesar/Documents/Git/EECE5554/LAB1/install/gps_msg/local/lib/python3.10/dist-packages/gps_msg/_gps_msg_s.ep.rosidl_typesupport_introspection_c.c
[5.601s] -- Installing: /home/bcesar/Documents/Git/EECE5554/LAB1/install/gps_msg/local/lib/python3.10/dist-packages/gps_msg/_gps_msg_s.ep.rosidl_typesupport_c.c
[5.601s] -- Installing: /home/bcesar/Documents/Git/EECE5554/LAB1/install/gps_msg/local/lib/python3.10/dist-packages/gps_msg/__init__.py
[5.601s] -- Installing: /home/bcesar/Documents/Git/EECE5554/LAB1/install/gps_msg/local/lib/python3.10/dist-packages/gps_msg/libgps_msg__rosidl_generator_py.so
[5.602s] -- Installing: /home/bcesar/Documents/Git/EECE5554/LAB1/install/gps_msg/local/lib/python3.10/dist-packages/gps_msg/gps_msg_s__rosidl_typesupport_fastrtps_c.cpython-310-x86_64-linux-gnu.so
[5.645s] Listing '/home/bcesar/Documents/Git/EECE5554/LAB1/install/gps_msg/local/lib/python3.10/dist-packages/gps_msg'...
[5.645s] Compiling '/home/bcesar/Documents/Git/EECE5554/LAB1/install/gps_msg/local/lib/python3.10/dist-packages/gps_msg/__init__.py'...
[5.645s] Listing '/home/bcesar/Documents/Git/EECE5554/LAB1/install/gps_msg/local/lib/python3.10/dist-packages/gps_msg/msg'...
[5.646s] Compiling '/home/bcesar/Documents/Git/EECE5554/LAB1/install/gps_msg/local/lib/python3.10/dist-packages/gps_msg/msg/__init__.py'...
[5.646s] Compiling '/home/bcesar/Documents/Git/EECE5554/LAB1/install/gps_msg/local/lib/python3.10/dist-packages/gps_msg/msg/_gps_msg.py'...
[5.651s] -- Installing: /home/bcesar/Documents/Git/EECE5554/LAB1/install/gps_msg/local/lib/python3.10/dist-packages/gps_msg/gps_msg_s__rosidl_typesupport_fastrtps_c.cpython-310-x86_64-linux-gnu.so
[5.651s] -- Set runtime path of "/home/bcesar/Documents/Git/EECE5554/LAB1/install/gps_msg/local/lib/python3.10/dist-packages/gps_msg/gps_msg_s__rosidl_typesupport_fastrtps_c.cpython-310-x86_64-linux-gnu.so" to ""
[5.652s] -- Installing: /home/bcesar/Documents/Git/EECE5554/LAB1/install/gps_msg/local/lib/python3.10/dist-packages/gps_msg/gps_msg_s__rosidl_typesupport_introspection_c.cpython-310-x86_64-linux-gnu.so
[5.652s] -- Set runtime path of "/home/bcesar/Documents/Git/EECE5554/LAB1/install/gps_msg/local/lib/python3.10/dist-packages/gps_msg/gps_msg_s__rosidl_typesupport_introspection_c.cpython-310-x86_64-linux-gnu.so" to ""
[5.652s] -- Installing: /home/bcesar/Documents/Git/EECE5554/LAB1/install/gps_msg/local/lib/python3.10/dist-packages/gps_msg/gps_msg_s__rosidl_typesupport_c.cpython-310-x86_64-linux-gnu.so
[5.653s] -- Set runtime path of "/home/bcesar/Documents/Git/EECE5554/LAB1/install/gps_msg/local/lib/python3.10/dist-packages/gps_msg/gps_msg_s__rosidl_typesupport_c.cpython-310-x86_64-linux-gnu.so" to ""
[5.653s] -- Installing: /home/bcesar/Documents/Git/EECE5554/LAB1/install/gps_msg/lib/libgps_msg__rosidl_generator_py.so
[5.655s] -- Set runtime path of "/home/bcesar/Documents/Git/EECE5554/LAB1/install/gps_msg/lib/libgps_msg__rosidl_generator_py.so" to ""
[5.655s] -- Installing: /home/bcesar/Documents/Git/EECE5554/LAB1/install/gps_msg/share/gps_msg/msg/GpsMsg.idl
[5.655s] -- Installing: /home/bcesar/Documents/Git/EECE5554/LAB1/install/gps_msg/share/gps_msg/msg/GpsMsg.msg
[5.655s] -- Up-to-date: /home/bcesar/Documents/Git/EECE5554/LAB1/install/gps_msg/share/ament_index/resource_index/package_run_dependencies/gps_msg
[5.655s] -- Installing: /home/bcesar/Documents/Git/EECE5554/LAB1/install/gps_msg/share/ament_index/resource_index/parent_prefix_path/gps_msg
[5.656s] -- Up-to-date: /home/bcesar/Documents/Git/EECE5554/LAB1/install/gps_msg/share/gps_msg/environment/ament_prefix_path.sh
[5.656s] -- Installing: /home/bcesar/Documents/Git/EECE5554/LAB1/install/gps_msg/share/gps_msg/environment/ament_prefix_path.dsv
[5.656s] -- Up-to-date: /home/bcesar/Documents/Git/EECE5554/LAB1/install/gps_msg/share/gps_msg/environment/path.sh
[5.656s] -- Installing: /home/bcesar/Documents/Git/EECE5554/LAB1/install/gps_msg/share/gps_msg/environment/path.dsv
[5.656s] -- Up-to-date: /home/bcesar/Documents/Git/EECE5554/LAB1/install/gps_msg/share/gps_msg/local_setup.bash
[5.656s] -- Up-to-date: /home/bcesar/Documents/Git/EECE5554/LAB1/install/gps_msg/share/gps_msg/local_setup.sh
[5.656s] -- Up-to-date: /home/bcesar/Documents/Git/EECE5554/LAB1/install/gps_msg/share/gps_msg/local_setup.zsh
[5.656s] -- Installing: /home/bcesar/Documents/Git/EECE5554/LAB1/install/gps_msg/share/gps_msg/local_setup.dsv
[5.656s] -- Installing: /home/bcesar/Documents/Git/EECE5554/LAB1/install/gps_msg/share/gps_msg/package.dsv
[5.656s] -- Up-to-date: /home/bcesar/Documents/Git/EECE5554/LAB1/install/gps_msg/share/ament_index/resource_index/packages/gps_msg
[5.657s] -- Up-to-date: /home/bcesar/Documents/Git/EECE5554/LAB1/install/gps_msg/share/gps_msg/cmake/export_gps_msg__rosidl_generator_cExport.cmake
[5.657s] -- Up-to-date: /home/bcesar/Documents/Git/EECE5554/LAB1/install/gps_msg/share/gps_msg/cmake/export_gps_msg__rosidl_generator_cExport-noconfig.cmake
[5.657s] -- Up-to-date: /home/bcesar/Documents/Git/EECE5554/LAB1/install/gps_msg/share/gps_msg/cmake/export_gps_msg__rosidl_typesupport_fastrtps_cExport.cmake
[5.657s] -- Up-to-date: /home/bcesar/Documents/Git/EECE5554/LAB1/install/gps_msg/share/gps_msg/cmake/export_gps_msg__rosidl_typesupport_fastrtps_cExport-noconfig.cmake
[5.657s] -- Up-to-date: /home/bcesar/Documents/Git/EECE5554/LAB1/install/gps_msg/share/gps_msg/cmake/export_gps_msg__rosidl_generator_cppExport.cmake
[5.657s] -- Up-to-date: /home/bcesar/Documents/Git/EECE5554/LAB1/install/gps_msg/share/gps_msg/cmake/export_gps_msg__rosidl_typesupport_fastrtps_cppExport.cmake
[5.657s] -- Up-to-date: /home/bcesar/Documents/Git/EECE5554/LAB1/install/gps_msg/share/gps_msg/cmake/export_gps_msg__rosidl_typesupport_fastrtps_cppExport-noconfig.cmake
[5.657s] -- Up-to-date: /home/bcesar/Documents/Git/EECE5554/LAB1/install/gps_msg/share/gps_msg/cmake/gps_msg__rosidl_typesupport_introspection_cExport.cmake
[5.657s] -- Up-to-date: /home/bcesar/Documents/Git/EECE5554/LAB1/install/gps_msg/share/gps_msg/cmake/gps_msg__rosidl_typesupport_introspection_cExport-noconfig.cmake
[5.657s] -- Up-to-date: /home/bcesar/Documents/Git/EECE5554/LAB1/install/gps_msg/share/gps_msg/cmake/gps_msg__rosidl_typesupport_cExport.cmake
[5.657s] -- Up-to-date: /home/bcesar/Documents/Git/EECE5554/LAB1/install/gps_msg/share/gps_msg/cmake/gps_msg__rosidl_typesupport_cExport-noconfig.cmake
[5.657s] -- Up-to-date: /home/bcesar/Documents/Git/EECE5554/LAB1/install/gps_msg/share/gps_msg/cmake/gps_msg__rosidl_typesupport_introspection_cppExport.cmake
[5.657s] -- Up-to-date: /home/bcesar/Documents/Git/EECE5554/LAB1/install/gps_msg/share/gps_msg/cmake/gps_msg__rosidl_typesupport_introspection_cppExport-noconfig.cmake
[5.657s] -- Up-to-date: /home/bcesar/Documents/Git/EECE5554/LAB1/install/gps_msg/share/gps_msg/cmake/gps_msg__rosidl_typesupport_cppExport.cmake
[5.657s] -- Up-to-date: /home/bcesar/Documents/Git/EECE5554/LAB1/install/gps_msg/share/gps_msg/cmake/gps_msg__rosidl_typesupport_cppExport-noconfig.cmake
[5.658s] -- Up-to-date: /home/bcesar/Documents/Git/EECE5554/LAB1/install/gps_msg/share/gps_msg/cmake/export_gps_msg__rosidl_generator_pyExport.cmake
[5.658s] -- Up-to-date: /home/bcesar/Documents/Git/EECE5554/LAB1/install/gps_msg/share/gps_msg/cmake/export_gps_msg__rosidl_generator_pyExport-noconfig.cmake
[5.658s] -- Installing: /home/bcesar/Documents/Git/EECE5554/LAB1/install/gps_msg/share/gps_msg/cmake/rosidl_cmake-extras.cmake
[5.658s] -- Up-to-date: /home/bcesar/Documents/Git/EECE5554/LAB1/install/gps_msg/share/gps_msg/cmake/ament_cmake_export_dependencies-extras.cmake
[5.658s] -- Up-to-date: /home/bcesar/Documents/Git/EECE5554/LAB1/install/gps_msg/share/gps_msg/cmake/ament_cmake_export_include_directories-extras.cmake
[5.658s] -- Up-to-date: /home/bcesar/Documents/Git/EECE5554/LAB1/install/gps_msg/share/gps_msg/cmake/ament_cmake_export_libraries-extras.cmake
[5.658s] -- Up-to-date: /home/bcesar/Documents/Git/EECE5554/LAB1/install/gps_msg/share/gps_msg/cmake/ament_cmake_export_targets-extras.cmake
[5.658s] -- Up-to-date: /home/bcesar/Documents/Git/EECE5554/LAB1/install/gps_msg/share/gps_msg/cmake/rosidl_cmake_export_typesupport_targets-extras.cmake
[5.658s] -- Up-to-date: /home/bcesar/Documents/Git/EECE5554/LAB1/install/gps_msg/share/gps_msg/cmake/rosidl_cmake_export_typesupport_libraries-extras.cmake
[5.658s] -- Up-to-date: /home/bcesar/Documents/Git/EECE5554/LAB1/install/gps_msg/share/gps_msg/cmake/gps_msgConfig.cmake
[5.658s] -- Up-to-date: /home/bcesar/Documents/Git/EECE5554/LAB1/install/gps_msg/share/gps_msg/cmake/gps_msgConfig-version.cmake
[5.658s] -- Up-to-date: /home/bcesar/Documents/Git/EECE5554/LAB1/install/gps_msg/share/gps_msg/package.xml
[5.661s] Invoked command in '/home/bcesar/Documents/Git/EECE5554/LAB1/build/gps_msg' returned '0': CMAKE_PREFIX_PATH=${CMAKE_PREFIX_PATH}:/home/bcesar/Documents/Git/EECE5554/LAB1/install/gps_driver:/opt/ros/humble /usr/bin/cmake --install /home/bcesar/Documents/Git/EECE5554/LAB1/build/gps_msg
