[1.069s] Invoking command in '/home/bcesar/ros2_ws/src/py_pubsub': PYTHONPATH=/home/bcesar/ros2_ws/build/py_pubsub/prefix_override:/usr/lib/python3/dist-packages/colcon_core/task/python/colcon_distutils_commands:/home/bcesar/ros2_ws/install/py_pubsub/lib/python3.10/site-packages:${PYTHONPATH} /usr/bin/python3 -W ignore:setup.py install is deprecated -W ignore:easy_install command is deprecated setup.py egg_info --egg-base ../../build/py_pubsub build --build-base /home/bcesar/ros2_ws/build/py_pubsub/build install --record /home/bcesar/ros2_ws/build/py_pubsub/install.log --single-version-externally-managed install_data
[1.502s] running egg_info
[1.504s] creating ../../build/py_pubsub/py_pubsub.egg-info
[1.504s] writing ../../build/py_pubsub/py_pubsub.egg-info/PKG-INFO
[1.504s] writing dependency_links to ../../build/py_pubsub/py_pubsub.egg-info/dependency_links.txt
[1.504s] writing entry points to ../../build/py_pubsub/py_pubsub.egg-info/entry_points.txt
[1.504s] writing requirements to ../../build/py_pubsub/py_pubsub.egg-info/requires.txt
[1.504s] writing top-level names to ../../build/py_pubsub/py_pubsub.egg-info/top_level.txt
[1.505s] writing manifest file '../../build/py_pubsub/py_pubsub.egg-info/SOURCES.txt'
[1.508s] reading manifest file '../../build/py_pubsub/py_pubsub.egg-info/SOURCES.txt'
[1.508s] adding license file 'LICENSE'
[1.509s] writing manifest file '../../build/py_pubsub/py_pubsub.egg-info/SOURCES.txt'
[1.509s] running build
[1.509s] running build_py
[1.510s] creating /home/bcesar/ros2_ws/build/py_pubsub/build
[1.510s] creating /home/bcesar/ros2_ws/build/py_pubsub/build/lib
[1.510s] creating /home/bcesar/ros2_ws/build/py_pubsub/build/lib/py_pubsub
[1.510s] copying py_pubsub/subscriber_member_function.py -> /home/bcesar/ros2_ws/build/py_pubsub/build/lib/py_pubsub
[1.510s] copying py_pubsub/__init__.py -> /home/bcesar/ros2_ws/build/py_pubsub/build/lib/py_pubsub
[1.510s] copying py_pubsub/publisher_member_function.py -> /home/bcesar/ros2_ws/build/py_pubsub/build/lib/py_pubsub
[1.510s] running install
[1.513s] running install_lib
[1.513s] creating /home/bcesar/ros2_ws/install/py_pubsub/lib/python3.10/site-packages/py_pubsub
[1.513s] copying /home/bcesar/ros2_ws/build/py_pubsub/build/lib/py_pubsub/subscriber_member_function.py -> /home/bcesar/ros2_ws/install/py_pubsub/lib/python3.10/site-packages/py_pubsub
[1.513s] copying /home/bcesar/ros2_ws/build/py_pubsub/build/lib/py_pubsub/__init__.py -> /home/bcesar/ros2_ws/install/py_pubsub/lib/python3.10/site-packages/py_pubsub
[1.513s] copying /home/bcesar/ros2_ws/build/py_pubsub/build/lib/py_pubsub/publisher_member_function.py -> /home/bcesar/ros2_ws/install/py_pubsub/lib/python3.10/site-packages/py_pubsub
[1.514s] byte-compiling /home/bcesar/ros2_ws/install/py_pubsub/lib/python3.10/site-packages/py_pubsub/subscriber_member_function.py to subscriber_member_function.cpython-310.pyc
[1.515s] byte-compiling /home/bcesar/ros2_ws/install/py_pubsub/lib/python3.10/site-packages/py_pubsub/__init__.py to __init__.cpython-310.pyc
[1.515s] byte-compiling /home/bcesar/ros2_ws/install/py_pubsub/lib/python3.10/site-packages/py_pubsub/publisher_member_function.py to publisher_member_function.cpython-310.pyc
[1.516s] running install_data
[1.516s] creating /home/bcesar/ros2_ws/install/py_pubsub/share
[1.516s] creating /home/bcesar/ros2_ws/install/py_pubsub/share/ament_index
[1.516s] creating /home/bcesar/ros2_ws/install/py_pubsub/share/ament_index/resource_index
[1.516s] creating /home/bcesar/ros2_ws/install/py_pubsub/share/ament_index/resource_index/packages
[1.517s] copying resource/py_pubsub -> /home/bcesar/ros2_ws/install/py_pubsub/share/ament_index/resource_index/packages
[1.517s] creating /home/bcesar/ros2_ws/install/py_pubsub/share/py_pubsub
[1.517s] copying package.xml -> /home/bcesar/ros2_ws/install/py_pubsub/share/py_pubsub
[1.517s] running install_egg_info
[1.520s] Copying ../../build/py_pubsub/py_pubsub.egg-info to /home/bcesar/ros2_ws/install/py_pubsub/lib/python3.10/site-packages/py_pubsub-0.0.0-py3.10.egg-info
[1.523s] running install_scripts
[1.562s] Installing listener script to /home/bcesar/ros2_ws/install/py_pubsub/lib/py_pubsub
[1.562s] Installing talker script to /home/bcesar/ros2_ws/install/py_pubsub/lib/py_pubsub
[1.563s] writing list of installed files to '/home/bcesar/ros2_ws/build/py_pubsub/install.log'
[1.593s] Invoked command in '/home/bcesar/ros2_ws/src/py_pubsub' returned '0': PYTHONPATH=/home/bcesar/ros2_ws/build/py_pubsub/prefix_override:/usr/lib/python3/dist-packages/colcon_core/task/python/colcon_distutils_commands:/home/bcesar/ros2_ws/install/py_pubsub/lib/python3.10/site-packages:${PYTHONPATH} /usr/bin/python3 -W ignore:setup.py install is deprecated -W ignore:easy_install command is deprecated setup.py egg_info --egg-base ../../build/py_pubsub build --build-base /home/bcesar/ros2_ws/build/py_pubsub/build install --record /home/bcesar/ros2_ws/build/py_pubsub/install.log --single-version-externally-managed install_data
