[0.025s] Invoking command in '/home/bcesar/Documents/Git/EECE5554/LAB1/build/gps_msg': CMAKE_PREFIX_PATH=/opt/ros/humble /usr/bin/cmake --build /home/bcesar/Documents/Git/EECE5554/LAB1/build/gps_msg -- -j2 -l2
[0.128s] [  3%] Built target gps_msg__cpp
[0.128s] [ 12%] Built target gps_msg__rosidl_generator_c
[0.160s] [ 22%] Built target gps_msg__rosidl_typesupport_introspection_c
[0.177s] [ 22%] Built target ament_cmake_python_copy_gps_msg
[0.193s] [ 32%] Built target gps_msg__rosidl_typesupport_c
[0.208s] [ 41%] Built target gps_msg__rosidl_typesupport_introspection_cpp
[0.228s] [ 51%] Built target gps_msg__rosidl_typesupport_cpp
[0.244s] [ 61%] Built target gps_msg__rosidl_typesupport_fastrtps_c
[0.261s] [ 70%] Built target gps_msg__rosidl_typesupport_fastrtps_cpp
[0.290s] [ 70%] Built target gps_msg
[0.320s] [ 74%] Built target gps_msg__py
[0.357s] [ 80%] Built target gps_msg__rosidl_generator_py
[0.390s] [ 87%] Built target gps_msg__rosidl_typesupport_fastrtps_c__pyext
[0.422s] [ 93%] Built target gps_msg__rosidl_typesupport_introspection_c__pyext
[0.458s] [100%] Built target gps_msg__rosidl_typesupport_c__pyext
[0.521s] running egg_info
[0.522s] writing gps_msg.egg-info/PKG-INFO
[0.523s] writing dependency_links to gps_msg.egg-info/dependency_links.txt
[0.523s] writing top-level names to gps_msg.egg-info/top_level.txt
[0.528s] reading manifest file 'gps_msg.egg-info/SOURCES.txt'
[0.529s] writing manifest file 'gps_msg.egg-info/SOURCES.txt'
[0.560s] [100%] Built target ament_cmake_python_build_gps_msg_egg
[0.577s] Invoked command in '/home/bcesar/Documents/Git/EECE5554/LAB1/build/gps_msg' returned '0': CMAKE_PREFIX_PATH=/opt/ros/humble /usr/bin/cmake --build /home/bcesar/Documents/Git/EECE5554/LAB1/build/gps_msg -- -j2 -l2
[0.596s] Invoking command in '/home/bcesar/Documents/Git/EECE5554/LAB1/build/gps_msg': CMAKE_PREFIX_PATH=/opt/ros/humble /usr/bin/cmake --install /home/bcesar/Documents/Git/EECE5554/LAB1/build/gps_msg
[0.607s] -- Install configuration: ""
[0.608s] -- Up-to-date: /home/bcesar/Documents/Git/EECE5554/LAB1/install/gps_msg/share/ament_index/resource_index/rosidl_interfaces/gps_msg
[0.608s] -- Up-to-date: /home/bcesar/Documents/Git/EECE5554/LAB1/install/gps_msg/include/gps_msg/gps_msg
[0.608s] -- Up-to-date: /home/bcesar/Documents/Git/EECE5554/LAB1/install/gps_msg/include/gps_msg/gps_msg/msg
[0.610s] -- Up-to-date: /home/bcesar/Documents/Git/EECE5554/LAB1/install/gps_msg/include/gps_msg/gps_msg/msg/gps_msg.h
[0.610s] -- Up-to-date: /home/bcesar/Documents/Git/EECE5554/LAB1/install/gps_msg/include/gps_msg/gps_msg/msg/gp_smsg.h
[0.610s] -- Up-to-date: /home/bcesar/Documents/Git/EECE5554/LAB1/install/gps_msg/include/gps_msg/gps_msg/msg/detail
[0.610s] -- Up-to-date: /home/bcesar/Documents/Git/EECE5554/LAB1/install/gps_msg/include/gps_msg/gps_msg/msg/detail/gp_smsg__type_support.h
[0.610s] -- Up-to-date: /home/bcesar/Documents/Git/EECE5554/LAB1/install/gps_msg/include/gps_msg/gps_msg/msg/detail/gp_smsg__struct.h
[0.610s] -- Up-to-date: /home/bcesar/Documents/Git/EECE5554/LAB1/install/gps_msg/include/gps_msg/gps_msg/msg/detail/gp_smsg__functions.c
[0.610s] -- Up-to-date: /home/bcesar/Documents/Git/EECE5554/LAB1/install/gps_msg/include/gps_msg/gps_msg/msg/detail/gp_smsg__functions.h
[0.610s] -- Up-to-date: /home/bcesar/Documents/Git/EECE5554/LAB1/install/gps_msg/include/gps_msg/gps_msg/msg/detail/gps_msg__type_support.h
[0.610s] -- Up-to-date: /home/bcesar/Documents/Git/EECE5554/LAB1/install/gps_msg/include/gps_msg/gps_msg/msg/detail/gps_msg__functions.c
[0.610s] -- Up-to-date: /home/bcesar/Documents/Git/EECE5554/LAB1/install/gps_msg/include/gps_msg/gps_msg/msg/detail/gps_msg__functions.h
[0.610s] -- Up-to-date: /home/bcesar/Documents/Git/EECE5554/LAB1/install/gps_msg/include/gps_msg/gps_msg/msg/detail/gps_msg__struct.h
[0.610s] -- Up-to-date: /home/bcesar/Documents/Git/EECE5554/LAB1/install/gps_msg/include/gps_msg/gps_msg/msg/rosidl_generator_c__visibility_control.h
[0.610s] -- Up-to-date: /home/bcesar/Documents/Git/EECE5554/LAB1/install/gps_msg/share/gps_msg/environment/library_path.sh
[0.610s] -- Up-to-date: /home/bcesar/Documents/Git/EECE5554/LAB1/install/gps_msg/share/gps_msg/environment/library_path.dsv
[0.612s] -- Up-to-date: /home/bcesar/Documents/Git/EECE5554/LAB1/install/gps_msg/lib/libgps_msg__rosidl_generator_c.so
[0.612s] -- Up-to-date: /home/bcesar/Documents/Git/EECE5554/LAB1/install/gps_msg/include/gps_msg/gps_msg
[0.612s] -- Up-to-date: /home/bcesar/Documents/Git/EECE5554/LAB1/install/gps_msg/include/gps_msg/gps_msg/msg
[0.612s] -- Up-to-date: /home/bcesar/Documents/Git/EECE5554/LAB1/install/gps_msg/include/gps_msg/gps_msg/msg/rosidl_typesupport_fastrtps_c__visibility_control.h
[0.613s] -- Up-to-date: /home/bcesar/Documents/Git/EECE5554/LAB1/install/gps_msg/include/gps_msg/gps_msg/msg/detail
[0.613s] -- Up-to-date: /home/bcesar/Documents/Git/EECE5554/LAB1/install/gps_msg/include/gps_msg/gps_msg/msg/detail/gp_smsg__rosidl_typesupport_fastrtps_c.h
[0.613s] -- Up-to-date: /home/bcesar/Documents/Git/EECE5554/LAB1/install/gps_msg/include/gps_msg/gps_msg/msg/detail/gps_msg__rosidl_typesupport_fastrtps_c.h
[0.614s] -- Up-to-date: /home/bcesar/Documents/Git/EECE5554/LAB1/install/gps_msg/lib/libgps_msg__rosidl_typesupport_fastrtps_c.so
[0.615s] -- Up-to-date: /home/bcesar/Documents/Git/EECE5554/LAB1/install/gps_msg/include/gps_msg/gps_msg
[0.616s] -- Up-to-date: /home/bcesar/Documents/Git/EECE5554/LAB1/install/gps_msg/include/gps_msg/gps_msg/msg
[0.616s] -- Up-to-date: /home/bcesar/Documents/Git/EECE5554/LAB1/install/gps_msg/include/gps_msg/gps_msg/msg/gp_smsg.hpp
[0.616s] -- Up-to-date: /home/bcesar/Documents/Git/EECE5554/LAB1/install/gps_msg/include/gps_msg/gps_msg/msg/rosidl_generator_cpp__visibility_control.hpp
[0.616s] -- Up-to-date: /home/bcesar/Documents/Git/EECE5554/LAB1/install/gps_msg/include/gps_msg/gps_msg/msg/gps_msg.hpp
[0.617s] -- Up-to-date: /home/bcesar/Documents/Git/EECE5554/LAB1/install/gps_msg/include/gps_msg/gps_msg/msg/detail
[0.617s] -- Up-to-date: /home/bcesar/Documents/Git/EECE5554/LAB1/install/gps_msg/include/gps_msg/gps_msg/msg/detail/gp_smsg__builder.hpp
[0.618s] -- Up-to-date: /home/bcesar/Documents/Git/EECE5554/LAB1/install/gps_msg/include/gps_msg/gps_msg/msg/detail/gps_msg__struct.hpp
[0.618s] -- Up-to-date: /home/bcesar/Documents/Git/EECE5554/LAB1/install/gps_msg/include/gps_msg/gps_msg/msg/detail/gps_msg__builder.hpp
[0.618s] -- Up-to-date: /home/bcesar/Documents/Git/EECE5554/LAB1/install/gps_msg/include/gps_msg/gps_msg/msg/detail/gps_msg__traits.hpp
[0.618s] -- Up-to-date: /home/bcesar/Documents/Git/EECE5554/LAB1/install/gps_msg/include/gps_msg/gps_msg/msg/detail/gps_msg__type_support.hpp
[0.618s] -- Up-to-date: /home/bcesar/Documents/Git/EECE5554/LAB1/install/gps_msg/include/gps_msg/gps_msg/msg/detail/gp_smsg__traits.hpp
[0.618s] -- Up-to-date: /home/bcesar/Documents/Git/EECE5554/LAB1/install/gps_msg/include/gps_msg/gps_msg/msg/detail/gp_smsg__struct.hpp
[0.618s] -- Up-to-date: /home/bcesar/Documents/Git/EECE5554/LAB1/install/gps_msg/include/gps_msg/gps_msg/msg/detail/gp_smsg__type_support.hpp
[0.618s] -- Up-to-date: /home/bcesar/Documents/Git/EECE5554/LAB1/install/gps_msg/include/gps_msg/gps_msg
[0.619s] -- Up-to-date: /home/bcesar/Documents/Git/EECE5554/LAB1/install/gps_msg/include/gps_msg/gps_msg/msg
[0.619s] -- Up-to-date: /home/bcesar/Documents/Git/EECE5554/LAB1/install/gps_msg/include/gps_msg/gps_msg/msg/rosidl_typesupport_fastrtps_cpp__visibility_control.h
[0.619s] -- Up-to-date: /home/bcesar/Documents/Git/EECE5554/LAB1/install/gps_msg/include/gps_msg/gps_msg/msg/detail
[0.619s] -- Up-to-date: /home/bcesar/Documents/Git/EECE5554/LAB1/install/gps_msg/include/gps_msg/gps_msg/msg/detail/dds_fastrtps
[0.620s] -- Up-to-date: /home/bcesar/Documents/Git/EECE5554/LAB1/install/gps_msg/include/gps_msg/gps_msg/msg/detail/gp_smsg__rosidl_typesupport_fastrtps_cpp.hpp
[0.620s] -- Up-to-date: /home/bcesar/Documents/Git/EECE5554/LAB1/install/gps_msg/include/gps_msg/gps_msg/msg/detail/gps_msg__rosidl_typesupport_fastrtps_cpp.hpp
[0.621s] -- Up-to-date: /home/bcesar/Documents/Git/EECE5554/LAB1/install/gps_msg/lib/libgps_msg__rosidl_typesupport_fastrtps_cpp.so
[0.621s] -- Up-to-date: /home/bcesar/Documents/Git/EECE5554/LAB1/install/gps_msg/include/gps_msg/gps_msg
[0.622s] -- Up-to-date: /home/bcesar/Documents/Git/EECE5554/LAB1/install/gps_msg/include/gps_msg/gps_msg/msg
[0.623s] -- Up-to-date: /home/bcesar/Documents/Git/EECE5554/LAB1/install/gps_msg/include/gps_msg/gps_msg/msg/rosidl_typesupport_introspection_c__visibility_control.h
[0.623s] -- Up-to-date: /home/bcesar/Documents/Git/EECE5554/LAB1/install/gps_msg/include/gps_msg/gps_msg/msg/detail
[0.623s] -- Up-to-date: /home/bcesar/Documents/Git/EECE5554/LAB1/install/gps_msg/include/gps_msg/gps_msg/msg/detail/gp_smsg__rosidl_typesupport_introspection_c.h
[0.623s] -- Up-to-date: /home/bcesar/Documents/Git/EECE5554/LAB1/install/gps_msg/include/gps_msg/gps_msg/msg/detail/gp_smsg__type_support.c
[0.623s] -- Up-to-date: /home/bcesar/Documents/Git/EECE5554/LAB1/install/gps_msg/include/gps_msg/gps_msg/msg/detail/gps_msg__rosidl_typesupport_introspection_c.h
[0.623s] -- Up-to-date: /home/bcesar/Documents/Git/EECE5554/LAB1/install/gps_msg/include/gps_msg/gps_msg/msg/detail/gps_msg__type_support.c
[0.624s] -- Up-to-date: /home/bcesar/Documents/Git/EECE5554/LAB1/install/gps_msg/lib/libgps_msg__rosidl_typesupport_introspection_c.so
[0.625s] -- Up-to-date: /home/bcesar/Documents/Git/EECE5554/LAB1/install/gps_msg/lib/libgps_msg__rosidl_typesupport_c.so
[0.625s] -- Up-to-date: /home/bcesar/Documents/Git/EECE5554/LAB1/install/gps_msg/include/gps_msg/gps_msg
[0.625s] -- Up-to-date: /home/bcesar/Documents/Git/EECE5554/LAB1/install/gps_msg/include/gps_msg/gps_msg/msg
[0.626s] -- Up-to-date: /home/bcesar/Documents/Git/EECE5554/LAB1/install/gps_msg/include/gps_msg/gps_msg/msg/detail
[0.626s] -- Up-to-date: /home/bcesar/Documents/Git/EECE5554/LAB1/install/gps_msg/include/gps_msg/gps_msg/msg/detail/gps_msg__type_support.cpp
[0.626s] -- Up-to-date: /home/bcesar/Documents/Git/EECE5554/LAB1/install/gps_msg/include/gps_msg/gps_msg/msg/detail/gp_smsg__type_support.cpp
[0.626s] -- Up-to-date: /home/bcesar/Documents/Git/EECE5554/LAB1/install/gps_msg/include/gps_msg/gps_msg/msg/detail/gps_msg__rosidl_typesupport_introspection_cpp.hpp
[0.626s] -- Up-to-date: /home/bcesar/Documents/Git/EECE5554/LAB1/install/gps_msg/include/gps_msg/gps_msg/msg/detail/gp_smsg__rosidl_typesupport_introspection_cpp.hpp
[0.627s] -- Up-to-date: /home/bcesar/Documents/Git/EECE5554/LAB1/install/gps_msg/lib/libgps_msg__rosidl_typesupport_introspection_cpp.so
[0.630s] -- Up-to-date: /home/bcesar/Documents/Git/EECE5554/LAB1/install/gps_msg/lib/libgps_msg__rosidl_typesupport_cpp.so
[0.630s] -- Up-to-date: /home/bcesar/Documents/Git/EECE5554/LAB1/install/gps_msg/share/gps_msg/environment/pythonpath.sh
[0.630s] -- Up-to-date: /home/bcesar/Documents/Git/EECE5554/LAB1/install/gps_msg/share/gps_msg/environment/pythonpath.dsv
[0.630s] -- Up-to-date: /home/bcesar/Documents/Git/EECE5554/LAB1/install/gps_msg/local/lib/python3.10/dist-packages/gps_msg-0.0.0-py3.10.egg-info
[0.630s] -- Installing: /home/bcesar/Documents/Git/EECE5554/LAB1/install/gps_msg/local/lib/python3.10/dist-packages/gps_msg-0.0.0-py3.10.egg-info/top_level.txt
[0.630s] -- Installing: /home/bcesar/Documents/Git/EECE5554/LAB1/install/gps_msg/local/lib/python3.10/dist-packages/gps_msg-0.0.0-py3.10.egg-info/SOURCES.txt
[0.630s] -- Installing: /home/bcesar/Documents/Git/EECE5554/LAB1/install/gps_msg/local/lib/python3.10/dist-packages/gps_msg-0.0.0-py3.10.egg-info/PKG-INFO
[0.631s] -- Installing: /home/bcesar/Documents/Git/EECE5554/LAB1/install/gps_msg/local/lib/python3.10/dist-packages/gps_msg-0.0.0-py3.10.egg-info/dependency_links.txt
[0.631s] -- Up-to-date: /home/bcesar/Documents/Git/EECE5554/LAB1/install/gps_msg/local/lib/python3.10/dist-packages/gps_msg
[0.631s] -- Up-to-date: /home/bcesar/Documents/Git/EECE5554/LAB1/install/gps_msg/local/lib/python3.10/dist-packages/gps_msg/gps_msg_s__rosidl_typesupport_introspection_c.cpython-310-x86_64-linux-gnu.so
[0.631s] -- Up-to-date: /home/bcesar/Documents/Git/EECE5554/LAB1/install/gps_msg/local/lib/python3.10/dist-packages/gps_msg/msg
[0.631s] -- Up-to-date: /home/bcesar/Documents/Git/EECE5554/LAB1/install/gps_msg/local/lib/python3.10/dist-packages/gps_msg/msg/_gp_smsg.py
[0.631s] -- Up-to-date: /home/bcesar/Documents/Git/EECE5554/LAB1/install/gps_msg/local/lib/python3.10/dist-packages/gps_msg/msg/_gps_msg.py
[0.632s] -- Up-to-date: /home/bcesar/Documents/Git/EECE5554/LAB1/install/gps_msg/local/lib/python3.10/dist-packages/gps_msg/msg/__init__.py
[0.632s] -- Up-to-date: /home/bcesar/Documents/Git/EECE5554/LAB1/install/gps_msg/local/lib/python3.10/dist-packages/gps_msg/msg/_gps_msg_s.c
[0.632s] -- Up-to-date: /home/bcesar/Documents/Git/EECE5554/LAB1/install/gps_msg/local/lib/python3.10/dist-packages/gps_msg/msg/_gp_smsg_s.c
[0.632s] -- Up-to-date: /home/bcesar/Documents/Git/EECE5554/LAB1/install/gps_msg/local/lib/python3.10/dist-packages/gps_msg/gps_msg_s__rosidl_typesupport_c.cpython-310-x86_64-linux-gnu.so
[0.632s] -- Up-to-date: /home/bcesar/Documents/Git/EECE5554/LAB1/install/gps_msg/local/lib/python3.10/dist-packages/gps_msg/_gps_msg_s.ep.rosidl_typesupport_fastrtps_c.c
[0.632s] -- Up-to-date: /home/bcesar/Documents/Git/EECE5554/LAB1/install/gps_msg/local/lib/python3.10/dist-packages/gps_msg/_gps_msg_s.ep.rosidl_typesupport_introspection_c.c
[0.632s] -- Up-to-date: /home/bcesar/Documents/Git/EECE5554/LAB1/install/gps_msg/local/lib/python3.10/dist-packages/gps_msg/_gps_msg_s.ep.rosidl_typesupport_c.c
[0.632s] -- Up-to-date: /home/bcesar/Documents/Git/EECE5554/LAB1/install/gps_msg/local/lib/python3.10/dist-packages/gps_msg/__init__.py
[0.632s] -- Up-to-date: /home/bcesar/Documents/Git/EECE5554/LAB1/install/gps_msg/local/lib/python3.10/dist-packages/gps_msg/libgps_msg__rosidl_generator_py.so
[0.632s] -- Up-to-date: /home/bcesar/Documents/Git/EECE5554/LAB1/install/gps_msg/local/lib/python3.10/dist-packages/gps_msg/gps_msg_s__rosidl_typesupport_fastrtps_c.cpython-310-x86_64-linux-gnu.so
[0.672s] Listing '/home/bcesar/Documents/Git/EECE5554/LAB1/install/gps_msg/local/lib/python3.10/dist-packages/gps_msg'...
[0.672s] Listing '/home/bcesar/Documents/Git/EECE5554/LAB1/install/gps_msg/local/lib/python3.10/dist-packages/gps_msg/msg'...
[0.677s] -- Up-to-date: /home/bcesar/Documents/Git/EECE5554/LAB1/install/gps_msg/local/lib/python3.10/dist-packages/gps_msg/gps_msg_s__rosidl_typesupport_fastrtps_c.cpython-310-x86_64-linux-gnu.so
[0.678s] -- Up-to-date: /home/bcesar/Documents/Git/EECE5554/LAB1/install/gps_msg/local/lib/python3.10/dist-packages/gps_msg/gps_msg_s__rosidl_typesupport_introspection_c.cpython-310-x86_64-linux-gnu.so
[0.679s] -- Up-to-date: /home/bcesar/Documents/Git/EECE5554/LAB1/install/gps_msg/local/lib/python3.10/dist-packages/gps_msg/gps_msg_s__rosidl_typesupport_c.cpython-310-x86_64-linux-gnu.so
[0.680s] -- Up-to-date: /home/bcesar/Documents/Git/EECE5554/LAB1/install/gps_msg/lib/libgps_msg__rosidl_generator_py.so
[0.681s] -- Up-to-date: /home/bcesar/Documents/Git/EECE5554/LAB1/install/gps_msg/share/gps_msg/msg/GpsMsg.idl
[0.681s] -- Up-to-date: /home/bcesar/Documents/Git/EECE5554/LAB1/install/gps_msg/share/gps_msg/msg/GpsMsg.msg
[0.681s] -- Up-to-date: /home/bcesar/Documents/Git/EECE5554/LAB1/install/gps_msg/share/ament_index/resource_index/package_run_dependencies/gps_msg
[0.681s] -- Up-to-date: /home/bcesar/Documents/Git/EECE5554/LAB1/install/gps_msg/share/ament_index/resource_index/parent_prefix_path/gps_msg
[0.681s] -- Up-to-date: /home/bcesar/Documents/Git/EECE5554/LAB1/install/gps_msg/share/gps_msg/environment/ament_prefix_path.sh
[0.681s] -- Up-to-date: /home/bcesar/Documents/Git/EECE5554/LAB1/install/gps_msg/share/gps_msg/environment/ament_prefix_path.dsv
[0.681s] -- Up-to-date: /home/bcesar/Documents/Git/EECE5554/LAB1/install/gps_msg/share/gps_msg/environment/path.sh
[0.681s] -- Up-to-date: /home/bcesar/Documents/Git/EECE5554/LAB1/install/gps_msg/share/gps_msg/environment/path.dsv
[0.682s] -- Up-to-date: /home/bcesar/Documents/Git/EECE5554/LAB1/install/gps_msg/share/gps_msg/local_setup.bash
[0.682s] -- Up-to-date: /home/bcesar/Documents/Git/EECE5554/LAB1/install/gps_msg/share/gps_msg/local_setup.sh
[0.682s] -- Up-to-date: /home/bcesar/Documents/Git/EECE5554/LAB1/install/gps_msg/share/gps_msg/local_setup.zsh
[0.682s] -- Up-to-date: /home/bcesar/Documents/Git/EECE5554/LAB1/install/gps_msg/share/gps_msg/local_setup.dsv
[0.682s] -- Installing: /home/bcesar/Documents/Git/EECE5554/LAB1/install/gps_msg/share/gps_msg/package.dsv
[0.682s] -- Up-to-date: /home/bcesar/Documents/Git/EECE5554/LAB1/install/gps_msg/share/ament_index/resource_index/packages/gps_msg
[0.683s] -- Up-to-date: /home/bcesar/Documents/Git/EECE5554/LAB1/install/gps_msg/share/gps_msg/cmake/export_gps_msg__rosidl_generator_cExport.cmake
[0.683s] -- Up-to-date: /home/bcesar/Documents/Git/EECE5554/LAB1/install/gps_msg/share/gps_msg/cmake/export_gps_msg__rosidl_generator_cExport-noconfig.cmake
[0.683s] -- Up-to-date: /home/bcesar/Documents/Git/EECE5554/LAB1/install/gps_msg/share/gps_msg/cmake/export_gps_msg__rosidl_typesupport_fastrtps_cExport.cmake
[0.683s] -- Up-to-date: /home/bcesar/Documents/Git/EECE5554/LAB1/install/gps_msg/share/gps_msg/cmake/export_gps_msg__rosidl_typesupport_fastrtps_cExport-noconfig.cmake
[0.684s] -- Up-to-date: /home/bcesar/Documents/Git/EECE5554/LAB1/install/gps_msg/share/gps_msg/cmake/export_gps_msg__rosidl_generator_cppExport.cmake
[0.685s] -- Up-to-date: /home/bcesar/Documents/Git/EECE5554/LAB1/install/gps_msg/share/gps_msg/cmake/export_gps_msg__rosidl_typesupport_fastrtps_cppExport.cmake
[0.685s] -- Up-to-date: /home/bcesar/Documents/Git/EECE5554/LAB1/install/gps_msg/share/gps_msg/cmake/export_gps_msg__rosidl_typesupport_fastrtps_cppExport-noconfig.cmake
[0.685s] -- Up-to-date: /home/bcesar/Documents/Git/EECE5554/LAB1/install/gps_msg/share/gps_msg/cmake/gps_msg__rosidl_typesupport_introspection_cExport.cmake
[0.685s] -- Up-to-date: /home/bcesar/Documents/Git/EECE5554/LAB1/install/gps_msg/share/gps_msg/cmake/gps_msg__rosidl_typesupport_introspection_cExport-noconfig.cmake
[0.686s] -- Up-to-date: /home/bcesar/Documents/Git/EECE5554/LAB1/install/gps_msg/share/gps_msg/cmake/gps_msg__rosidl_typesupport_cExport.cmake
[0.686s] -- Up-to-date: /home/bcesar/Documents/Git/EECE5554/LAB1/install/gps_msg/share/gps_msg/cmake/gps_msg__rosidl_typesupport_cExport-noconfig.cmake
[0.686s] -- Up-to-date: /home/bcesar/Documents/Git/EECE5554/LAB1/install/gps_msg/share/gps_msg/cmake/gps_msg__rosidl_typesupport_introspection_cppExport.cmake
[0.687s] -- Up-to-date: /home/bcesar/Documents/Git/EECE5554/LAB1/install/gps_msg/share/gps_msg/cmake/gps_msg__rosidl_typesupport_introspection_cppExport-noconfig.cmake
[0.687s] -- Up-to-date: /home/bcesar/Documents/Git/EECE5554/LAB1/install/gps_msg/share/gps_msg/cmake/gps_msg__rosidl_typesupport_cppExport.cmake
[0.687s] -- Up-to-date: /home/bcesar/Documents/Git/EECE5554/LAB1/install/gps_msg/share/gps_msg/cmake/gps_msg__rosidl_typesupport_cppExport-noconfig.cmake
[0.688s] -- Up-to-date: /home/bcesar/Documents/Git/EECE5554/LAB1/install/gps_msg/share/gps_msg/cmake/export_gps_msg__rosidl_generator_pyExport.cmake
[0.688s] -- Up-to-date: /home/bcesar/Documents/Git/EECE5554/LAB1/install/gps_msg/share/gps_msg/cmake/export_gps_msg__rosidl_generator_pyExport-noconfig.cmake
[0.688s] -- Up-to-date: /home/bcesar/Documents/Git/EECE5554/LAB1/install/gps_msg/share/gps_msg/cmake/rosidl_cmake-extras.cmake
[0.688s] -- Up-to-date: /home/bcesar/Documents/Git/EECE5554/LAB1/install/gps_msg/share/gps_msg/cmake/ament_cmake_export_dependencies-extras.cmake
[0.688s] -- Up-to-date: /home/bcesar/Documents/Git/EECE5554/LAB1/install/gps_msg/share/gps_msg/cmake/ament_cmake_export_include_directories-extras.cmake
[0.688s] -- Up-to-date: /home/bcesar/Documents/Git/EECE5554/LAB1/install/gps_msg/share/gps_msg/cmake/ament_cmake_export_libraries-extras.cmake
[0.688s] -- Up-to-date: /home/bcesar/Documents/Git/EECE5554/LAB1/install/gps_msg/share/gps_msg/cmake/ament_cmake_export_targets-extras.cmake
[0.688s] -- Up-to-date: /home/bcesar/Documents/Git/EECE5554/LAB1/install/gps_msg/share/gps_msg/cmake/rosidl_cmake_export_typesupport_targets-extras.cmake
[0.688s] -- Up-to-date: /home/bcesar/Documents/Git/EECE5554/LAB1/install/gps_msg/share/gps_msg/cmake/rosidl_cmake_export_typesupport_libraries-extras.cmake
[0.688s] -- Up-to-date: /home/bcesar/Documents/Git/EECE5554/LAB1/install/gps_msg/share/gps_msg/cmake/gps_msgConfig.cmake
[0.689s] -- Up-to-date: /home/bcesar/Documents/Git/EECE5554/LAB1/install/gps_msg/share/gps_msg/cmake/gps_msgConfig-version.cmake
[0.689s] -- Up-to-date: /home/bcesar/Documents/Git/EECE5554/LAB1/install/gps_msg/share/gps_msg/package.xml
[0.691s] Invoked command in '/home/bcesar/Documents/Git/EECE5554/LAB1/build/gps_msg' returned '0': CMAKE_PREFIX_PATH=/opt/ros/humble /usr/bin/cmake --install /home/bcesar/Documents/Git/EECE5554/LAB1/build/gps_msg
