[0.779s] Invoking command in '/home/bcesar/Documents/Git/EECE5554/LAB1/src/gps_driver': PYTHONPATH=/home/bcesar/Documents/Git/EECE5554/LAB1/build/gps_driver/prefix_override:/usr/lib/python3/dist-packages/colcon_core/task/python/colcon_distutils_commands:/home/bcesar/Documents/Git/EECE5554/LAB1/install/gps_driver/lib/python3.10/site-packages:${PYTHONPATH} /usr/bin/python3 -W ignore:setup.py install is deprecated -W ignore:easy_install command is deprecated setup.py egg_info --egg-base ../../build/gps_driver build --build-base /home/bcesar/Documents/Git/EECE5554/LAB1/build/gps_driver/build install --record /home/bcesar/Documents/Git/EECE5554/LAB1/build/gps_driver/install.log --single-version-externally-managed install_data
[1.070s] running egg_info
[1.071s] writing ../../build/gps_driver/gps_driver.egg-info/PKG-INFO
[1.071s] writing dependency_links to ../../build/gps_driver/gps_driver.egg-info/dependency_links.txt
[1.071s] writing entry points to ../../build/gps_driver/gps_driver.egg-info/entry_points.txt
[1.072s] writing requirements to ../../build/gps_driver/gps_driver.egg-info/requires.txt
[1.072s] writing top-level names to ../../build/gps_driver/gps_driver.egg-info/top_level.txt
[1.074s] reading manifest file '../../build/gps_driver/gps_driver.egg-info/SOURCES.txt'
[1.076s] writing manifest file '../../build/gps_driver/gps_driver.egg-info/SOURCES.txt'
[1.077s] running build
[1.077s] running build_py
[1.077s] running install
[1.077s] running install_lib
[1.079s] running install_data
[1.079s] running install_egg_info
[1.081s] removing '/home/bcesar/Documents/Git/EECE5554/LAB1/install/gps_driver/lib/python3.10/site-packages/gps_driver-0.0.0-py3.10.egg-info' (and everything under it)
[1.082s] Copying ../../build/gps_driver/gps_driver.egg-info to /home/bcesar/Documents/Git/EECE5554/LAB1/install/gps_driver/lib/python3.10/site-packages/gps_driver-0.0.0-py3.10.egg-info
[1.082s] running install_scripts
[1.105s] Installing driver script to /home/bcesar/Documents/Git/EECE5554/LAB1/install/gps_driver/lib/gps_driver
[1.105s] writing list of installed files to '/home/bcesar/Documents/Git/EECE5554/LAB1/build/gps_driver/install.log'
[1.128s] Invoked command in '/home/bcesar/Documents/Git/EECE5554/LAB1/src/gps_driver' returned '0': PYTHONPATH=/home/bcesar/Documents/Git/EECE5554/LAB1/build/gps_driver/prefix_override:/usr/lib/python3/dist-packages/colcon_core/task/python/colcon_distutils_commands:/home/bcesar/Documents/Git/EECE5554/LAB1/install/gps_driver/lib/python3.10/site-packages:${PYTHONPATH} /usr/bin/python3 -W ignore:setup.py install is deprecated -W ignore:easy_install command is deprecated setup.py egg_info --egg-base ../../build/gps_driver build --build-base /home/bcesar/Documents/Git/EECE5554/LAB1/build/gps_driver/build install --record /home/bcesar/Documents/Git/EECE5554/LAB1/build/gps_driver/install.log --single-version-externally-managed install_data
