[0.659s] Invoking command in '/home/bcesar/Documents/Git/EECE5554/LAB0/src/py_pubsub': PYTHONPATH=/home/bcesar/Documents/Git/EECE5554/LAB0/build/py_pubsub/prefix_override:/usr/lib/python3/dist-packages/colcon_core/task/python/colcon_distutils_commands:/home/bcesar/Documents/Git/EECE5554/LAB0/install/py_pubsub/lib/python3.10/site-packages:${PYTHONPATH} /usr/bin/python3 -W ignore:setup.py install is deprecated -W ignore:easy_install command is deprecated setup.py egg_info --egg-base ../../build/py_pubsub build --build-base /home/bcesar/Documents/Git/EECE5554/LAB0/build/py_pubsub/build install --record /home/bcesar/Documents/Git/EECE5554/LAB0/build/py_pubsub/install.log --single-version-externally-managed install_data
[0.915s] running egg_info
[0.916s] writing ../../build/py_pubsub/py_pubsub.egg-info/PKG-INFO
[0.916s] writing dependency_links to ../../build/py_pubsub/py_pubsub.egg-info/dependency_links.txt
[0.916s] writing entry points to ../../build/py_pubsub/py_pubsub.egg-info/entry_points.txt
[0.916s] writing requirements to ../../build/py_pubsub/py_pubsub.egg-info/requires.txt
[0.916s] writing top-level names to ../../build/py_pubsub/py_pubsub.egg-info/top_level.txt
[0.918s] reading manifest file '../../build/py_pubsub/py_pubsub.egg-info/SOURCES.txt'
[0.918s] adding license file 'LICENSE'
[0.919s] writing manifest file '../../build/py_pubsub/py_pubsub.egg-info/SOURCES.txt'
[0.919s] running build
[0.919s] running build_py
[0.920s] copying py_pubsub/publisher_member_function.py -> /home/bcesar/Documents/Git/EECE5554/LAB0/build/py_pubsub/build/lib/py_pubsub
[0.920s] running install
[0.920s] running install_lib
[0.921s] copying /home/bcesar/Documents/Git/EECE5554/LAB0/build/py_pubsub/build/lib/py_pubsub/publisher_member_function.py -> /home/bcesar/Documents/Git/EECE5554/LAB0/install/py_pubsub/lib/python3.10/site-packages/py_pubsub
[0.922s] byte-compiling /home/bcesar/Documents/Git/EECE5554/LAB0/install/py_pubsub/lib/python3.10/site-packages/py_pubsub/publisher_member_function.py to publisher_member_function.cpython-310.pyc
[0.923s] running install_data
[0.923s] running install_egg_info
[0.925s] removing '/home/bcesar/Documents/Git/EECE5554/LAB0/install/py_pubsub/lib/python3.10/site-packages/py_pubsub-0.0.0-py3.10.egg-info' (and everything under it)
[0.925s] Copying ../../build/py_pubsub/py_pubsub.egg-info to /home/bcesar/Documents/Git/EECE5554/LAB0/install/py_pubsub/lib/python3.10/site-packages/py_pubsub-0.0.0-py3.10.egg-info
[0.926s] running install_scripts
[0.949s] Installing listener script to /home/bcesar/Documents/Git/EECE5554/LAB0/install/py_pubsub/lib/py_pubsub
[0.950s] Installing talker script to /home/bcesar/Documents/Git/EECE5554/LAB0/install/py_pubsub/lib/py_pubsub
[0.950s] writing list of installed files to '/home/bcesar/Documents/Git/EECE5554/LAB0/build/py_pubsub/install.log'
[0.974s] Invoked command in '/home/bcesar/Documents/Git/EECE5554/LAB0/src/py_pubsub' returned '0': PYTHONPATH=/home/bcesar/Documents/Git/EECE5554/LAB0/build/py_pubsub/prefix_override:/usr/lib/python3/dist-packages/colcon_core/task/python/colcon_distutils_commands:/home/bcesar/Documents/Git/EECE5554/LAB0/install/py_pubsub/lib/python3.10/site-packages:${PYTHONPATH} /usr/bin/python3 -W ignore:setup.py install is deprecated -W ignore:easy_install command is deprecated setup.py egg_info --egg-base ../../build/py_pubsub build --build-base /home/bcesar/Documents/Git/EECE5554/LAB0/build/py_pubsub/build install --record /home/bcesar/Documents/Git/EECE5554/LAB0/build/py_pubsub/install.log --single-version-externally-managed install_data
