[0.136s] DEBUG:colcon:Command line arguments: ['/usr/bin/colcon', 'build']
[0.136s] DEBUG:colcon:Parsed command line arguments: Namespace(log_base=None, log_level=None, verb_name='build', build_base='build', install_base='install', merge_install=False, symlink_install=False, test_result_base=None, continue_on_error=False, executor='parallel', parallel_workers=2, event_handlers=None, ignore_user_meta=False, metas=['./colcon.meta'], base_paths=['.'], packages_ignore=None, packages_ignore_regex=None, paths=None, packages_up_to=None, packages_up_to_regex=None, packages_above=None, packages_above_and_dependencies=None, packages_above_depth=None, packages_select_by_dep=None, packages_skip_by_dep=None, packages_skip_up_to=None, packages_select_build_failed=False, packages_skip_build_finished=False, packages_select_test_failures=False, packages_skip_test_passed=False, packages_select=None, packages_skip=None, packages_select_regex=None, packages_skip_regex=None, packages_start=None, packages_end=None, allow_overriding=[], cmake_args=None, cmake_target=None, cmake_target_skip_unavailable=False, cmake_clean_cache=False, cmake_clean_first=False, cmake_force_configure=False, ament_cmake_args=None, catkin_cmake_args=None, catkin_skip_building_tests=False, verb_parser=<colcon_defaults.argument_parser.defaults.DefaultArgumentsDecorator object at 0x7c515fd4c700>, verb_extension=<colcon_core.verb.build.BuildVerb object at 0x7c515fd4c1f0>, main=<bound method BuildVerb.main of <colcon_core.verb.build.BuildVerb object at 0x7c515fd4c1f0>>)
[0.317s] Level 1:colcon.colcon_core.package_discovery:discover_packages(colcon_meta) check parameters
[0.318s] Level 1:colcon.colcon_core.package_discovery:discover_packages(recursive) check parameters
[0.318s] Level 1:colcon.colcon_core.package_discovery:discover_packages(ignore) check parameters
[0.318s] Level 1:colcon.colcon_core.package_discovery:discover_packages(path) check parameters
[0.318s] Level 1:colcon.colcon_core.package_discovery:discover_packages(colcon_meta) discover
[0.318s] Level 1:colcon.colcon_core.package_discovery:discover_packages(recursive) discover
[0.318s] INFO:colcon.colcon_core.package_discovery:Crawling recursively for packages in '/home/bcesar/Documents/Git/EECE5554/LAB1'
[0.318s] Level 1:colcon.colcon_core.package_identification:_identify(.) by extensions ['ignore', 'ignore_ament_install']
[0.318s] Level 1:colcon.colcon_core.package_identification:_identify(.) by extension 'ignore'
[0.318s] Level 1:colcon.colcon_core.package_identification:_identify(.) by extension 'ignore_ament_install'
[0.318s] Level 1:colcon.colcon_core.package_identification:_identify(.) by extensions ['colcon_pkg']
[0.318s] Level 1:colcon.colcon_core.package_identification:_identify(.) by extension 'colcon_pkg'
[0.319s] Level 1:colcon.colcon_core.package_identification:_identify(.) by extensions ['colcon_meta']
[0.319s] Level 1:colcon.colcon_core.package_identification:_identify(.) by extension 'colcon_meta'
[0.319s] Level 1:colcon.colcon_core.package_identification:_identify(.) by extensions ['ros']
[0.319s] Level 1:colcon.colcon_core.package_identification:_identify(.) by extension 'ros'
[0.337s] Level 1:colcon.colcon_core.package_identification:_identify(.) by extensions ['cmake', 'python']
[0.337s] Level 1:colcon.colcon_core.package_identification:_identify(.) by extension 'cmake'
[0.337s] Level 1:colcon.colcon_core.package_identification:_identify(.) by extension 'python'
[0.337s] Level 1:colcon.colcon_core.package_identification:_identify(.) by extensions ['python_setup_py']
[0.337s] Level 1:colcon.colcon_core.package_identification:_identify(.) by extension 'python_setup_py'
[0.338s] Level 1:colcon.colcon_core.package_identification:_identify(Structure_Checker) by extensions ['ignore', 'ignore_ament_install']
[0.338s] Level 1:colcon.colcon_core.package_identification:_identify(Structure_Checker) by extension 'ignore'
[0.338s] Level 1:colcon.colcon_core.package_identification:_identify(Structure_Checker) by extension 'ignore_ament_install'
[0.338s] Level 1:colcon.colcon_core.package_identification:_identify(Structure_Checker) by extensions ['colcon_pkg']
[0.338s] Level 1:colcon.colcon_core.package_identification:_identify(Structure_Checker) by extension 'colcon_pkg'
[0.338s] Level 1:colcon.colcon_core.package_identification:_identify(Structure_Checker) by extensions ['colcon_meta']
[0.338s] Level 1:colcon.colcon_core.package_identification:_identify(Structure_Checker) by extension 'colcon_meta'
[0.338s] Level 1:colcon.colcon_core.package_identification:_identify(Structure_Checker) by extensions ['ros']
[0.338s] Level 1:colcon.colcon_core.package_identification:_identify(Structure_Checker) by extension 'ros'
[0.338s] Level 1:colcon.colcon_core.package_identification:_identify(Structure_Checker) by extensions ['cmake', 'python']
[0.338s] Level 1:colcon.colcon_core.package_identification:_identify(Structure_Checker) by extension 'cmake'
[0.338s] Level 1:colcon.colcon_core.package_identification:_identify(Structure_Checker) by extension 'python'
[0.339s] Level 1:colcon.colcon_core.package_identification:_identify(Structure_Checker) by extensions ['python_setup_py']
[0.339s] Level 1:colcon.colcon_core.package_identification:_identify(Structure_Checker) by extension 'python_setup_py'
[0.339s] Level 1:colcon.colcon_core.package_identification:_identify(build) by extensions ['ignore', 'ignore_ament_install']
[0.339s] Level 1:colcon.colcon_core.package_identification:_identify(build) by extension 'ignore'
[0.339s] Level 1:colcon.colcon_core.package_identification:_identify(build) ignored
[0.339s] Level 1:colcon.colcon_core.package_identification:_identify(install) by extensions ['ignore', 'ignore_ament_install']
[0.339s] Level 1:colcon.colcon_core.package_identification:_identify(install) by extension 'ignore'
[0.339s] Level 1:colcon.colcon_core.package_identification:_identify(install) ignored
[0.339s] Level 1:colcon.colcon_core.package_identification:_identify(log) by extensions ['ignore', 'ignore_ament_install']
[0.339s] Level 1:colcon.colcon_core.package_identification:_identify(log) by extension 'ignore'
[0.340s] Level 1:colcon.colcon_core.package_identification:_identify(log) ignored
[0.340s] Level 1:colcon.colcon_core.package_identification:_identify(src) by extensions ['ignore', 'ignore_ament_install']
[0.340s] Level 1:colcon.colcon_core.package_identification:_identify(src) by extension 'ignore'
[0.340s] Level 1:colcon.colcon_core.package_identification:_identify(src) by extension 'ignore_ament_install'
[0.340s] Level 1:colcon.colcon_core.package_identification:_identify(src) by extensions ['colcon_pkg']
[0.340s] Level 1:colcon.colcon_core.package_identification:_identify(src) by extension 'colcon_pkg'
[0.340s] Level 1:colcon.colcon_core.package_identification:_identify(src) by extensions ['colcon_meta']
[0.340s] Level 1:colcon.colcon_core.package_identification:_identify(src) by extension 'colcon_meta'
[0.340s] Level 1:colcon.colcon_core.package_identification:_identify(src) by extensions ['ros']
[0.340s] Level 1:colcon.colcon_core.package_identification:_identify(src) by extension 'ros'
[0.340s] Level 1:colcon.colcon_core.package_identification:_identify(src) by extensions ['cmake', 'python']
[0.340s] Level 1:colcon.colcon_core.package_identification:_identify(src) by extension 'cmake'
[0.340s] Level 1:colcon.colcon_core.package_identification:_identify(src) by extension 'python'
[0.340s] Level 1:colcon.colcon_core.package_identification:_identify(src) by extensions ['python_setup_py']
[0.340s] Level 1:colcon.colcon_core.package_identification:_identify(src) by extension 'python_setup_py'
[0.340s] Level 1:colcon.colcon_core.package_identification:_identify(src/gps_driver) by extensions ['ignore', 'ignore_ament_install']
[0.341s] Level 1:colcon.colcon_core.package_identification:_identify(src/gps_driver) by extension 'ignore'
[0.341s] Level 1:colcon.colcon_core.package_identification:_identify(src/gps_driver) by extension 'ignore_ament_install'
[0.341s] Level 1:colcon.colcon_core.package_identification:_identify(src/gps_driver) by extensions ['colcon_pkg']
[0.341s] Level 1:colcon.colcon_core.package_identification:_identify(src/gps_driver) by extension 'colcon_pkg'
[0.341s] Level 1:colcon.colcon_core.package_identification:_identify(src/gps_driver) by extensions ['colcon_meta']
[0.341s] Level 1:colcon.colcon_core.package_identification:_identify(src/gps_driver) by extension 'colcon_meta'
[0.341s] Level 1:colcon.colcon_core.package_identification:_identify(src/gps_driver) by extensions ['ros']
[0.341s] Level 1:colcon.colcon_core.package_identification:_identify(src/gps_driver) by extension 'ros'
[0.344s] DEBUG:colcon.colcon_core.package_identification:Package 'src/gps_driver' with type 'ros.ament_python' and name 'gps_driver'
[0.344s] Level 1:colcon.colcon_core.package_identification:_identify(src/gps_msg) by extensions ['ignore', 'ignore_ament_install']
[0.344s] Level 1:colcon.colcon_core.package_identification:_identify(src/gps_msg) by extension 'ignore'
[0.344s] Level 1:colcon.colcon_core.package_identification:_identify(src/gps_msg) by extension 'ignore_ament_install'
[0.344s] Level 1:colcon.colcon_core.package_identification:_identify(src/gps_msg) by extensions ['colcon_pkg']
[0.344s] Level 1:colcon.colcon_core.package_identification:_identify(src/gps_msg) by extension 'colcon_pkg'
[0.345s] Level 1:colcon.colcon_core.package_identification:_identify(src/gps_msg) by extensions ['colcon_meta']
[0.345s] Level 1:colcon.colcon_core.package_identification:_identify(src/gps_msg) by extension 'colcon_meta'
[0.345s] Level 1:colcon.colcon_core.package_identification:_identify(src/gps_msg) by extensions ['ros']
[0.345s] Level 1:colcon.colcon_core.package_identification:_identify(src/gps_msg) by extension 'ros'
[0.346s] DEBUG:colcon.colcon_core.package_identification:Package 'src/gps_msg' with type 'ros.ament_cmake' and name 'gps_msg'
[0.346s] Level 1:colcon.colcon_core.package_discovery:discover_packages(recursive) using defaults
[0.346s] Level 1:colcon.colcon_core.package_discovery:discover_packages(ignore) discover
[0.346s] Level 1:colcon.colcon_core.package_discovery:discover_packages(ignore) using defaults
[0.346s] Level 1:colcon.colcon_core.package_discovery:discover_packages(path) discover
[0.346s] Level 1:colcon.colcon_core.package_discovery:discover_packages(path) using defaults
[0.378s] Level 1:colcon.colcon_core.package_discovery:discover_packages(prefix_path) check parameters
[0.378s] Level 1:colcon.colcon_core.package_discovery:discover_packages(prefix_path) discover
[0.380s] DEBUG:colcon.colcon_installed_package_information.package_discovery:Found 2 installed packages in /home/bcesar/Documents/Git/EECE5554/LAB1/install
[0.382s] DEBUG:colcon.colcon_installed_package_information.package_discovery:Found 323 installed packages in /opt/ros/humble
[0.383s] Level 1:colcon.colcon_core.package_discovery:discover_packages(prefix_path) using defaults
[0.449s] Level 5:colcon.colcon_core.verb:set package 'gps_msg' build argument 'cmake_args' from command line to 'None'
[0.449s] Level 5:colcon.colcon_core.verb:set package 'gps_msg' build argument 'cmake_target' from command line to 'None'
[0.449s] Level 5:colcon.colcon_core.verb:set package 'gps_msg' build argument 'cmake_target_skip_unavailable' from command line to 'False'
[0.449s] Level 5:colcon.colcon_core.verb:set package 'gps_msg' build argument 'cmake_clean_cache' from command line to 'False'
[0.449s] Level 5:colcon.colcon_core.verb:set package 'gps_msg' build argument 'cmake_clean_first' from command line to 'False'
[0.449s] Level 5:colcon.colcon_core.verb:set package 'gps_msg' build argument 'cmake_force_configure' from command line to 'False'
[0.449s] Level 5:colcon.colcon_core.verb:set package 'gps_msg' build argument 'ament_cmake_args' from command line to 'None'
[0.449s] Level 5:colcon.colcon_core.verb:set package 'gps_msg' build argument 'catkin_cmake_args' from command line to 'None'
[0.449s] Level 5:colcon.colcon_core.verb:set package 'gps_msg' build argument 'catkin_skip_building_tests' from command line to 'False'
[0.449s] DEBUG:colcon.colcon_core.verb:Building package 'gps_msg' with the following arguments: {'ament_cmake_args': None, 'build_base': '/home/bcesar/Documents/Git/EECE5554/LAB1/build/gps_msg', 'catkin_cmake_args': None, 'catkin_skip_building_tests': False, 'cmake_args': None, 'cmake_clean_cache': False, 'cmake_clean_first': False, 'cmake_force_configure': False, 'cmake_target': None, 'cmake_target_skip_unavailable': False, 'install_base': '/home/bcesar/Documents/Git/EECE5554/LAB1/install/gps_msg', 'merge_install': False, 'path': '/home/bcesar/Documents/Git/EECE5554/LAB1/src/gps_msg', 'symlink_install': False, 'test_result_base': None}
[0.450s] Level 5:colcon.colcon_core.verb:set package 'gps_driver' build argument 'cmake_args' from command line to 'None'
[0.450s] Level 5:colcon.colcon_core.verb:set package 'gps_driver' build argument 'cmake_target' from command line to 'None'
[0.450s] Level 5:colcon.colcon_core.verb:set package 'gps_driver' build argument 'cmake_target_skip_unavailable' from command line to 'False'
[0.450s] Level 5:colcon.colcon_core.verb:set package 'gps_driver' build argument 'cmake_clean_cache' from command line to 'False'
[0.450s] Level 5:colcon.colcon_core.verb:set package 'gps_driver' build argument 'cmake_clean_first' from command line to 'False'
[0.450s] Level 5:colcon.colcon_core.verb:set package 'gps_driver' build argument 'cmake_force_configure' from command line to 'False'
[0.450s] Level 5:colcon.colcon_core.verb:set package 'gps_driver' build argument 'ament_cmake_args' from command line to 'None'
[0.450s] Level 5:colcon.colcon_core.verb:set package 'gps_driver' build argument 'catkin_cmake_args' from command line to 'None'
[0.450s] Level 5:colcon.colcon_core.verb:set package 'gps_driver' build argument 'catkin_skip_building_tests' from command line to 'False'
[0.450s] DEBUG:colcon.colcon_core.verb:Building package 'gps_driver' with the following arguments: {'ament_cmake_args': None, 'build_base': '/home/bcesar/Documents/Git/EECE5554/LAB1/build/gps_driver', 'catkin_cmake_args': None, 'catkin_skip_building_tests': False, 'cmake_args': None, 'cmake_clean_cache': False, 'cmake_clean_first': False, 'cmake_force_configure': False, 'cmake_target': None, 'cmake_target_skip_unavailable': False, 'install_base': '/home/bcesar/Documents/Git/EECE5554/LAB1/install/gps_driver', 'merge_install': False, 'path': '/home/bcesar/Documents/Git/EECE5554/LAB1/src/gps_driver', 'symlink_install': False, 'test_result_base': None}
[0.450s] INFO:colcon.colcon_core.executor:Executing jobs using 'parallel' executor
[0.452s] DEBUG:colcon.colcon_parallel_executor.executor.parallel:run_until_complete
[0.452s] INFO:colcon.colcon_ros.task.ament_cmake.build:Building ROS package in '/home/bcesar/Documents/Git/EECE5554/LAB1/src/gps_msg' with build type 'ament_cmake'
[0.452s] INFO:colcon.colcon_cmake.task.cmake.build:Building CMake package in '/home/bcesar/Documents/Git/EECE5554/LAB1/src/gps_msg'
[0.457s] INFO:colcon.colcon_core.plugin_system:Skipping extension 'colcon_core.shell.bat': Not used on non-Windows systems
[0.457s] INFO:colcon.colcon_core.shell:Skip shell extension 'powershell' for command environment: Not usable outside of PowerShell
[0.457s] DEBUG:colcon.colcon_core.shell:Skip shell extension 'dsv' for command environment
[0.476s] DEBUG:colcon.colcon_core.event_handler.log_command:Invoking command in '/home/bcesar/Documents/Git/EECE5554/LAB1/build/gps_msg': CMAKE_PREFIX_PATH=${CMAKE_PREFIX_PATH}:/home/bcesar/Documents/Git/EECE5554/LAB1/install/gps_driver:/opt/ros/humble /usr/bin/cmake --build /home/bcesar/Documents/Git/EECE5554/LAB1/build/gps_msg -- -j2 -l2
[1.020s] DEBUG:colcon.colcon_core.event_handler.log_command:Invoked command in '/home/bcesar/Documents/Git/EECE5554/LAB1/build/gps_msg' returned '0': CMAKE_PREFIX_PATH=${CMAKE_PREFIX_PATH}:/home/bcesar/Documents/Git/EECE5554/LAB1/install/gps_driver:/opt/ros/humble /usr/bin/cmake --build /home/bcesar/Documents/Git/EECE5554/LAB1/build/gps_msg -- -j2 -l2
[1.037s] DEBUG:colcon.colcon_core.event_handler.log_command:Invoking command in '/home/bcesar/Documents/Git/EECE5554/LAB1/build/gps_msg': CMAKE_PREFIX_PATH=${CMAKE_PREFIX_PATH}:/home/bcesar/Documents/Git/EECE5554/LAB1/install/gps_driver:/opt/ros/humble /usr/bin/cmake --install /home/bcesar/Documents/Git/EECE5554/LAB1/build/gps_msg
[1.119s] Level 1:colcon.colcon_core.environment:create_environment_scripts_only(gps_msg)
[1.120s] DEBUG:colcon.colcon_core.event_handler.log_command:Invoked command in '/home/bcesar/Documents/Git/EECE5554/LAB1/build/gps_msg' returned '0': CMAKE_PREFIX_PATH=${CMAKE_PREFIX_PATH}:/home/bcesar/Documents/Git/EECE5554/LAB1/install/gps_driver:/opt/ros/humble /usr/bin/cmake --install /home/bcesar/Documents/Git/EECE5554/LAB1/build/gps_msg
[1.122s] Level 1:colcon.colcon_core.environment:checking '/home/bcesar/Documents/Git/EECE5554/LAB1/install/gps_msg' for CMake module files
[1.123s] Level 1:colcon.colcon_core.environment:checking '/home/bcesar/Documents/Git/EECE5554/LAB1/install/gps_msg' for CMake config files
[1.123s] Level 1:colcon.colcon_core.shell:create_environment_hook('gps_msg', 'cmake_prefix_path')
[1.124s] INFO:colcon.colcon_core.shell:Creating environment hook '/home/bcesar/Documents/Git/EECE5554/LAB1/install/gps_msg/share/gps_msg/hook/cmake_prefix_path.ps1'
[1.125s] INFO:colcon.colcon_core.shell:Creating environment descriptor '/home/bcesar/Documents/Git/EECE5554/LAB1/install/gps_msg/share/gps_msg/hook/cmake_prefix_path.dsv'
[1.125s] INFO:colcon.colcon_core.shell:Creating environment hook '/home/bcesar/Documents/Git/EECE5554/LAB1/install/gps_msg/share/gps_msg/hook/cmake_prefix_path.sh'
[1.127s] Level 1:colcon.colcon_core.environment:checking '/home/bcesar/Documents/Git/EECE5554/LAB1/install/gps_msg/lib'
[1.127s] Level 1:colcon.colcon_core.shell:create_environment_hook('gps_msg', 'ld_library_path_lib')
[1.127s] INFO:colcon.colcon_core.shell:Creating environment hook '/home/bcesar/Documents/Git/EECE5554/LAB1/install/gps_msg/share/gps_msg/hook/ld_library_path_lib.ps1'
[1.128s] INFO:colcon.colcon_core.shell:Creating environment descriptor '/home/bcesar/Documents/Git/EECE5554/LAB1/install/gps_msg/share/gps_msg/hook/ld_library_path_lib.dsv'
[1.128s] INFO:colcon.colcon_core.shell:Creating environment hook '/home/bcesar/Documents/Git/EECE5554/LAB1/install/gps_msg/share/gps_msg/hook/ld_library_path_lib.sh'
[1.129s] Level 1:colcon.colcon_core.environment:checking '/home/bcesar/Documents/Git/EECE5554/LAB1/install/gps_msg/bin'
[1.129s] Level 1:colcon.colcon_core.environment:checking '/home/bcesar/Documents/Git/EECE5554/LAB1/install/gps_msg/lib/pkgconfig/gps_msg.pc'
[1.130s] Level 1:colcon.colcon_core.environment:checking '/home/bcesar/Documents/Git/EECE5554/LAB1/install/gps_msg/lib/python3.10/site-packages'
[1.130s] Level 1:colcon.colcon_core.environment:checking '/home/bcesar/Documents/Git/EECE5554/LAB1/install/gps_msg/bin'
[1.130s] INFO:colcon.colcon_core.shell:Creating package script '/home/bcesar/Documents/Git/EECE5554/LAB1/install/gps_msg/share/gps_msg/package.ps1'
[1.132s] INFO:colcon.colcon_core.shell:Creating package descriptor '/home/bcesar/Documents/Git/EECE5554/LAB1/install/gps_msg/share/gps_msg/package.dsv'
[1.133s] INFO:colcon.colcon_core.shell:Creating package script '/home/bcesar/Documents/Git/EECE5554/LAB1/install/gps_msg/share/gps_msg/package.sh'
[1.134s] INFO:colcon.colcon_core.shell:Creating package script '/home/bcesar/Documents/Git/EECE5554/LAB1/install/gps_msg/share/gps_msg/package.bash'
[1.135s] INFO:colcon.colcon_core.shell:Creating package script '/home/bcesar/Documents/Git/EECE5554/LAB1/install/gps_msg/share/gps_msg/package.zsh'
[1.137s] Level 1:colcon.colcon_core.environment:create_file_with_runtime_dependencies(/home/bcesar/Documents/Git/EECE5554/LAB1/install/gps_msg/share/colcon-core/packages/gps_msg)
[1.138s] Level 1:colcon.colcon_core.environment:create_environment_scripts_only(gps_msg)
[1.138s] Level 1:colcon.colcon_core.environment:checking '/home/bcesar/Documents/Git/EECE5554/LAB1/install/gps_msg' for CMake module files
[1.140s] Level 1:colcon.colcon_core.environment:checking '/home/bcesar/Documents/Git/EECE5554/LAB1/install/gps_msg' for CMake config files
[1.140s] Level 1:colcon.colcon_core.shell:create_environment_hook('gps_msg', 'cmake_prefix_path')
[1.140s] INFO:colcon.colcon_core.shell:Creating environment hook '/home/bcesar/Documents/Git/EECE5554/LAB1/install/gps_msg/share/gps_msg/hook/cmake_prefix_path.ps1'
[1.141s] INFO:colcon.colcon_core.shell:Creating environment descriptor '/home/bcesar/Documents/Git/EECE5554/LAB1/install/gps_msg/share/gps_msg/hook/cmake_prefix_path.dsv'
[1.142s] INFO:colcon.colcon_core.shell:Creating environment hook '/home/bcesar/Documents/Git/EECE5554/LAB1/install/gps_msg/share/gps_msg/hook/cmake_prefix_path.sh'
[1.143s] Level 1:colcon.colcon_core.environment:checking '/home/bcesar/Documents/Git/EECE5554/LAB1/install/gps_msg/lib'
[1.144s] Level 1:colcon.colcon_core.shell:create_environment_hook('gps_msg', 'ld_library_path_lib')
[1.144s] INFO:colcon.colcon_core.shell:Creating environment hook '/home/bcesar/Documents/Git/EECE5554/LAB1/install/gps_msg/share/gps_msg/hook/ld_library_path_lib.ps1'
[1.145s] INFO:colcon.colcon_core.shell:Creating environment descriptor '/home/bcesar/Documents/Git/EECE5554/LAB1/install/gps_msg/share/gps_msg/hook/ld_library_path_lib.dsv'
[1.145s] INFO:colcon.colcon_core.shell:Creating environment hook '/home/bcesar/Documents/Git/EECE5554/LAB1/install/gps_msg/share/gps_msg/hook/ld_library_path_lib.sh'
[1.146s] Level 1:colcon.colcon_core.environment:checking '/home/bcesar/Documents/Git/EECE5554/LAB1/install/gps_msg/bin'
[1.146s] Level 1:colcon.colcon_core.environment:checking '/home/bcesar/Documents/Git/EECE5554/LAB1/install/gps_msg/lib/pkgconfig/gps_msg.pc'
[1.147s] Level 1:colcon.colcon_core.environment:checking '/home/bcesar/Documents/Git/EECE5554/LAB1/install/gps_msg/lib/python3.10/site-packages'
[1.147s] Level 1:colcon.colcon_core.environment:checking '/home/bcesar/Documents/Git/EECE5554/LAB1/install/gps_msg/bin'
[1.148s] INFO:colcon.colcon_core.shell:Creating package script '/home/bcesar/Documents/Git/EECE5554/LAB1/install/gps_msg/share/gps_msg/package.ps1'
[1.148s] INFO:colcon.colcon_core.shell:Creating package descriptor '/home/bcesar/Documents/Git/EECE5554/LAB1/install/gps_msg/share/gps_msg/package.dsv'
[1.149s] INFO:colcon.colcon_core.shell:Creating package script '/home/bcesar/Documents/Git/EECE5554/LAB1/install/gps_msg/share/gps_msg/package.sh'
[1.150s] INFO:colcon.colcon_core.shell:Creating package script '/home/bcesar/Documents/Git/EECE5554/LAB1/install/gps_msg/share/gps_msg/package.bash'
[1.151s] INFO:colcon.colcon_core.shell:Creating package script '/home/bcesar/Documents/Git/EECE5554/LAB1/install/gps_msg/share/gps_msg/package.zsh'
[1.151s] Level 1:colcon.colcon_core.environment:create_file_with_runtime_dependencies(/home/bcesar/Documents/Git/EECE5554/LAB1/install/gps_msg/share/colcon-core/packages/gps_msg)
[1.152s] INFO:colcon.colcon_ros.task.ament_python.build:Building ROS package in '/home/bcesar/Documents/Git/EECE5554/LAB1/src/gps_driver' with build type 'ament_python'
[1.152s] Level 1:colcon.colcon_core.shell:create_environment_hook('gps_driver', 'ament_prefix_path')
[1.152s] INFO:colcon.colcon_core.shell:Creating environment hook '/home/bcesar/Documents/Git/EECE5554/LAB1/install/gps_driver/share/gps_driver/hook/ament_prefix_path.ps1'
[1.158s] INFO:colcon.colcon_core.shell:Creating environment descriptor '/home/bcesar/Documents/Git/EECE5554/LAB1/install/gps_driver/share/gps_driver/hook/ament_prefix_path.dsv'
[1.159s] INFO:colcon.colcon_core.shell:Creating environment hook '/home/bcesar/Documents/Git/EECE5554/LAB1/install/gps_driver/share/gps_driver/hook/ament_prefix_path.sh'
[1.160s] INFO:colcon.colcon_core.shell:Skip shell extension 'powershell' for command environment: Not usable outside of PowerShell
[1.160s] DEBUG:colcon.colcon_core.shell:Skip shell extension 'dsv' for command environment
[1.482s] INFO:colcon.colcon_core.task.python.build:Building Python package in '/home/bcesar/Documents/Git/EECE5554/LAB1/src/gps_driver'
[1.483s] INFO:colcon.colcon_core.shell:Skip shell extension 'powershell' for command environment: Not usable outside of PowerShell
[1.483s] DEBUG:colcon.colcon_core.shell:Skip shell extension 'dsv' for command environment
[1.968s] DEBUG:colcon.colcon_core.event_handler.log_command:Invoking command in '/home/bcesar/Documents/Git/EECE5554/LAB1/src/gps_driver': PYTHONPATH=/home/bcesar/Documents/Git/EECE5554/LAB1/build/gps_driver/prefix_override:/usr/lib/python3/dist-packages/colcon_core/task/python/colcon_distutils_commands:/home/bcesar/Documents/Git/EECE5554/LAB1/install/gps_driver/lib/python3.10/site-packages:${PYTHONPATH} /usr/bin/python3 -W ignore:setup.py install is deprecated -W ignore:easy_install command is deprecated setup.py egg_info --egg-base ../../build/gps_driver build --build-base /home/bcesar/Documents/Git/EECE5554/LAB1/build/gps_driver/build install --record /home/bcesar/Documents/Git/EECE5554/LAB1/build/gps_driver/install.log --single-version-externally-managed install_data
[2.361s] Level 1:colcon.colcon_core.environment:checking '/home/bcesar/Documents/Git/EECE5554/LAB1/install/gps_driver' for CMake module files
[2.361s] DEBUG:colcon.colcon_core.event_handler.log_command:Invoked command in '/home/bcesar/Documents/Git/EECE5554/LAB1/src/gps_driver' returned '0': PYTHONPATH=/home/bcesar/Documents/Git/EECE5554/LAB1/build/gps_driver/prefix_override:/usr/lib/python3/dist-packages/colcon_core/task/python/colcon_distutils_commands:/home/bcesar/Documents/Git/EECE5554/LAB1/install/gps_driver/lib/python3.10/site-packages:${PYTHONPATH} /usr/bin/python3 -W ignore:setup.py install is deprecated -W ignore:easy_install command is deprecated setup.py egg_info --egg-base ../../build/gps_driver build --build-base /home/bcesar/Documents/Git/EECE5554/LAB1/build/gps_driver/build install --record /home/bcesar/Documents/Git/EECE5554/LAB1/build/gps_driver/install.log --single-version-externally-managed install_data
[2.362s] Level 1:colcon.colcon_core.environment:checking '/home/bcesar/Documents/Git/EECE5554/LAB1/install/gps_driver' for CMake config files
[2.363s] Level 1:colcon.colcon_core.environment:checking '/home/bcesar/Documents/Git/EECE5554/LAB1/install/gps_driver/lib'
[2.363s] Level 1:colcon.colcon_core.environment:checking '/home/bcesar/Documents/Git/EECE5554/LAB1/install/gps_driver/bin'
[2.363s] Level 1:colcon.colcon_core.environment:checking '/home/bcesar/Documents/Git/EECE5554/LAB1/install/gps_driver/lib/pkgconfig/gps_driver.pc'
[2.364s] Level 1:colcon.colcon_core.environment:checking '/home/bcesar/Documents/Git/EECE5554/LAB1/install/gps_driver/lib/python3.10/site-packages'
[2.364s] Level 1:colcon.colcon_core.shell:create_environment_hook('gps_driver', 'pythonpath')
[2.364s] INFO:colcon.colcon_core.shell:Creating environment hook '/home/bcesar/Documents/Git/EECE5554/LAB1/install/gps_driver/share/gps_driver/hook/pythonpath.ps1'
[2.366s] INFO:colcon.colcon_core.shell:Creating environment descriptor '/home/bcesar/Documents/Git/EECE5554/LAB1/install/gps_driver/share/gps_driver/hook/pythonpath.dsv'
[2.367s] INFO:colcon.colcon_core.shell:Creating environment hook '/home/bcesar/Documents/Git/EECE5554/LAB1/install/gps_driver/share/gps_driver/hook/pythonpath.sh'
[2.368s] Level 1:colcon.colcon_core.environment:checking '/home/bcesar/Documents/Git/EECE5554/LAB1/install/gps_driver/bin'
[2.369s] Level 1:colcon.colcon_core.environment:create_environment_scripts_only(gps_driver)
[2.369s] INFO:colcon.colcon_core.shell:Creating package script '/home/bcesar/Documents/Git/EECE5554/LAB1/install/gps_driver/share/gps_driver/package.ps1'
[2.370s] INFO:colcon.colcon_core.shell:Creating package descriptor '/home/bcesar/Documents/Git/EECE5554/LAB1/install/gps_driver/share/gps_driver/package.dsv'
[2.371s] INFO:colcon.colcon_core.shell:Creating package script '/home/bcesar/Documents/Git/EECE5554/LAB1/install/gps_driver/share/gps_driver/package.sh'
[2.372s] INFO:colcon.colcon_core.shell:Creating package script '/home/bcesar/Documents/Git/EECE5554/LAB1/install/gps_driver/share/gps_driver/package.bash'
[2.373s] INFO:colcon.colcon_core.shell:Creating package script '/home/bcesar/Documents/Git/EECE5554/LAB1/install/gps_driver/share/gps_driver/package.zsh'
[2.374s] Level 1:colcon.colcon_core.environment:create_file_with_runtime_dependencies(/home/bcesar/Documents/Git/EECE5554/LAB1/install/gps_driver/share/colcon-core/packages/gps_driver)
[2.374s] DEBUG:colcon.colcon_parallel_executor.executor.parallel:closing loop
[2.375s] DEBUG:colcon.colcon_parallel_executor.executor.parallel:loop closed
[2.375s] DEBUG:colcon.colcon_parallel_executor.executor.parallel:run_until_complete finished with '0'
[2.375s] DEBUG:colcon.colcon_core.event_reactor:joining thread
[2.383s] INFO:colcon.colcon_core.plugin_system:Skipping extension 'colcon_notification.desktop_notification.terminal_notifier': Not used on non-Darwin systems
[2.383s] INFO:colcon.colcon_core.plugin_system:Skipping extension 'colcon_notification.desktop_notification.win32': Not used on non-Windows systems
[2.383s] INFO:colcon.colcon_notification.desktop_notification:Sending desktop notification using 'notify2'
[2.401s] DEBUG:colcon.colcon_core.event_reactor:joined thread
[2.402s] INFO:colcon.colcon_core.shell:Creating prefix script '/home/bcesar/Documents/Git/EECE5554/LAB1/install/local_setup.ps1'
[2.404s] INFO:colcon.colcon_core.shell:Creating prefix util module '/home/bcesar/Documents/Git/EECE5554/LAB1/install/_local_setup_util_ps1.py'
[2.406s] INFO:colcon.colcon_core.shell:Creating prefix chain script '/home/bcesar/Documents/Git/EECE5554/LAB1/install/setup.ps1'
[2.408s] INFO:colcon.colcon_core.shell:Creating prefix script '/home/bcesar/Documents/Git/EECE5554/LAB1/install/local_setup.sh'
[2.409s] INFO:colcon.colcon_core.shell:Creating prefix util module '/home/bcesar/Documents/Git/EECE5554/LAB1/install/_local_setup_util_sh.py'
[2.410s] INFO:colcon.colcon_core.shell:Creating prefix chain script '/home/bcesar/Documents/Git/EECE5554/LAB1/install/setup.sh'
[2.412s] INFO:colcon.colcon_core.shell:Creating prefix script '/home/bcesar/Documents/Git/EECE5554/LAB1/install/local_setup.bash'
[2.413s] INFO:colcon.colcon_core.shell:Creating prefix chain script '/home/bcesar/Documents/Git/EECE5554/LAB1/install/setup.bash'
[2.414s] INFO:colcon.colcon_core.shell:Creating prefix script '/home/bcesar/Documents/Git/EECE5554/LAB1/install/local_setup.zsh'
[2.415s] INFO:colcon.colcon_core.shell:Creating prefix chain script '/home/bcesar/Documents/Git/EECE5554/LAB1/install/setup.zsh'
