[0.826s] Invoking command in '/home/bcesar/Documents/Git/EECE5554/LAB1/src/gps_driver': AMENT_PREFIX_PATH=/home/bcesar/Documents/Git/EECE5554/LAB1/install/gps_msg:${AMENT_PREFIX_PATH} CMAKE_PREFIX_PATH=/home/bcesar/Documents/Git/EECE5554/LAB1/install/gps_msg LD_LIBRARY_PATH=/home/bcesar/Documents/Git/EECE5554/LAB1/install/gps_msg/lib:${LD_LIBRARY_PATH} PYTHONPATH=/home/bcesar/Documents/Git/EECE5554/LAB1/build/gps_driver/prefix_override:/usr/lib/python3/dist-packages/colcon_core/task/python/colcon_distutils_commands:/home/bcesar/Documents/Git/EECE5554/LAB1/install/gps_driver/lib/python3.10/site-packages:/home/bcesar/Documents/Git/EECE5554/LAB1/install/gps_msg/local/lib/python3.10/dist-packages:${PYTHONPATH} /usr/bin/python3 -W ignore:setup.py install is deprecated -W ignore:easy_install command is deprecated setup.py egg_info --egg-base ../../build/gps_driver build --build-base /home/bcesar/Documents/Git/EECE5554/LAB1/build/gps_driver/build install --record /home/bcesar/Documents/Git/EECE5554/LAB1/build/gps_driver/install.log --single-version-externally-managed install_data
[1.138s] running egg_info
[1.139s] writing ../../build/gps_driver/gps_driver.egg-info/PKG-INFO
[1.139s] writing dependency_links to ../../build/gps_driver/gps_driver.egg-info/dependency_links.txt
[1.140s] writing entry points to ../../build/gps_driver/gps_driver.egg-info/entry_points.txt
[1.140s] writing requirements to ../../build/gps_driver/gps_driver.egg-info/requires.txt
[1.140s] writing top-level names to ../../build/gps_driver/gps_driver.egg-info/top_level.txt
[1.142s] reading manifest file '../../build/gps_driver/gps_driver.egg-info/SOURCES.txt'
[1.144s] writing manifest file '../../build/gps_driver/gps_driver.egg-info/SOURCES.txt'
[1.145s] running build
[1.145s] running build_py
[1.145s] running install
[1.145s] running install_lib
[1.147s] running install_data
[1.147s] running install_egg_info
[1.149s] removing '/home/bcesar/Documents/Git/EECE5554/LAB1/install/gps_driver/lib/python3.10/site-packages/gps_driver-0.0.0-py3.10.egg-info' (and everything under it)
[1.149s] Copying ../../build/gps_driver/gps_driver.egg-info to /home/bcesar/Documents/Git/EECE5554/LAB1/install/gps_driver/lib/python3.10/site-packages/gps_driver-0.0.0-py3.10.egg-info
[1.150s] running install_scripts
[1.174s] Installing driver script to /home/bcesar/Documents/Git/EECE5554/LAB1/install/gps_driver/lib/gps_driver
[1.174s] writing list of installed files to '/home/bcesar/Documents/Git/EECE5554/LAB1/build/gps_driver/install.log'
[1.203s] Invoked command in '/home/bcesar/Documents/Git/EECE5554/LAB1/src/gps_driver' returned '0': AMENT_PREFIX_PATH=/home/bcesar/Documents/Git/EECE5554/LAB1/install/gps_msg:${AMENT_PREFIX_PATH} CMAKE_PREFIX_PATH=/home/bcesar/Documents/Git/EECE5554/LAB1/install/gps_msg LD_LIBRARY_PATH=/home/bcesar/Documents/Git/EECE5554/LAB1/install/gps_msg/lib:${LD_LIBRARY_PATH} PYTHONPATH=/home/bcesar/Documents/Git/EECE5554/LAB1/build/gps_driver/prefix_override:/usr/lib/python3/dist-packages/colcon_core/task/python/colcon_distutils_commands:/home/bcesar/Documents/Git/EECE5554/LAB1/install/gps_driver/lib/python3.10/site-packages:/home/bcesar/Documents/Git/EECE5554/LAB1/install/gps_msg/local/lib/python3.10/dist-packages:${PYTHONPATH} /usr/bin/python3 -W ignore:setup.py install is deprecated -W ignore:easy_install command is deprecated setup.py egg_info --egg-base ../../build/gps_driver build --build-base /home/bcesar/Documents/Git/EECE5554/LAB1/build/gps_driver/build install --record /home/bcesar/Documents/Git/EECE5554/LAB1/build/gps_driver/install.log --single-version-externally-managed install_data
