[0.336s] DEBUG:colcon:Command line arguments: ['/usr/bin/colcon', 'build']
[0.336s] DEBUG:colcon:Parsed command line arguments: Namespace(log_base=None, log_level=None, verb_name='build', build_base='build', install_base='install', merge_install=False, symlink_install=False, test_result_base=None, continue_on_error=False, executor='parallel', parallel_workers=2, event_handlers=None, ignore_user_meta=False, metas=['./colcon.meta'], base_paths=['.'], packages_ignore=None, packages_ignore_regex=None, paths=None, packages_up_to=None, packages_up_to_regex=None, packages_above=None, packages_above_and_dependencies=None, packages_above_depth=None, packages_select_by_dep=None, packages_skip_by_dep=None, packages_skip_up_to=None, packages_select_build_failed=False, packages_skip_build_finished=False, packages_select_test_failures=False, packages_skip_test_passed=False, packages_select=None, packages_skip=None, packages_select_regex=None, packages_skip_regex=None, packages_start=None, packages_end=None, allow_overriding=[], cmake_args=None, cmake_target=None, cmake_target_skip_unavailable=False, cmake_clean_cache=False, cmake_clean_first=False, cmake_force_configure=False, ament_cmake_args=None, catkin_cmake_args=None, catkin_skip_building_tests=False, verb_parser=<colcon_defaults.argument_parser.defaults.DefaultArgumentsDecorator object at 0x7fb94bc582b0>, verb_extension=<colcon_core.verb.build.BuildVerb object at 0x7fb94bc2fd60>, main=<bound method BuildVerb.main of <colcon_core.verb.build.BuildVerb object at 0x7fb94bc2fd60>>)
[0.922s] Level 1:colcon.colcon_core.package_discovery:discover_packages(colcon_meta) check parameters
[0.922s] Level 1:colcon.colcon_core.package_discovery:discover_packages(recursive) check parameters
[0.922s] Level 1:colcon.colcon_core.package_discovery:discover_packages(ignore) check parameters
[0.922s] Level 1:colcon.colcon_core.package_discovery:discover_packages(path) check parameters
[0.922s] Level 1:colcon.colcon_core.package_discovery:discover_packages(colcon_meta) discover
[0.922s] Level 1:colcon.colcon_core.package_discovery:discover_packages(recursive) discover
[0.922s] INFO:colcon.colcon_core.package_discovery:Crawling recursively for packages in '/home/bcesar/Documents/Git/EECE5554/LAB1'
[0.922s] Level 1:colcon.colcon_core.package_identification:_identify(.) by extensions ['ignore', 'ignore_ament_install']
[0.923s] Level 1:colcon.colcon_core.package_identification:_identify(.) by extension 'ignore'
[0.923s] Level 1:colcon.colcon_core.package_identification:_identify(.) by extension 'ignore_ament_install'
[0.923s] Level 1:colcon.colcon_core.package_identification:_identify(.) by extensions ['colcon_pkg']
[0.923s] Level 1:colcon.colcon_core.package_identification:_identify(.) by extension 'colcon_pkg'
[0.923s] Level 1:colcon.colcon_core.package_identification:_identify(.) by extensions ['colcon_meta']
[0.923s] Level 1:colcon.colcon_core.package_identification:_identify(.) by extension 'colcon_meta'
[0.923s] Level 1:colcon.colcon_core.package_identification:_identify(.) by extensions ['ros']
[0.923s] Level 1:colcon.colcon_core.package_identification:_identify(.) by extension 'ros'
[0.944s] Level 1:colcon.colcon_core.package_identification:_identify(.) by extensions ['cmake', 'python']
[0.944s] Level 1:colcon.colcon_core.package_identification:_identify(.) by extension 'cmake'
[0.944s] Level 1:colcon.colcon_core.package_identification:_identify(.) by extension 'python'
[0.944s] Level 1:colcon.colcon_core.package_identification:_identify(.) by extensions ['python_setup_py']
[0.944s] Level 1:colcon.colcon_core.package_identification:_identify(.) by extension 'python_setup_py'
[0.944s] Level 1:colcon.colcon_core.package_identification:_identify(Structure_Checker) by extensions ['ignore', 'ignore_ament_install']
[0.944s] Level 1:colcon.colcon_core.package_identification:_identify(Structure_Checker) by extension 'ignore'
[0.945s] Level 1:colcon.colcon_core.package_identification:_identify(Structure_Checker) by extension 'ignore_ament_install'
[0.945s] Level 1:colcon.colcon_core.package_identification:_identify(Structure_Checker) by extensions ['colcon_pkg']
[0.945s] Level 1:colcon.colcon_core.package_identification:_identify(Structure_Checker) by extension 'colcon_pkg'
[0.945s] Level 1:colcon.colcon_core.package_identification:_identify(Structure_Checker) by extensions ['colcon_meta']
[0.945s] Level 1:colcon.colcon_core.package_identification:_identify(Structure_Checker) by extension 'colcon_meta'
[0.945s] Level 1:colcon.colcon_core.package_identification:_identify(Structure_Checker) by extensions ['ros']
[0.945s] Level 1:colcon.colcon_core.package_identification:_identify(Structure_Checker) by extension 'ros'
[0.945s] Level 1:colcon.colcon_core.package_identification:_identify(Structure_Checker) by extensions ['cmake', 'python']
[0.945s] Level 1:colcon.colcon_core.package_identification:_identify(Structure_Checker) by extension 'cmake'
[0.945s] Level 1:colcon.colcon_core.package_identification:_identify(Structure_Checker) by extension 'python'
[0.945s] Level 1:colcon.colcon_core.package_identification:_identify(Structure_Checker) by extensions ['python_setup_py']
[0.945s] Level 1:colcon.colcon_core.package_identification:_identify(Structure_Checker) by extension 'python_setup_py'
[0.945s] Level 1:colcon.colcon_core.package_identification:_identify(build) by extensions ['ignore', 'ignore_ament_install']
[0.945s] Level 1:colcon.colcon_core.package_identification:_identify(build) by extension 'ignore'
[0.945s] Level 1:colcon.colcon_core.package_identification:_identify(build) ignored
[0.946s] Level 1:colcon.colcon_core.package_identification:_identify(install) by extensions ['ignore', 'ignore_ament_install']
[0.946s] Level 1:colcon.colcon_core.package_identification:_identify(install) by extension 'ignore'
[0.946s] Level 1:colcon.colcon_core.package_identification:_identify(install) ignored
[0.947s] Level 1:colcon.colcon_core.package_identification:_identify(log) by extensions ['ignore', 'ignore_ament_install']
[0.947s] Level 1:colcon.colcon_core.package_identification:_identify(log) by extension 'ignore'
[0.947s] Level 1:colcon.colcon_core.package_identification:_identify(log) ignored
[0.947s] Level 1:colcon.colcon_core.package_identification:_identify(src) by extensions ['ignore', 'ignore_ament_install']
[0.947s] Level 1:colcon.colcon_core.package_identification:_identify(src) by extension 'ignore'
[0.947s] Level 1:colcon.colcon_core.package_identification:_identify(src) by extension 'ignore_ament_install'
[0.947s] Level 1:colcon.colcon_core.package_identification:_identify(src) by extensions ['colcon_pkg']
[0.947s] Level 1:colcon.colcon_core.package_identification:_identify(src) by extension 'colcon_pkg'
[0.947s] Level 1:colcon.colcon_core.package_identification:_identify(src) by extensions ['colcon_meta']
[0.947s] Level 1:colcon.colcon_core.package_identification:_identify(src) by extension 'colcon_meta'
[0.948s] Level 1:colcon.colcon_core.package_identification:_identify(src) by extensions ['ros']
[0.948s] Level 1:colcon.colcon_core.package_identification:_identify(src) by extension 'ros'
[0.948s] Level 1:colcon.colcon_core.package_identification:_identify(src) by extensions ['cmake', 'python']
[0.948s] Level 1:colcon.colcon_core.package_identification:_identify(src) by extension 'cmake'
[0.948s] Level 1:colcon.colcon_core.package_identification:_identify(src) by extension 'python'
[0.948s] Level 1:colcon.colcon_core.package_identification:_identify(src) by extensions ['python_setup_py']
[0.948s] Level 1:colcon.colcon_core.package_identification:_identify(src) by extension 'python_setup_py'
[0.948s] Level 1:colcon.colcon_core.package_identification:_identify(src/Data) by extensions ['ignore', 'ignore_ament_install']
[0.948s] Level 1:colcon.colcon_core.package_identification:_identify(src/Data) by extension 'ignore'
[0.948s] Level 1:colcon.colcon_core.package_identification:_identify(src/Data) by extension 'ignore_ament_install'
[0.948s] Level 1:colcon.colcon_core.package_identification:_identify(src/Data) by extensions ['colcon_pkg']
[0.949s] Level 1:colcon.colcon_core.package_identification:_identify(src/Data) by extension 'colcon_pkg'
[0.949s] Level 1:colcon.colcon_core.package_identification:_identify(src/Data) by extensions ['colcon_meta']
[0.949s] Level 1:colcon.colcon_core.package_identification:_identify(src/Data) by extension 'colcon_meta'
[0.949s] Level 1:colcon.colcon_core.package_identification:_identify(src/Data) by extensions ['ros']
[0.949s] Level 1:colcon.colcon_core.package_identification:_identify(src/Data) by extension 'ros'
[0.949s] Level 1:colcon.colcon_core.package_identification:_identify(src/Data) by extensions ['cmake', 'python']
[0.949s] Level 1:colcon.colcon_core.package_identification:_identify(src/Data) by extension 'cmake'
[0.949s] Level 1:colcon.colcon_core.package_identification:_identify(src/Data) by extension 'python'
[0.949s] Level 1:colcon.colcon_core.package_identification:_identify(src/Data) by extensions ['python_setup_py']
[0.949s] Level 1:colcon.colcon_core.package_identification:_identify(src/Data) by extension 'python_setup_py'
[0.950s] Level 1:colcon.colcon_core.package_identification:_identify(src/Data/Occluded) by extensions ['ignore', 'ignore_ament_install']
[0.950s] Level 1:colcon.colcon_core.package_identification:_identify(src/Data/Occluded) by extension 'ignore'
[0.950s] Level 1:colcon.colcon_core.package_identification:_identify(src/Data/Occluded) by extension 'ignore_ament_install'
[0.950s] Level 1:colcon.colcon_core.package_identification:_identify(src/Data/Occluded) by extensions ['colcon_pkg']
[0.950s] Level 1:colcon.colcon_core.package_identification:_identify(src/Data/Occluded) by extension 'colcon_pkg'
[0.950s] Level 1:colcon.colcon_core.package_identification:_identify(src/Data/Occluded) by extensions ['colcon_meta']
[0.950s] Level 1:colcon.colcon_core.package_identification:_identify(src/Data/Occluded) by extension 'colcon_meta'
[0.950s] Level 1:colcon.colcon_core.package_identification:_identify(src/Data/Occluded) by extensions ['ros']
[0.950s] Level 1:colcon.colcon_core.package_identification:_identify(src/Data/Occluded) by extension 'ros'
[0.950s] Level 1:colcon.colcon_core.package_identification:_identify(src/Data/Occluded) by extensions ['cmake', 'python']
[0.950s] Level 1:colcon.colcon_core.package_identification:_identify(src/Data/Occluded) by extension 'cmake'
[0.950s] Level 1:colcon.colcon_core.package_identification:_identify(src/Data/Occluded) by extension 'python'
[0.951s] Level 1:colcon.colcon_core.package_identification:_identify(src/Data/Occluded) by extensions ['python_setup_py']
[0.951s] Level 1:colcon.colcon_core.package_identification:_identify(src/Data/Occluded) by extension 'python_setup_py'
[0.951s] Level 1:colcon.colcon_core.package_identification:_identify(src/Data/Open) by extensions ['ignore', 'ignore_ament_install']
[0.951s] Level 1:colcon.colcon_core.package_identification:_identify(src/Data/Open) by extension 'ignore'
[0.952s] Level 1:colcon.colcon_core.package_identification:_identify(src/Data/Open) by extension 'ignore_ament_install'
[0.952s] Level 1:colcon.colcon_core.package_identification:_identify(src/Data/Open) by extensions ['colcon_pkg']
[0.952s] Level 1:colcon.colcon_core.package_identification:_identify(src/Data/Open) by extension 'colcon_pkg'
[0.952s] Level 1:colcon.colcon_core.package_identification:_identify(src/Data/Open) by extensions ['colcon_meta']
[0.952s] Level 1:colcon.colcon_core.package_identification:_identify(src/Data/Open) by extension 'colcon_meta'
[0.952s] Level 1:colcon.colcon_core.package_identification:_identify(src/Data/Open) by extensions ['ros']
[0.952s] Level 1:colcon.colcon_core.package_identification:_identify(src/Data/Open) by extension 'ros'
[0.952s] Level 1:colcon.colcon_core.package_identification:_identify(src/Data/Open) by extensions ['cmake', 'python']
[0.952s] Level 1:colcon.colcon_core.package_identification:_identify(src/Data/Open) by extension 'cmake'
[0.952s] Level 1:colcon.colcon_core.package_identification:_identify(src/Data/Open) by extension 'python'
[0.952s] Level 1:colcon.colcon_core.package_identification:_identify(src/Data/Open) by extensions ['python_setup_py']
[0.952s] Level 1:colcon.colcon_core.package_identification:_identify(src/Data/Open) by extension 'python_setup_py'
[0.953s] Level 1:colcon.colcon_core.package_identification:_identify(src/Data/Walking) by extensions ['ignore', 'ignore_ament_install']
[0.953s] Level 1:colcon.colcon_core.package_identification:_identify(src/Data/Walking) by extension 'ignore'
[0.953s] Level 1:colcon.colcon_core.package_identification:_identify(src/Data/Walking) by extension 'ignore_ament_install'
[0.953s] Level 1:colcon.colcon_core.package_identification:_identify(src/Data/Walking) by extensions ['colcon_pkg']
[0.953s] Level 1:colcon.colcon_core.package_identification:_identify(src/Data/Walking) by extension 'colcon_pkg'
[0.953s] Level 1:colcon.colcon_core.package_identification:_identify(src/Data/Walking) by extensions ['colcon_meta']
[0.953s] Level 1:colcon.colcon_core.package_identification:_identify(src/Data/Walking) by extension 'colcon_meta'
[0.953s] Level 1:colcon.colcon_core.package_identification:_identify(src/Data/Walking) by extensions ['ros']
[0.953s] Level 1:colcon.colcon_core.package_identification:_identify(src/Data/Walking) by extension 'ros'
[0.953s] Level 1:colcon.colcon_core.package_identification:_identify(src/Data/Walking) by extensions ['cmake', 'python']
[0.953s] Level 1:colcon.colcon_core.package_identification:_identify(src/Data/Walking) by extension 'cmake'
[0.953s] Level 1:colcon.colcon_core.package_identification:_identify(src/Data/Walking) by extension 'python'
[0.953s] Level 1:colcon.colcon_core.package_identification:_identify(src/Data/Walking) by extensions ['python_setup_py']
[0.954s] Level 1:colcon.colcon_core.package_identification:_identify(src/Data/Walking) by extension 'python_setup_py'
[0.954s] Level 1:colcon.colcon_core.package_identification:_identify(src/gps_driver) by extensions ['ignore', 'ignore_ament_install']
[0.954s] Level 1:colcon.colcon_core.package_identification:_identify(src/gps_driver) by extension 'ignore'
[0.955s] Level 1:colcon.colcon_core.package_identification:_identify(src/gps_driver) by extension 'ignore_ament_install'
[0.955s] Level 1:colcon.colcon_core.package_identification:_identify(src/gps_driver) by extensions ['colcon_pkg']
[0.955s] Level 1:colcon.colcon_core.package_identification:_identify(src/gps_driver) by extension 'colcon_pkg'
[0.955s] Level 1:colcon.colcon_core.package_identification:_identify(src/gps_driver) by extensions ['colcon_meta']
[0.955s] Level 1:colcon.colcon_core.package_identification:_identify(src/gps_driver) by extension 'colcon_meta'
[0.955s] Level 1:colcon.colcon_core.package_identification:_identify(src/gps_driver) by extensions ['ros']
[0.955s] Level 1:colcon.colcon_core.package_identification:_identify(src/gps_driver) by extension 'ros'
[0.961s] DEBUG:colcon.colcon_core.package_identification:Package 'src/gps_driver' with type 'ros.ament_python' and name 'gps_driver'
[0.961s] Level 1:colcon.colcon_core.package_identification:_identify(src/gps_msg) by extensions ['ignore', 'ignore_ament_install']
[0.961s] Level 1:colcon.colcon_core.package_identification:_identify(src/gps_msg) by extension 'ignore'
[0.961s] Level 1:colcon.colcon_core.package_identification:_identify(src/gps_msg) by extension 'ignore_ament_install'
[0.962s] Level 1:colcon.colcon_core.package_identification:_identify(src/gps_msg) by extensions ['colcon_pkg']
[0.962s] Level 1:colcon.colcon_core.package_identification:_identify(src/gps_msg) by extension 'colcon_pkg'
[0.962s] Level 1:colcon.colcon_core.package_identification:_identify(src/gps_msg) by extensions ['colcon_meta']
[0.962s] Level 1:colcon.colcon_core.package_identification:_identify(src/gps_msg) by extension 'colcon_meta'
[0.962s] Level 1:colcon.colcon_core.package_identification:_identify(src/gps_msg) by extensions ['ros']
[0.962s] Level 1:colcon.colcon_core.package_identification:_identify(src/gps_msg) by extension 'ros'
[0.963s] DEBUG:colcon.colcon_core.package_identification:Package 'src/gps_msg' with type 'ros.ament_cmake' and name 'gps_msg'
[0.964s] Level 1:colcon.colcon_core.package_discovery:discover_packages(recursive) using defaults
[0.964s] Level 1:colcon.colcon_core.package_discovery:discover_packages(ignore) discover
[0.964s] Level 1:colcon.colcon_core.package_discovery:discover_packages(ignore) using defaults
[0.964s] Level 1:colcon.colcon_core.package_discovery:discover_packages(path) discover
[0.964s] Level 1:colcon.colcon_core.package_discovery:discover_packages(path) using defaults
[1.022s] Level 1:colcon.colcon_core.package_discovery:discover_packages(prefix_path) check parameters
[1.022s] Level 1:colcon.colcon_core.package_discovery:discover_packages(prefix_path) discover
[1.033s] DEBUG:colcon.colcon_installed_package_information.package_discovery:Found 323 installed packages in /opt/ros/humble
[1.035s] Level 1:colcon.colcon_core.package_discovery:discover_packages(prefix_path) using defaults
[1.094s] Level 5:colcon.colcon_core.verb:set package 'gps_msg' build argument 'cmake_args' from command line to 'None'
[1.094s] Level 5:colcon.colcon_core.verb:set package 'gps_msg' build argument 'cmake_target' from command line to 'None'
[1.094s] Level 5:colcon.colcon_core.verb:set package 'gps_msg' build argument 'cmake_target_skip_unavailable' from command line to 'False'
[1.094s] Level 5:colcon.colcon_core.verb:set package 'gps_msg' build argument 'cmake_clean_cache' from command line to 'False'
[1.094s] Level 5:colcon.colcon_core.verb:set package 'gps_msg' build argument 'cmake_clean_first' from command line to 'False'
[1.094s] Level 5:colcon.colcon_core.verb:set package 'gps_msg' build argument 'cmake_force_configure' from command line to 'False'
[1.094s] Level 5:colcon.colcon_core.verb:set package 'gps_msg' build argument 'ament_cmake_args' from command line to 'None'
[1.094s] Level 5:colcon.colcon_core.verb:set package 'gps_msg' build argument 'catkin_cmake_args' from command line to 'None'
[1.094s] Level 5:colcon.colcon_core.verb:set package 'gps_msg' build argument 'catkin_skip_building_tests' from command line to 'False'
[1.094s] DEBUG:colcon.colcon_core.verb:Building package 'gps_msg' with the following arguments: {'ament_cmake_args': None, 'build_base': '/home/bcesar/Documents/Git/EECE5554/LAB1/build/gps_msg', 'catkin_cmake_args': None, 'catkin_skip_building_tests': False, 'cmake_args': None, 'cmake_clean_cache': False, 'cmake_clean_first': False, 'cmake_force_configure': False, 'cmake_target': None, 'cmake_target_skip_unavailable': False, 'install_base': '/home/bcesar/Documents/Git/EECE5554/LAB1/install/gps_msg', 'merge_install': False, 'path': '/home/bcesar/Documents/Git/EECE5554/LAB1/src/gps_msg', 'symlink_install': False, 'test_result_base': None}
[1.095s] Level 5:colcon.colcon_core.verb:set package 'gps_driver' build argument 'cmake_args' from command line to 'None'
[1.095s] Level 5:colcon.colcon_core.verb:set package 'gps_driver' build argument 'cmake_target' from command line to 'None'
[1.095s] Level 5:colcon.colcon_core.verb:set package 'gps_driver' build argument 'cmake_target_skip_unavailable' from command line to 'False'
[1.095s] Level 5:colcon.colcon_core.verb:set package 'gps_driver' build argument 'cmake_clean_cache' from command line to 'False'
[1.095s] Level 5:colcon.colcon_core.verb:set package 'gps_driver' build argument 'cmake_clean_first' from command line to 'False'
[1.095s] Level 5:colcon.colcon_core.verb:set package 'gps_driver' build argument 'cmake_force_configure' from command line to 'False'
[1.095s] Level 5:colcon.colcon_core.verb:set package 'gps_driver' build argument 'ament_cmake_args' from command line to 'None'
[1.095s] Level 5:colcon.colcon_core.verb:set package 'gps_driver' build argument 'catkin_cmake_args' from command line to 'None'
[1.095s] Level 5:colcon.colcon_core.verb:set package 'gps_driver' build argument 'catkin_skip_building_tests' from command line to 'False'
[1.095s] DEBUG:colcon.colcon_core.verb:Building package 'gps_driver' with the following arguments: {'ament_cmake_args': None, 'build_base': '/home/bcesar/Documents/Git/EECE5554/LAB1/build/gps_driver', 'catkin_cmake_args': None, 'catkin_skip_building_tests': False, 'cmake_args': None, 'cmake_clean_cache': False, 'cmake_clean_first': False, 'cmake_force_configure': False, 'cmake_target': None, 'cmake_target_skip_unavailable': False, 'install_base': '/home/bcesar/Documents/Git/EECE5554/LAB1/install/gps_driver', 'merge_install': False, 'path': '/home/bcesar/Documents/Git/EECE5554/LAB1/src/gps_driver', 'symlink_install': False, 'test_result_base': None}
[1.095s] INFO:colcon.colcon_core.executor:Executing jobs using 'parallel' executor
[1.097s] DEBUG:colcon.colcon_parallel_executor.executor.parallel:run_until_complete
[1.097s] INFO:colcon.colcon_ros.task.ament_cmake.build:Building ROS package in '/home/bcesar/Documents/Git/EECE5554/LAB1/src/gps_msg' with build type 'ament_cmake'
[1.097s] INFO:colcon.colcon_cmake.task.cmake.build:Building CMake package in '/home/bcesar/Documents/Git/EECE5554/LAB1/src/gps_msg'
[1.105s] INFO:colcon.colcon_core.plugin_system:Skipping extension 'colcon_core.shell.bat': Not used on non-Windows systems
[1.105s] INFO:colcon.colcon_core.shell:Skip shell extension 'powershell' for command environment: Not usable outside of PowerShell
[1.105s] DEBUG:colcon.colcon_core.shell:Skip shell extension 'dsv' for command environment
[1.122s] DEBUG:colcon.colcon_core.event_handler.log_command:Invoking command in '/home/bcesar/Documents/Git/EECE5554/LAB1/build/gps_msg': CMAKE_PREFIX_PATH=/opt/ros/humble /usr/bin/cmake --build /home/bcesar/Documents/Git/EECE5554/LAB1/build/gps_msg -- -j2 -l2
[1.675s] DEBUG:colcon.colcon_core.event_handler.log_command:Invoked command in '/home/bcesar/Documents/Git/EECE5554/LAB1/build/gps_msg' returned '0': CMAKE_PREFIX_PATH=/opt/ros/humble /usr/bin/cmake --build /home/bcesar/Documents/Git/EECE5554/LAB1/build/gps_msg -- -j2 -l2
[1.694s] DEBUG:colcon.colcon_core.event_handler.log_command:Invoking command in '/home/bcesar/Documents/Git/EECE5554/LAB1/build/gps_msg': CMAKE_PREFIX_PATH=/opt/ros/humble /usr/bin/cmake --install /home/bcesar/Documents/Git/EECE5554/LAB1/build/gps_msg
[1.789s] Level 1:colcon.colcon_core.environment:create_environment_scripts_only(gps_msg)
[1.789s] DEBUG:colcon.colcon_core.event_handler.log_command:Invoked command in '/home/bcesar/Documents/Git/EECE5554/LAB1/build/gps_msg' returned '0': CMAKE_PREFIX_PATH=/opt/ros/humble /usr/bin/cmake --install /home/bcesar/Documents/Git/EECE5554/LAB1/build/gps_msg
[1.798s] Level 1:colcon.colcon_core.environment:checking '/home/bcesar/Documents/Git/EECE5554/LAB1/install/gps_msg' for CMake module files
[1.801s] Level 1:colcon.colcon_core.environment:checking '/home/bcesar/Documents/Git/EECE5554/LAB1/install/gps_msg' for CMake config files
[1.802s] Level 1:colcon.colcon_core.shell:create_environment_hook('gps_msg', 'cmake_prefix_path')
[1.802s] INFO:colcon.colcon_core.shell:Creating environment hook '/home/bcesar/Documents/Git/EECE5554/LAB1/install/gps_msg/share/gps_msg/hook/cmake_prefix_path.ps1'
[1.803s] INFO:colcon.colcon_core.shell:Creating environment descriptor '/home/bcesar/Documents/Git/EECE5554/LAB1/install/gps_msg/share/gps_msg/hook/cmake_prefix_path.dsv'
[1.804s] INFO:colcon.colcon_core.shell:Creating environment hook '/home/bcesar/Documents/Git/EECE5554/LAB1/install/gps_msg/share/gps_msg/hook/cmake_prefix_path.sh'
[1.806s] Level 1:colcon.colcon_core.environment:checking '/home/bcesar/Documents/Git/EECE5554/LAB1/install/gps_msg/lib'
[1.806s] Level 1:colcon.colcon_core.shell:create_environment_hook('gps_msg', 'ld_library_path_lib')
[1.807s] INFO:colcon.colcon_core.shell:Creating environment hook '/home/bcesar/Documents/Git/EECE5554/LAB1/install/gps_msg/share/gps_msg/hook/ld_library_path_lib.ps1'
[1.807s] INFO:colcon.colcon_core.shell:Creating environment descriptor '/home/bcesar/Documents/Git/EECE5554/LAB1/install/gps_msg/share/gps_msg/hook/ld_library_path_lib.dsv'
[1.808s] INFO:colcon.colcon_core.shell:Creating environment hook '/home/bcesar/Documents/Git/EECE5554/LAB1/install/gps_msg/share/gps_msg/hook/ld_library_path_lib.sh'
[1.809s] Level 1:colcon.colcon_core.environment:checking '/home/bcesar/Documents/Git/EECE5554/LAB1/install/gps_msg/bin'
[1.809s] Level 1:colcon.colcon_core.environment:checking '/home/bcesar/Documents/Git/EECE5554/LAB1/install/gps_msg/lib/pkgconfig/gps_msg.pc'
[1.809s] Level 1:colcon.colcon_core.environment:checking '/home/bcesar/Documents/Git/EECE5554/LAB1/install/gps_msg/lib/python3.10/site-packages'
[1.809s] Level 1:colcon.colcon_core.environment:checking '/home/bcesar/Documents/Git/EECE5554/LAB1/install/gps_msg/bin'
[1.810s] INFO:colcon.colcon_core.shell:Creating package script '/home/bcesar/Documents/Git/EECE5554/LAB1/install/gps_msg/share/gps_msg/package.ps1'
[1.811s] INFO:colcon.colcon_core.shell:Creating package descriptor '/home/bcesar/Documents/Git/EECE5554/LAB1/install/gps_msg/share/gps_msg/package.dsv'
[1.813s] INFO:colcon.colcon_core.shell:Creating package script '/home/bcesar/Documents/Git/EECE5554/LAB1/install/gps_msg/share/gps_msg/package.sh'
[1.814s] INFO:colcon.colcon_core.shell:Creating package script '/home/bcesar/Documents/Git/EECE5554/LAB1/install/gps_msg/share/gps_msg/package.bash'
[1.816s] INFO:colcon.colcon_core.shell:Creating package script '/home/bcesar/Documents/Git/EECE5554/LAB1/install/gps_msg/share/gps_msg/package.zsh'
[1.817s] Level 1:colcon.colcon_core.environment:create_file_with_runtime_dependencies(/home/bcesar/Documents/Git/EECE5554/LAB1/install/gps_msg/share/colcon-core/packages/gps_msg)
[1.818s] Level 1:colcon.colcon_core.environment:create_environment_scripts_only(gps_msg)
[1.818s] Level 1:colcon.colcon_core.environment:checking '/home/bcesar/Documents/Git/EECE5554/LAB1/install/gps_msg' for CMake module files
[1.819s] Level 1:colcon.colcon_core.environment:checking '/home/bcesar/Documents/Git/EECE5554/LAB1/install/gps_msg' for CMake config files
[1.819s] Level 1:colcon.colcon_core.shell:create_environment_hook('gps_msg', 'cmake_prefix_path')
[1.820s] INFO:colcon.colcon_core.shell:Creating environment hook '/home/bcesar/Documents/Git/EECE5554/LAB1/install/gps_msg/share/gps_msg/hook/cmake_prefix_path.ps1'
[1.820s] INFO:colcon.colcon_core.shell:Creating environment descriptor '/home/bcesar/Documents/Git/EECE5554/LAB1/install/gps_msg/share/gps_msg/hook/cmake_prefix_path.dsv'
[1.821s] INFO:colcon.colcon_core.shell:Creating environment hook '/home/bcesar/Documents/Git/EECE5554/LAB1/install/gps_msg/share/gps_msg/hook/cmake_prefix_path.sh'
[1.821s] Level 1:colcon.colcon_core.environment:checking '/home/bcesar/Documents/Git/EECE5554/LAB1/install/gps_msg/lib'
[1.821s] Level 1:colcon.colcon_core.shell:create_environment_hook('gps_msg', 'ld_library_path_lib')
[1.822s] INFO:colcon.colcon_core.shell:Creating environment hook '/home/bcesar/Documents/Git/EECE5554/LAB1/install/gps_msg/share/gps_msg/hook/ld_library_path_lib.ps1'
[1.822s] INFO:colcon.colcon_core.shell:Creating environment descriptor '/home/bcesar/Documents/Git/EECE5554/LAB1/install/gps_msg/share/gps_msg/hook/ld_library_path_lib.dsv'
[1.823s] INFO:colcon.colcon_core.shell:Creating environment hook '/home/bcesar/Documents/Git/EECE5554/LAB1/install/gps_msg/share/gps_msg/hook/ld_library_path_lib.sh'
[1.823s] Level 1:colcon.colcon_core.environment:checking '/home/bcesar/Documents/Git/EECE5554/LAB1/install/gps_msg/bin'
[1.823s] Level 1:colcon.colcon_core.environment:checking '/home/bcesar/Documents/Git/EECE5554/LAB1/install/gps_msg/lib/pkgconfig/gps_msg.pc'
[1.824s] Level 1:colcon.colcon_core.environment:checking '/home/bcesar/Documents/Git/EECE5554/LAB1/install/gps_msg/lib/python3.10/site-packages'
[1.824s] Level 1:colcon.colcon_core.environment:checking '/home/bcesar/Documents/Git/EECE5554/LAB1/install/gps_msg/bin'
[1.824s] INFO:colcon.colcon_core.shell:Creating package script '/home/bcesar/Documents/Git/EECE5554/LAB1/install/gps_msg/share/gps_msg/package.ps1'
[1.825s] INFO:colcon.colcon_core.shell:Creating package descriptor '/home/bcesar/Documents/Git/EECE5554/LAB1/install/gps_msg/share/gps_msg/package.dsv'
[1.826s] INFO:colcon.colcon_core.shell:Creating package script '/home/bcesar/Documents/Git/EECE5554/LAB1/install/gps_msg/share/gps_msg/package.sh'
[1.826s] INFO:colcon.colcon_core.shell:Creating package script '/home/bcesar/Documents/Git/EECE5554/LAB1/install/gps_msg/share/gps_msg/package.bash'
[1.827s] INFO:colcon.colcon_core.shell:Creating package script '/home/bcesar/Documents/Git/EECE5554/LAB1/install/gps_msg/share/gps_msg/package.zsh'
[1.828s] Level 1:colcon.colcon_core.environment:create_file_with_runtime_dependencies(/home/bcesar/Documents/Git/EECE5554/LAB1/install/gps_msg/share/colcon-core/packages/gps_msg)
[1.828s] INFO:colcon.colcon_ros.task.ament_python.build:Building ROS package in '/home/bcesar/Documents/Git/EECE5554/LAB1/src/gps_driver' with build type 'ament_python'
[1.828s] Level 1:colcon.colcon_core.shell:create_environment_hook('gps_driver', 'ament_prefix_path')
[1.829s] INFO:colcon.colcon_core.shell:Creating environment hook '/home/bcesar/Documents/Git/EECE5554/LAB1/install/gps_driver/share/gps_driver/hook/ament_prefix_path.ps1'
[1.830s] INFO:colcon.colcon_core.shell:Creating environment descriptor '/home/bcesar/Documents/Git/EECE5554/LAB1/install/gps_driver/share/gps_driver/hook/ament_prefix_path.dsv'
[1.831s] INFO:colcon.colcon_core.shell:Creating environment hook '/home/bcesar/Documents/Git/EECE5554/LAB1/install/gps_driver/share/gps_driver/hook/ament_prefix_path.sh'
[1.832s] INFO:colcon.colcon_core.shell:Skip shell extension 'powershell' for command environment: Not usable outside of PowerShell
[1.832s] DEBUG:colcon.colcon_core.shell:Skip shell extension 'dsv' for command environment
[2.136s] INFO:colcon.colcon_core.task.python.build:Building Python package in '/home/bcesar/Documents/Git/EECE5554/LAB1/src/gps_driver'
[2.136s] INFO:colcon.colcon_core.shell:Skip shell extension 'powershell' for command environment: Not usable outside of PowerShell
[2.136s] DEBUG:colcon.colcon_core.shell:Skip shell extension 'dsv' for command environment
[2.893s] DEBUG:colcon.colcon_core.event_handler.log_command:Invoking command in '/home/bcesar/Documents/Git/EECE5554/LAB1/src/gps_driver': AMENT_PREFIX_PATH=/home/bcesar/Documents/Git/EECE5554/LAB1/install/gps_msg:${AMENT_PREFIX_PATH} CMAKE_PREFIX_PATH=/home/bcesar/Documents/Git/EECE5554/LAB1/install/gps_msg LD_LIBRARY_PATH=/home/bcesar/Documents/Git/EECE5554/LAB1/install/gps_msg/lib:${LD_LIBRARY_PATH} PYTHONPATH=/home/bcesar/Documents/Git/EECE5554/LAB1/build/gps_driver/prefix_override:/usr/lib/python3/dist-packages/colcon_core/task/python/colcon_distutils_commands:/home/bcesar/Documents/Git/EECE5554/LAB1/install/gps_driver/lib/python3.10/site-packages:/home/bcesar/Documents/Git/EECE5554/LAB1/install/gps_msg/local/lib/python3.10/dist-packages:${PYTHONPATH} /usr/bin/python3 -W ignore:setup.py install is deprecated -W ignore:easy_install command is deprecated setup.py egg_info --egg-base ../../build/gps_driver build --build-base /home/bcesar/Documents/Git/EECE5554/LAB1/build/gps_driver/build install --record /home/bcesar/Documents/Git/EECE5554/LAB1/build/gps_driver/install.log --single-version-externally-managed install_data
[3.236s] Level 1:colcon.colcon_core.environment:checking '/home/bcesar/Documents/Git/EECE5554/LAB1/install/gps_driver' for CMake module files
[3.237s] DEBUG:colcon.colcon_core.event_handler.log_command:Invoked command in '/home/bcesar/Documents/Git/EECE5554/LAB1/src/gps_driver' returned '0': AMENT_PREFIX_PATH=/home/bcesar/Documents/Git/EECE5554/LAB1/install/gps_msg:${AMENT_PREFIX_PATH} CMAKE_PREFIX_PATH=/home/bcesar/Documents/Git/EECE5554/LAB1/install/gps_msg LD_LIBRARY_PATH=/home/bcesar/Documents/Git/EECE5554/LAB1/install/gps_msg/lib:${LD_LIBRARY_PATH} PYTHONPATH=/home/bcesar/Documents/Git/EECE5554/LAB1/build/gps_driver/prefix_override:/usr/lib/python3/dist-packages/colcon_core/task/python/colcon_distutils_commands:/home/bcesar/Documents/Git/EECE5554/LAB1/install/gps_driver/lib/python3.10/site-packages:/home/bcesar/Documents/Git/EECE5554/LAB1/install/gps_msg/local/lib/python3.10/dist-packages:${PYTHONPATH} /usr/bin/python3 -W ignore:setup.py install is deprecated -W ignore:easy_install command is deprecated setup.py egg_info --egg-base ../../build/gps_driver build --build-base /home/bcesar/Documents/Git/EECE5554/LAB1/build/gps_driver/build install --record /home/bcesar/Documents/Git/EECE5554/LAB1/build/gps_driver/install.log --single-version-externally-managed install_data
[3.240s] Level 1:colcon.colcon_core.environment:checking '/home/bcesar/Documents/Git/EECE5554/LAB1/install/gps_driver' for CMake config files
[3.247s] Level 1:colcon.colcon_core.environment:checking '/home/bcesar/Documents/Git/EECE5554/LAB1/install/gps_driver/lib'
[3.247s] Level 1:colcon.colcon_core.environment:checking '/home/bcesar/Documents/Git/EECE5554/LAB1/install/gps_driver/bin'
[3.247s] Level 1:colcon.colcon_core.environment:checking '/home/bcesar/Documents/Git/EECE5554/LAB1/install/gps_driver/lib/pkgconfig/gps_driver.pc'
[3.248s] Level 1:colcon.colcon_core.environment:checking '/home/bcesar/Documents/Git/EECE5554/LAB1/install/gps_driver/lib/python3.10/site-packages'
[3.248s] Level 1:colcon.colcon_core.shell:create_environment_hook('gps_driver', 'pythonpath')
[3.248s] INFO:colcon.colcon_core.shell:Creating environment hook '/home/bcesar/Documents/Git/EECE5554/LAB1/install/gps_driver/share/gps_driver/hook/pythonpath.ps1'
[3.249s] INFO:colcon.colcon_core.shell:Creating environment descriptor '/home/bcesar/Documents/Git/EECE5554/LAB1/install/gps_driver/share/gps_driver/hook/pythonpath.dsv'
[3.250s] INFO:colcon.colcon_core.shell:Creating environment hook '/home/bcesar/Documents/Git/EECE5554/LAB1/install/gps_driver/share/gps_driver/hook/pythonpath.sh'
[3.252s] Level 1:colcon.colcon_core.environment:checking '/home/bcesar/Documents/Git/EECE5554/LAB1/install/gps_driver/bin'
[3.252s] Level 1:colcon.colcon_core.environment:create_environment_scripts_only(gps_driver)
[3.253s] INFO:colcon.colcon_core.shell:Creating package script '/home/bcesar/Documents/Git/EECE5554/LAB1/install/gps_driver/share/gps_driver/package.ps1'
[3.254s] INFO:colcon.colcon_core.shell:Creating package descriptor '/home/bcesar/Documents/Git/EECE5554/LAB1/install/gps_driver/share/gps_driver/package.dsv'
[3.255s] INFO:colcon.colcon_core.shell:Creating package script '/home/bcesar/Documents/Git/EECE5554/LAB1/install/gps_driver/share/gps_driver/package.sh'
[3.256s] INFO:colcon.colcon_core.shell:Creating package script '/home/bcesar/Documents/Git/EECE5554/LAB1/install/gps_driver/share/gps_driver/package.bash'
[3.257s] INFO:colcon.colcon_core.shell:Creating package script '/home/bcesar/Documents/Git/EECE5554/LAB1/install/gps_driver/share/gps_driver/package.zsh'
[3.258s] Level 1:colcon.colcon_core.environment:create_file_with_runtime_dependencies(/home/bcesar/Documents/Git/EECE5554/LAB1/install/gps_driver/share/colcon-core/packages/gps_driver)
[3.259s] DEBUG:colcon.colcon_parallel_executor.executor.parallel:closing loop
[3.259s] DEBUG:colcon.colcon_parallel_executor.executor.parallel:loop closed
[3.259s] DEBUG:colcon.colcon_parallel_executor.executor.parallel:run_until_complete finished with '0'
[3.260s] DEBUG:colcon.colcon_core.event_reactor:joining thread
[3.278s] INFO:colcon.colcon_core.plugin_system:Skipping extension 'colcon_notification.desktop_notification.terminal_notifier': Not used on non-Darwin systems
[3.279s] INFO:colcon.colcon_core.plugin_system:Skipping extension 'colcon_notification.desktop_notification.win32': Not used on non-Windows systems
[3.279s] INFO:colcon.colcon_notification.desktop_notification:Sending desktop notification using 'notify2'
[3.310s] DEBUG:colcon.colcon_core.event_reactor:joined thread
[3.310s] INFO:colcon.colcon_core.shell:Creating prefix script '/home/bcesar/Documents/Git/EECE5554/LAB1/install/local_setup.ps1'
[3.314s] INFO:colcon.colcon_core.shell:Creating prefix util module '/home/bcesar/Documents/Git/EECE5554/LAB1/install/_local_setup_util_ps1.py'
[3.317s] INFO:colcon.colcon_core.shell:Creating prefix chain script '/home/bcesar/Documents/Git/EECE5554/LAB1/install/setup.ps1'
[3.320s] INFO:colcon.colcon_core.shell:Creating prefix script '/home/bcesar/Documents/Git/EECE5554/LAB1/install/local_setup.sh'
[3.323s] INFO:colcon.colcon_core.shell:Creating prefix util module '/home/bcesar/Documents/Git/EECE5554/LAB1/install/_local_setup_util_sh.py'
[3.324s] INFO:colcon.colcon_core.shell:Creating prefix chain script '/home/bcesar/Documents/Git/EECE5554/LAB1/install/setup.sh'
[3.327s] INFO:colcon.colcon_core.shell:Creating prefix script '/home/bcesar/Documents/Git/EECE5554/LAB1/install/local_setup.bash'
[3.328s] INFO:colcon.colcon_core.shell:Creating prefix chain script '/home/bcesar/Documents/Git/EECE5554/LAB1/install/setup.bash'
[3.331s] INFO:colcon.colcon_core.shell:Creating prefix script '/home/bcesar/Documents/Git/EECE5554/LAB1/install/local_setup.zsh'
[3.332s] INFO:colcon.colcon_core.shell:Creating prefix chain script '/home/bcesar/Documents/Git/EECE5554/LAB1/install/setup.zsh'
